{
  "/Users/ramsydevos@saxum.nl/sources/opdrachten/vng/developer.overheid.nl/ui/src/theme/index.js": {
    "path": "/Users/ramsydevos@saxum.nl/sources/opdrachten/vng/developer.overheid.nl/ui/src/theme/index.js",
    "statementMap": {
      "0": {
        "start": {
          "line": 6,
          "column": 15
        },
        "end": {
          "line": 9,
          "column": 1
        }
      },
      "1": {
        "start": {
          "line": 11,
          "column": 16
        },
        "end": {
          "line": 16,
          "column": 1
        }
      },
      "2": {
        "start": {
          "line": 18,
          "column": 27
        },
        "end": {
          "line": 18,
          "column": 51
        }
      },
      "3": {
        "start": {
          "line": 20,
          "column": 15
        },
        "end": {
          "line": 28,
          "column": 1
        }
      },
      "4": {
        "start": {
          "line": 30,
          "column": 14
        },
        "end": {
          "line": 33,
          "column": 1
        }
      },
      "5": {
        "start": {
          "line": 36,
          "column": 0
        },
        "end": {
          "line": 36,
          "column": 76
        }
      },
      "6": {
        "start": {
          "line": 37,
          "column": 0
        },
        "end": {
          "line": 37,
          "column": 55
        }
      },
      "7": {
        "start": {
          "line": 38,
          "column": 0
        },
        "end": {
          "line": 38,
          "column": 68
        }
      },
      "8": {
        "start": {
          "line": 39,
          "column": 0
        },
        "end": {
          "line": 39,
          "column": 42
        }
      },
      "9": {
        "start": {
          "line": 40,
          "column": 0
        },
        "end": {
          "line": 40,
          "column": 54
        }
      },
      "10": {
        "start": {
          "line": 42,
          "column": 0
        },
        "end": {
          "line": 42,
          "column": 36
        }
      },
      "11": {
        "start": {
          "line": 43,
          "column": 0
        },
        "end": {
          "line": 43,
          "column": 37
        }
      },
      "12": {
        "start": {
          "line": 46,
          "column": 0
        },
        "end": {
          "line": 46,
          "column": 32
        }
      },
      "13": {
        "start": {
          "line": 47,
          "column": 0
        },
        "end": {
          "line": 47,
          "column": 35
        }
      },
      "14": {
        "start": {
          "line": 50,
          "column": 0
        },
        "end": {
          "line": 50,
          "column": 51
        }
      },
      "15": {
        "start": {
          "line": 53,
          "column": 0
        },
        "end": {
          "line": 55,
          "column": 25
        }
      },
      "16": {
        "start": {
          "line": 55,
          "column": 15
        },
        "end": {
          "line": 55,
          "column": 24
        }
      }
    },
    "fnMap": {
      "0": {
        "name": "(anonymous_0)",
        "decl": {
          "start": {
            "line": 55,
            "column": 7
          },
          "end": {
            "line": 55,
            "column": 8
          }
        },
        "loc": {
          "start": {
            "line": 55,
            "column": 15
          },
          "end": {
            "line": 55,
            "column": 24
          }
        },
        "line": 55
      }
    },
    "branchMap": {},
    "s": {
      "0": 42,
      "1": 42,
      "2": 42,
      "3": 42,
      "4": 42,
      "5": 42,
      "6": 42,
      "7": 42,
      "8": 42,
      "9": 42,
      "10": 42,
      "11": 42,
      "12": 42,
      "13": 42,
      "14": 42,
      "15": 42,
      "16": 126
    },
    "f": {
      "0": 126
    },
    "b": {},
    "_coverageSchema": "1a1c01bbd47fc00a2c39e90264f33305004495a9",
    "hash": "e162eb1a02e71ad38ae29a613e4161daf3957ac3"
  },
  "/Users/ramsydevos@saxum.nl/sources/opdrachten/vng/developer.overheid.nl/ui/src/theme/mediaQueries.js": {
    "path": "/Users/ramsydevos@saxum.nl/sources/opdrachten/vng/developer.overheid.nl/ui/src/theme/mediaQueries.js",
    "statementMap": {
      "0": {
        "start": {
          "line": 8,
          "column": 13
        },
        "end": {
          "line": 8,
          "column": 37
        }
      },
      "1": {
        "start": {
          "line": 9,
          "column": 13
        },
        "end": {
          "line": 9,
          "column": 14
        }
      },
      "2": {
        "start": {
          "line": 20,
          "column": 18
        },
        "end": {
          "line": 20,
          "column": 70
        }
      },
      "3": {
        "start": {
          "line": 20,
          "column": 27
        },
        "end": {
          "line": 20,
          "column": 70
        }
      },
      "4": {
        "start": {
          "line": 28,
          "column": 20
        },
        "end": {
          "line": 35,
          "column": 1
        }
      },
      "5": {
        "start": {
          "line": 29,
          "column": 18
        },
        "end": {
          "line": 29,
          "column": 45
        }
      },
      "6": {
        "start": {
          "line": 32,
          "column": 2
        },
        "end": {
          "line": 32,
          "column": 34
        }
      },
      "7": {
        "start": {
          "line": 32,
          "column": 16
        },
        "end": {
          "line": 32,
          "column": 34
        }
      },
      "8": {
        "start": {
          "line": 34,
          "column": 2
        },
        "end": {
          "line": 34,
          "column": 69
        }
      },
      "9": {
        "start": {
          "line": 43,
          "column": 20
        },
        "end": {
          "line": 53,
          "column": 1
        }
      },
      "10": {
        "start": {
          "line": 44,
          "column": 18
        },
        "end": {
          "line": 44,
          "column": 45
        }
      },
      "11": {
        "start": {
          "line": 47,
          "column": 2
        },
        "end": {
          "line": 47,
          "column": 30
        }
      },
      "12": {
        "start": {
          "line": 47,
          "column": 16
        },
        "end": {
          "line": 47,
          "column": 30
        }
      },
      "13": {
        "start": {
          "line": 49,
          "column": 2
        },
        "end": {
          "line": 52,
          "column": 3
        }
      },
      "14": {
        "start": {
          "line": 61,
          "column": 21
        },
        "end": {
          "line": 65,
          "column": 1
        }
      },
      "15": {
        "start": {
          "line": 61,
          "column": 38
        },
        "end": {
          "line": 65,
          "column": 1
        }
      },
      "16": {
        "start": {
          "line": 67,
          "column": 21
        },
        "end": {
          "line": 67,
          "column": 23
        }
      },
      "17": {
        "start": {
          "line": 69,
          "column": 0
        },
        "end": {
          "line": 83,
          "column": 1
        }
      },
      "18": {
        "start": {
          "line": 69,
          "column": 13
        },
        "end": {
          "line": 69,
          "column": 14
        }
      },
      "19": {
        "start": {
          "line": 69,
          "column": 20
        },
        "end": {
          "line": 69,
          "column": 31
        }
      },
      "20": {
        "start": {
          "line": 70,
          "column": 16
        },
        "end": {
          "line": 70,
          "column": 23
        }
      },
      "21": {
        "start": {
          "line": 73,
          "column": 21
        },
        "end": {
          "line": 73,
          "column": 39
        }
      },
      "22": {
        "start": {
          "line": 74,
          "column": 2
        },
        "end": {
          "line": 76,
          "column": 3
        }
      },
      "23": {
        "start": {
          "line": 75,
          "column": 4
        },
        "end": {
          "line": 75,
          "column": 51
        }
      },
      "24": {
        "start": {
          "line": 80,
          "column": 2
        },
        "end": {
          "line": 80,
          "column": 77
        }
      },
      "25": {
        "start": {
          "line": 80,
          "column": 46
        },
        "end": {
          "line": 80,
          "column": 77
        }
      },
      "26": {
        "start": {
          "line": 81,
          "column": 2
        },
        "end": {
          "line": 81,
          "column": 73
        }
      },
      "27": {
        "start": {
          "line": 81,
          "column": 42
        },
        "end": {
          "line": 81,
          "column": 73
        }
      },
      "28": {
        "start": {
          "line": 82,
          "column": 2
        },
        "end": {
          "line": 82,
          "column": 73
        }
      },
      "29": {
        "start": {
          "line": 82,
          "column": 44
        },
        "end": {
          "line": 82,
          "column": 73
        }
      }
    },
    "fnMap": {
      "0": {
        "name": "(anonymous_0)",
        "decl": {
          "start": {
            "line": 20,
            "column": 18
          },
          "end": {
            "line": 20,
            "column": 19
          }
        },
        "loc": {
          "start": {
            "line": 20,
            "column": 27
          },
          "end": {
            "line": 20,
            "column": 70
          }
        },
        "line": 20
      },
      "1": {
        "name": "(anonymous_1)",
        "decl": {
          "start": {
            "line": 28,
            "column": 20
          },
          "end": {
            "line": 28,
            "column": 21
          }
        },
        "loc": {
          "start": {
            "line": 28,
            "column": 29
          },
          "end": {
            "line": 35,
            "column": 1
          }
        },
        "line": 28
      },
      "2": {
        "name": "(anonymous_2)",
        "decl": {
          "start": {
            "line": 43,
            "column": 20
          },
          "end": {
            "line": 43,
            "column": 21
          }
        },
        "loc": {
          "start": {
            "line": 43,
            "column": 29
          },
          "end": {
            "line": 53,
            "column": 1
          }
        },
        "line": 43
      },
      "3": {
        "name": "(anonymous_3)",
        "decl": {
          "start": {
            "line": 61,
            "column": 21
          },
          "end": {
            "line": 61,
            "column": 22
          }
        },
        "loc": {
          "start": {
            "line": 61,
            "column": 38
          },
          "end": {
            "line": 65,
            "column": 1
          }
        },
        "line": 61
      },
      "4": {
        "name": "(anonymous_4)",
        "decl": {
          "start": {
            "line": 80,
            "column": 33
          },
          "end": {
            "line": 80,
            "column": 34
          }
        },
        "loc": {
          "start": {
            "line": 80,
            "column": 46
          },
          "end": {
            "line": 80,
            "column": 77
          }
        },
        "line": 80
      },
      "5": {
        "name": "(anonymous_5)",
        "decl": {
          "start": {
            "line": 81,
            "column": 29
          },
          "end": {
            "line": 81,
            "column": 30
          }
        },
        "loc": {
          "start": {
            "line": 81,
            "column": 42
          },
          "end": {
            "line": 81,
            "column": 73
          }
        },
        "line": 81
      },
      "6": {
        "name": "(anonymous_6)",
        "decl": {
          "start": {
            "line": 82,
            "column": 31
          },
          "end": {
            "line": 82,
            "column": 32
          }
        },
        "loc": {
          "start": {
            "line": 82,
            "column": 44
          },
          "end": {
            "line": 82,
            "column": 73
          }
        },
        "line": 82
      }
    },
    "branchMap": {
      "0": {
        "loc": {
          "start": {
            "line": 32,
            "column": 2
          },
          "end": {
            "line": 32,
            "column": 34
          }
        },
        "type": "if",
        "locations": [
          {
            "start": {
              "line": 32,
              "column": 2
            },
            "end": {
              "line": 32,
              "column": 34
            }
          },
          {
            "start": {
              "line": 32,
              "column": 2
            },
            "end": {
              "line": 32,
              "column": 34
            }
          }
        ],
        "line": 32
      },
      "1": {
        "loc": {
          "start": {
            "line": 47,
            "column": 2
          },
          "end": {
            "line": 47,
            "column": 30
          }
        },
        "type": "if",
        "locations": [
          {
            "start": {
              "line": 47,
              "column": 2
            },
            "end": {
              "line": 47,
              "column": 30
            }
          },
          {
            "start": {
              "line": 47,
              "column": 2
            },
            "end": {
              "line": 47,
              "column": 30
            }
          }
        ],
        "line": 47
      },
      "2": {
        "loc": {
          "start": {
            "line": 74,
            "column": 2
          },
          "end": {
            "line": 76,
            "column": 3
          }
        },
        "type": "if",
        "locations": [
          {
            "start": {
              "line": 74,
              "column": 2
            },
            "end": {
              "line": 76,
              "column": 3
            }
          },
          {
            "start": {
              "line": 74,
              "column": 2
            },
            "end": {
              "line": 76,
              "column": 3
            }
          }
        ],
        "line": 74
      }
    },
    "s": {
      "0": 42,
      "1": 42,
      "2": 42,
      "3": 1428,
      "4": 42,
      "5": 1134,
      "6": 1134,
      "7": 0,
      "8": 1134,
      "9": 42,
      "10": 882,
      "11": 882,
      "12": 0,
      "13": 882,
      "14": 42,
      "15": 3444,
      "16": 42,
      "17": 42,
      "18": 42,
      "19": 42,
      "20": 168,
      "21": 168,
      "22": 168,
      "23": 0,
      "24": 168,
      "25": 1134,
      "26": 168,
      "27": 882,
      "28": 168,
      "29": 1428
    },
    "f": {
      "0": 1428,
      "1": 1134,
      "2": 882,
      "3": 3444,
      "4": 1134,
      "5": 882,
      "6": 1428
    },
    "b": {
      "0": [
        0,
        1134
      ],
      "1": [
        0,
        882
      ],
      "2": [
        0,
        168
      ]
    },
    "_coverageSchema": "1a1c01bbd47fc00a2c39e90264f33305004495a9",
    "hash": "c09c4d57e39370b85495c206d7a83dd78fd8e3cc"
  },
  "/Users/ramsydevos@saxum.nl/sources/opdrachten/vng/developer.overheid.nl/ui/src/components/Headings/Headings.js": {
    "path": "/Users/ramsydevos@saxum.nl/sources/opdrachten/vng/developer.overheid.nl/ui/src/components/Headings/Headings.js",
    "statementMap": {
      "0": {
        "start": {
          "line": 8,
          "column": 18
        },
        "end": {
          "line": 18,
          "column": 1
        }
      },
      "1": {
        "start": {
          "line": 9,
          "column": 19
        },
        "end": {
          "line": 9,
          "column": 78
        }
      },
      "2": {
        "start": {
          "line": 10,
          "column": 24
        },
        "end": {
          "line": 10,
          "column": 56
        }
      },
      "3": {
        "start": {
          "line": 11,
          "column": 22
        },
        "end": {
          "line": 11,
          "column": 51
        }
      },
      "4": {
        "start": {
          "line": 12,
          "column": 24
        },
        "end": {
          "line": 12,
          "column": 53
        }
      },
      "5": {
        "start": {
          "line": 13,
          "column": 18
        },
        "end": {
          "line": 13,
          "column": 35
        }
      },
      "6": {
        "start": {
          "line": 16,
          "column": 24
        },
        "end": {
          "line": 16,
          "column": 54
        }
      },
      "7": {
        "start": {
          "line": 20,
          "column": 18
        },
        "end": {
          "line": 31,
          "column": 1
        }
      },
      "8": {
        "start": {
          "line": 21,
          "column": 19
        },
        "end": {
          "line": 21,
          "column": 43
        }
      },
      "9": {
        "start": {
          "line": 22,
          "column": 24
        },
        "end": {
          "line": 22,
          "column": 56
        }
      },
      "10": {
        "start": {
          "line": 23,
          "column": 22
        },
        "end": {
          "line": 23,
          "column": 51
        }
      },
      "11": {
        "start": {
          "line": 24,
          "column": 24
        },
        "end": {
          "line": 24,
          "column": 56
        }
      },
      "12": {
        "start": {
          "line": 25,
          "column": 18
        },
        "end": {
          "line": 25,
          "column": 35
        }
      },
      "13": {
        "start": {
          "line": 29,
          "column": 6
        },
        "end": {
          "line": 29,
          "column": 65
        }
      },
      "14": {
        "start": {
          "line": 33,
          "column": 18
        },
        "end": {
          "line": 35,
          "column": 1
        }
      },
      "15": {
        "start": {
          "line": 34,
          "column": 22
        },
        "end": {
          "line": 34,
          "column": 51
        }
      }
    },
    "fnMap": {
      "0": {
        "name": "(anonymous_0)",
        "decl": {
          "start": {
            "line": 9,
            "column": 12
          },
          "end": {
            "line": 9,
            "column": 13
          }
        },
        "loc": {
          "start": {
            "line": 9,
            "column": 19
          },
          "end": {
            "line": 9,
            "column": 78
          }
        },
        "line": 9
      },
      "1": {
        "name": "(anonymous_1)",
        "decl": {
          "start": {
            "line": 10,
            "column": 17
          },
          "end": {
            "line": 10,
            "column": 18
          }
        },
        "loc": {
          "start": {
            "line": 10,
            "column": 24
          },
          "end": {
            "line": 10,
            "column": 56
          }
        },
        "line": 10
      },
      "2": {
        "name": "(anonymous_2)",
        "decl": {
          "start": {
            "line": 11,
            "column": 15
          },
          "end": {
            "line": 11,
            "column": 16
          }
        },
        "loc": {
          "start": {
            "line": 11,
            "column": 22
          },
          "end": {
            "line": 11,
            "column": 51
          }
        },
        "line": 11
      },
      "3": {
        "name": "(anonymous_3)",
        "decl": {
          "start": {
            "line": 12,
            "column": 17
          },
          "end": {
            "line": 12,
            "column": 18
          }
        },
        "loc": {
          "start": {
            "line": 12,
            "column": 24
          },
          "end": {
            "line": 12,
            "column": 53
          }
        },
        "line": 12
      },
      "4": {
        "name": "(anonymous_4)",
        "decl": {
          "start": {
            "line": 13,
            "column": 11
          },
          "end": {
            "line": 13,
            "column": 12
          }
        },
        "loc": {
          "start": {
            "line": 13,
            "column": 18
          },
          "end": {
            "line": 13,
            "column": 35
          }
        },
        "line": 13
      },
      "5": {
        "name": "(anonymous_5)",
        "decl": {
          "start": {
            "line": 16,
            "column": 17
          },
          "end": {
            "line": 16,
            "column": 18
          }
        },
        "loc": {
          "start": {
            "line": 16,
            "column": 24
          },
          "end": {
            "line": 16,
            "column": 54
          }
        },
        "line": 16
      },
      "6": {
        "name": "(anonymous_6)",
        "decl": {
          "start": {
            "line": 21,
            "column": 12
          },
          "end": {
            "line": 21,
            "column": 13
          }
        },
        "loc": {
          "start": {
            "line": 21,
            "column": 19
          },
          "end": {
            "line": 21,
            "column": 43
          }
        },
        "line": 21
      },
      "7": {
        "name": "(anonymous_7)",
        "decl": {
          "start": {
            "line": 22,
            "column": 17
          },
          "end": {
            "line": 22,
            "column": 18
          }
        },
        "loc": {
          "start": {
            "line": 22,
            "column": 24
          },
          "end": {
            "line": 22,
            "column": 56
          }
        },
        "line": 22
      },
      "8": {
        "name": "(anonymous_8)",
        "decl": {
          "start": {
            "line": 23,
            "column": 15
          },
          "end": {
            "line": 23,
            "column": 16
          }
        },
        "loc": {
          "start": {
            "line": 23,
            "column": 22
          },
          "end": {
            "line": 23,
            "column": 51
          }
        },
        "line": 23
      },
      "9": {
        "name": "(anonymous_9)",
        "decl": {
          "start": {
            "line": 24,
            "column": 17
          },
          "end": {
            "line": 24,
            "column": 18
          }
        },
        "loc": {
          "start": {
            "line": 24,
            "column": 24
          },
          "end": {
            "line": 24,
            "column": 56
          }
        },
        "line": 24
      },
      "10": {
        "name": "(anonymous_10)",
        "decl": {
          "start": {
            "line": 25,
            "column": 11
          },
          "end": {
            "line": 25,
            "column": 12
          }
        },
        "loc": {
          "start": {
            "line": 25,
            "column": 18
          },
          "end": {
            "line": 25,
            "column": 35
          }
        },
        "line": 25
      },
      "11": {
        "name": "(anonymous_11)",
        "decl": {
          "start": {
            "line": 28,
            "column": 14
          },
          "end": {
            "line": 28,
            "column": 15
          }
        },
        "loc": {
          "start": {
            "line": 29,
            "column": 6
          },
          "end": {
            "line": 29,
            "column": 65
          }
        },
        "line": 29
      },
      "12": {
        "name": "(anonymous_12)",
        "decl": {
          "start": {
            "line": 34,
            "column": 15
          },
          "end": {
            "line": 34,
            "column": 16
          }
        },
        "loc": {
          "start": {
            "line": 34,
            "column": 22
          },
          "end": {
            "line": 34,
            "column": 51
          }
        },
        "line": 34
      }
    },
    "branchMap": {},
    "s": {
      "0": 42,
      "1": 0,
      "2": 0,
      "3": 0,
      "4": 0,
      "5": 0,
      "6": 0,
      "7": 42,
      "8": 0,
      "9": 0,
      "10": 0,
      "11": 0,
      "12": 0,
      "13": 0,
      "14": 42,
      "15": 0
    },
    "f": {
      "0": 0,
      "1": 0,
      "2": 0,
      "3": 0,
      "4": 0,
      "5": 0,
      "6": 0,
      "7": 0,
      "8": 0,
      "9": 0,
      "10": 0,
      "11": 0,
      "12": 0
    },
    "b": {},
    "_coverageSchema": "1a1c01bbd47fc00a2c39e90264f33305004495a9",
    "hash": "820dd75782e6e1a05847d856fc94d55936b58fbd"
  },
  "/Users/ramsydevos@saxum.nl/sources/opdrachten/vng/developer.overheid.nl/ui/src/components/design-system-candidates/Grid/index.js": {
    "path": "/Users/ramsydevos@saxum.nl/sources/opdrachten/vng/developer.overheid.nl/ui/src/components/design-system-candidates/Grid/index.js",
    "statementMap": {
      "0": {
        "start": {
          "line": 9,
          "column": 25
        },
        "end": {
          "line": 14,
          "column": 1
        }
      },
      "1": {
        "start": {
          "line": 11,
          "column": 22
        },
        "end": {
          "line": 11,
          "column": 44
        }
      },
      "2": {
        "start": {
          "line": 12,
          "column": 22
        },
        "end": {
          "line": 12,
          "column": 46
        }
      },
      "3": {
        "start": {
          "line": 16,
          "column": 19
        },
        "end": {
          "line": 19,
          "column": 1
        }
      },
      "4": {
        "start": {
          "line": 18,
          "column": 22
        },
        "end": {
          "line": 18,
          "column": 46
        }
      },
      "5": {
        "start": {
          "line": 21,
          "column": 19
        },
        "end": {
          "line": 24,
          "column": 1
        }
      },
      "6": {
        "start": {
          "line": 23,
          "column": 22
        },
        "end": {
          "line": 23,
          "column": 46
        }
      }
    },
    "fnMap": {
      "0": {
        "name": "(anonymous_0)",
        "decl": {
          "start": {
            "line": 11,
            "column": 15
          },
          "end": {
            "line": 11,
            "column": 16
          }
        },
        "loc": {
          "start": {
            "line": 11,
            "column": 22
          },
          "end": {
            "line": 11,
            "column": 44
          }
        },
        "line": 11
      },
      "1": {
        "name": "(anonymous_1)",
        "decl": {
          "start": {
            "line": 12,
            "column": 15
          },
          "end": {
            "line": 12,
            "column": 16
          }
        },
        "loc": {
          "start": {
            "line": 12,
            "column": 22
          },
          "end": {
            "line": 12,
            "column": 46
          }
        },
        "line": 12
      },
      "2": {
        "name": "(anonymous_2)",
        "decl": {
          "start": {
            "line": 18,
            "column": 15
          },
          "end": {
            "line": 18,
            "column": 16
          }
        },
        "loc": {
          "start": {
            "line": 18,
            "column": 22
          },
          "end": {
            "line": 18,
            "column": 46
          }
        },
        "line": 18
      },
      "3": {
        "name": "(anonymous_3)",
        "decl": {
          "start": {
            "line": 23,
            "column": 15
          },
          "end": {
            "line": 23,
            "column": 16
          }
        },
        "loc": {
          "start": {
            "line": 23,
            "column": 22
          },
          "end": {
            "line": 23,
            "column": 46
          }
        },
        "line": 23
      }
    },
    "branchMap": {},
    "s": {
      "0": 42,
      "1": 276,
      "2": 276,
      "3": 42,
      "4": 0,
      "5": 42,
      "6": 0
    },
    "f": {
      "0": 276,
      "1": 276,
      "2": 0,
      "3": 0
    },
    "b": {},
    "_coverageSchema": "1a1c01bbd47fc00a2c39e90264f33305004495a9",
    "hash": "5ce5b8874f20ac17fcab9f045f37af149937894d"
  },
  "/Users/ramsydevos@saxum.nl/sources/opdrachten/vng/developer.overheid.nl/ui/src/components/Card/Card.styles.js": {
    "path": "/Users/ramsydevos@saxum.nl/sources/opdrachten/vng/developer.overheid.nl/ui/src/components/Card/Card.styles.js",
    "statementMap": {
      "0": {
        "start": {
          "line": 8,
          "column": 26
        },
        "end": {
          "line": 21,
          "column": 1
        }
      },
      "1": {
        "start": {
          "line": 11,
          "column": 29
        },
        "end": {
          "line": 11,
          "column": 59
        }
      },
      "2": {
        "start": {
          "line": 23,
          "column": 20
        },
        "end": {
          "line": 29,
          "column": 1
        }
      },
      "3": {
        "start": {
          "line": 24,
          "column": 20
        },
        "end": {
          "line": 24,
          "column": 44
        }
      },
      "4": {
        "start": {
          "line": 27,
          "column": 22
        },
        "end": {
          "line": 27,
          "column": 46
        }
      },
      "5": {
        "start": {
          "line": 31,
          "column": 22
        },
        "end": {
          "line": 33,
          "column": 1
        }
      },
      "6": {
        "start": {
          "line": 35,
          "column": 21
        },
        "end": {
          "line": 38,
          "column": 1
        }
      },
      "7": {
        "start": {
          "line": 40,
          "column": 22
        },
        "end": {
          "line": 52,
          "column": 1
        }
      }
    },
    "fnMap": {
      "0": {
        "name": "(anonymous_0)",
        "decl": {
          "start": {
            "line": 11,
            "column": 22
          },
          "end": {
            "line": 11,
            "column": 23
          }
        },
        "loc": {
          "start": {
            "line": 11,
            "column": 29
          },
          "end": {
            "line": 11,
            "column": 59
          }
        },
        "line": 11
      },
      "1": {
        "name": "(anonymous_1)",
        "decl": {
          "start": {
            "line": 24,
            "column": 13
          },
          "end": {
            "line": 24,
            "column": 14
          }
        },
        "loc": {
          "start": {
            "line": 24,
            "column": 20
          },
          "end": {
            "line": 24,
            "column": 44
          }
        },
        "line": 24
      },
      "2": {
        "name": "(anonymous_2)",
        "decl": {
          "start": {
            "line": 27,
            "column": 15
          },
          "end": {
            "line": 27,
            "column": 16
          }
        },
        "loc": {
          "start": {
            "line": 27,
            "column": 22
          },
          "end": {
            "line": 27,
            "column": 46
          }
        },
        "line": 27
      }
    },
    "branchMap": {},
    "s": {
      "0": 42,
      "1": 2854,
      "2": 42,
      "3": 4,
      "4": 4,
      "5": 42,
      "6": 42,
      "7": 42
    },
    "f": {
      "0": 2854,
      "1": 4,
      "2": 4
    },
    "b": {},
    "_coverageSchema": "1a1c01bbd47fc00a2c39e90264f33305004495a9",
    "hash": "f36789a38d7147b2c36f05e71e54b9a5b2aaeecb"
  },
  "/Users/ramsydevos@saxum.nl/sources/opdrachten/vng/developer.overheid.nl/ui/src/components/Card/Card.js": {
    "path": "/Users/ramsydevos@saxum.nl/sources/opdrachten/vng/developer.overheid.nl/ui/src/components/Card/Card.js",
    "statementMap": {
      "0": {
        "start": {
          "line": 6,
          "column": 13
        },
        "end": {
          "line": 6,
          "column": 23
        }
      },
      "1": {
        "start": {
          "line": 7,
          "column": 0
        },
        "end": {
          "line": 7,
          "column": 16
        }
      },
      "2": {
        "start": {
          "line": 8,
          "column": 0
        },
        "end": {
          "line": 8,
          "column": 20
        }
      },
      "3": {
        "start": {
          "line": 9,
          "column": 0
        },
        "end": {
          "line": 9,
          "column": 18
        }
      },
      "4": {
        "start": {
          "line": 10,
          "column": 0
        },
        "end": {
          "line": 10,
          "column": 20
        }
      }
    },
    "fnMap": {},
    "branchMap": {},
    "s": {
      "0": 42,
      "1": 42,
      "2": 42,
      "3": 42,
      "4": 42
    },
    "f": {},
    "b": {},
    "_coverageSchema": "1a1c01bbd47fc00a2c39e90264f33305004495a9",
    "hash": "ccc225b8b50a7aa912c33a9e10893cc1609535c6"
  },
  "/Users/ramsydevos@saxum.nl/sources/opdrachten/vng/developer.overheid.nl/ui/src/components/Icons/ArrowRight.jsx": {
    "path": "/Users/ramsydevos@saxum.nl/sources/opdrachten/vng/developer.overheid.nl/ui/src/components/Icons/ArrowRight.jsx",
    "statementMap": {
      "0": {
        "start": {
          "line": 7,
          "column": 19
        },
        "end": {
          "line": 16,
          "column": 1
        }
      },
      "1": {
        "start": {
          "line": 8,
          "column": 2
        },
        "end": {
          "line": 15,
          "column": 8
        }
      },
      "2": {
        "start": {
          "line": 18,
          "column": 0
        },
        "end": {
          "line": 21,
          "column": 1
        }
      },
      "3": {
        "start": {
          "line": 23,
          "column": 0
        },
        "end": {
          "line": 26,
          "column": 1
        }
      }
    },
    "fnMap": {
      "0": {
        "name": "(anonymous_0)",
        "decl": {
          "start": {
            "line": 7,
            "column": 19
          },
          "end": {
            "line": 7,
            "column": 20
          }
        },
        "loc": {
          "start": {
            "line": 8,
            "column": 2
          },
          "end": {
            "line": 15,
            "column": 8
          }
        },
        "line": 8
      }
    },
    "branchMap": {},
    "s": {
      "0": 42,
      "1": 0,
      "2": 42,
      "3": 42
    },
    "f": {
      "0": 0
    },
    "b": {},
    "_coverageSchema": "1a1c01bbd47fc00a2c39e90264f33305004495a9",
    "hash": "a52f37d05f8bb4457bb39347d604d8150a8b533e"
  },
  "/Users/ramsydevos@saxum.nl/sources/opdrachten/vng/developer.overheid.nl/ui/src/pages/Home/Home.styles.js": {
    "path": "/Users/ramsydevos@saxum.nl/sources/opdrachten/vng/developer.overheid.nl/ui/src/pages/Home/Home.styles.js",
    "statementMap": {
      "0": {
        "start": {
          "line": 12,
          "column": 30
        },
        "end": {
          "line": 29,
          "column": 1
        }
      },
      "1": {
        "start": {
          "line": 14,
          "column": 26
        },
        "end": {
          "line": 14,
          "column": 50
        }
      },
      "2": {
        "start": {
          "line": 17,
          "column": 28
        },
        "end": {
          "line": 17,
          "column": 52
        }
      },
      "3": {
        "start": {
          "line": 21,
          "column": 28
        },
        "end": {
          "line": 21,
          "column": 52
        }
      },
      "4": {
        "start": {
          "line": 26,
          "column": 30
        },
        "end": {
          "line": 26,
          "column": 54
        }
      },
      "5": {
        "start": {
          "line": 31,
          "column": 29
        },
        "end": {
          "line": 34,
          "column": 1
        }
      },
      "6": {
        "start": {
          "line": 33,
          "column": 26
        },
        "end": {
          "line": 33,
          "column": 50
        }
      },
      "7": {
        "start": {
          "line": 36,
          "column": 26
        },
        "end": {
          "line": 38,
          "column": 1
        }
      },
      "8": {
        "start": {
          "line": 40,
          "column": 34
        },
        "end": {
          "line": 42,
          "column": 1
        }
      },
      "9": {
        "start": {
          "line": 41,
          "column": 24
        },
        "end": {
          "line": 41,
          "column": 48
        }
      },
      "10": {
        "start": {
          "line": 44,
          "column": 34
        },
        "end": {
          "line": 46,
          "column": 1
        }
      },
      "11": {
        "start": {
          "line": 45,
          "column": 24
        },
        "end": {
          "line": 45,
          "column": 48
        }
      },
      "12": {
        "start": {
          "line": 48,
          "column": 21
        },
        "end": {
          "line": 62,
          "column": 1
        }
      },
      "13": {
        "start": {
          "line": 51,
          "column": 23
        },
        "end": {
          "line": 51,
          "column": 47
        }
      },
      "14": {
        "start": {
          "line": 52,
          "column": 26
        },
        "end": {
          "line": 52,
          "column": 50
        }
      },
      "15": {
        "start": {
          "line": 53,
          "column": 26
        },
        "end": {
          "line": 53,
          "column": 50
        }
      },
      "16": {
        "start": {
          "line": 57,
          "column": 27
        },
        "end": {
          "line": 57,
          "column": 51
        }
      },
      "17": {
        "start": {
          "line": 64,
          "column": 34
        },
        "end": {
          "line": 66,
          "column": 1
        }
      },
      "18": {
        "start": {
          "line": 65,
          "column": 23
        },
        "end": {
          "line": 65,
          "column": 47
        }
      }
    },
    "fnMap": {
      "0": {
        "name": "(anonymous_0)",
        "decl": {
          "start": {
            "line": 14,
            "column": 19
          },
          "end": {
            "line": 14,
            "column": 20
          }
        },
        "loc": {
          "start": {
            "line": 14,
            "column": 26
          },
          "end": {
            "line": 14,
            "column": 50
          }
        },
        "line": 14
      },
      "1": {
        "name": "(anonymous_1)",
        "decl": {
          "start": {
            "line": 17,
            "column": 21
          },
          "end": {
            "line": 17,
            "column": 22
          }
        },
        "loc": {
          "start": {
            "line": 17,
            "column": 28
          },
          "end": {
            "line": 17,
            "column": 52
          }
        },
        "line": 17
      },
      "2": {
        "name": "(anonymous_2)",
        "decl": {
          "start": {
            "line": 21,
            "column": 21
          },
          "end": {
            "line": 21,
            "column": 22
          }
        },
        "loc": {
          "start": {
            "line": 21,
            "column": 28
          },
          "end": {
            "line": 21,
            "column": 52
          }
        },
        "line": 21
      },
      "3": {
        "name": "(anonymous_3)",
        "decl": {
          "start": {
            "line": 26,
            "column": 23
          },
          "end": {
            "line": 26,
            "column": 24
          }
        },
        "loc": {
          "start": {
            "line": 26,
            "column": 30
          },
          "end": {
            "line": 26,
            "column": 54
          }
        },
        "line": 26
      },
      "4": {
        "name": "(anonymous_4)",
        "decl": {
          "start": {
            "line": 33,
            "column": 19
          },
          "end": {
            "line": 33,
            "column": 20
          }
        },
        "loc": {
          "start": {
            "line": 33,
            "column": 26
          },
          "end": {
            "line": 33,
            "column": 50
          }
        },
        "line": 33
      },
      "5": {
        "name": "(anonymous_5)",
        "decl": {
          "start": {
            "line": 41,
            "column": 17
          },
          "end": {
            "line": 41,
            "column": 18
          }
        },
        "loc": {
          "start": {
            "line": 41,
            "column": 24
          },
          "end": {
            "line": 41,
            "column": 48
          }
        },
        "line": 41
      },
      "6": {
        "name": "(anonymous_6)",
        "decl": {
          "start": {
            "line": 45,
            "column": 17
          },
          "end": {
            "line": 45,
            "column": 18
          }
        },
        "loc": {
          "start": {
            "line": 45,
            "column": 24
          },
          "end": {
            "line": 45,
            "column": 48
          }
        },
        "line": 45
      },
      "7": {
        "name": "(anonymous_7)",
        "decl": {
          "start": {
            "line": 51,
            "column": 16
          },
          "end": {
            "line": 51,
            "column": 17
          }
        },
        "loc": {
          "start": {
            "line": 51,
            "column": 23
          },
          "end": {
            "line": 51,
            "column": 47
          }
        },
        "line": 51
      },
      "8": {
        "name": "(anonymous_8)",
        "decl": {
          "start": {
            "line": 52,
            "column": 19
          },
          "end": {
            "line": 52,
            "column": 20
          }
        },
        "loc": {
          "start": {
            "line": 52,
            "column": 26
          },
          "end": {
            "line": 52,
            "column": 50
          }
        },
        "line": 52
      },
      "9": {
        "name": "(anonymous_9)",
        "decl": {
          "start": {
            "line": 53,
            "column": 19
          },
          "end": {
            "line": 53,
            "column": 20
          }
        },
        "loc": {
          "start": {
            "line": 53,
            "column": 26
          },
          "end": {
            "line": 53,
            "column": 50
          }
        },
        "line": 53
      },
      "10": {
        "name": "(anonymous_10)",
        "decl": {
          "start": {
            "line": 57,
            "column": 20
          },
          "end": {
            "line": 57,
            "column": 21
          }
        },
        "loc": {
          "start": {
            "line": 57,
            "column": 27
          },
          "end": {
            "line": 57,
            "column": 51
          }
        },
        "line": 57
      },
      "11": {
        "name": "(anonymous_11)",
        "decl": {
          "start": {
            "line": 65,
            "column": 16
          },
          "end": {
            "line": 65,
            "column": 17
          }
        },
        "loc": {
          "start": {
            "line": 65,
            "column": 23
          },
          "end": {
            "line": 65,
            "column": 47
          }
        },
        "line": 65
      }
    },
    "branchMap": {},
    "s": {
      "0": 42,
      "1": 0,
      "2": 0,
      "3": 0,
      "4": 0,
      "5": 42,
      "6": 0,
      "7": 42,
      "8": 42,
      "9": 0,
      "10": 42,
      "11": 0,
      "12": 42,
      "13": 0,
      "14": 0,
      "15": 0,
      "16": 0,
      "17": 42,
      "18": 0
    },
    "f": {
      "0": 0,
      "1": 0,
      "2": 0,
      "3": 0,
      "4": 0,
      "5": 0,
      "6": 0,
      "7": 0,
      "8": 0,
      "9": 0,
      "10": 0,
      "11": 0
    },
    "b": {},
    "_coverageSchema": "1a1c01bbd47fc00a2c39e90264f33305004495a9",
    "hash": "1f20f6824cca665df89f04a3882502a0aa00c575"
  },
  "/Users/ramsydevos@saxum.nl/sources/opdrachten/vng/developer.overheid.nl/ui/src/pages/Home/Home.jsx": {
    "path": "/Users/ramsydevos@saxum.nl/sources/opdrachten/vng/developer.overheid.nl/ui/src/pages/Home/Home.jsx",
    "statementMap": {
      "0": {
        "start": {
          "line": 18,
          "column": 23
        },
        "end": {
          "line": 18,
          "column": 61
        }
      },
      "1": {
        "start": {
          "line": 18,
          "column": 34
        },
        "end": {
          "line": 18,
          "column": 60
        }
      },
      "2": {
        "start": {
          "line": 20,
          "column": 13
        },
        "end": {
          "line": 86,
          "column": 1
        }
      },
      "3": {
        "start": {
          "line": 21,
          "column": 2
        },
        "end": {
          "line": 85,
          "column": 3
        }
      }
    },
    "fnMap": {
      "0": {
        "name": "(anonymous_0)",
        "decl": {
          "start": {
            "line": 18,
            "column": 28
          },
          "end": {
            "line": 18,
            "column": 29
          }
        },
        "loc": {
          "start": {
            "line": 18,
            "column": 34
          },
          "end": {
            "line": 18,
            "column": 60
          }
        },
        "line": 18
      },
      "1": {
        "name": "(anonymous_1)",
        "decl": {
          "start": {
            "line": 20,
            "column": 13
          },
          "end": {
            "line": 20,
            "column": 14
          }
        },
        "loc": {
          "start": {
            "line": 20,
            "column": 19
          },
          "end": {
            "line": 86,
            "column": 1
          }
        },
        "line": 20
      }
    },
    "branchMap": {},
    "s": {
      "0": 42,
      "1": 0,
      "2": 42,
      "3": 0
    },
    "f": {
      "0": 0,
      "1": 0
    },
    "b": {},
    "_coverageSchema": "1a1c01bbd47fc00a2c39e90264f33305004495a9",
    "hash": "580d1cc52af524a1df0274d33b0353d67e6b903d"
  },
  "/Users/ramsydevos@saxum.nl/sources/opdrachten/vng/developer.overheid.nl/ui/src/constants.js": {
    "path": "/Users/ramsydevos@saxum.nl/sources/opdrachten/vng/developer.overheid.nl/ui/src/constants.js",
    "statementMap": {
      "0": {
        "start": {
          "line": 4,
          "column": 54
        },
        "end": {
          "line": 4,
          "column": 80
        }
      },
      "1": {
        "start": {
          "line": 6,
          "column": 2
        },
        "end": {
          "line": 6,
          "column": 61
        }
      }
    },
    "fnMap": {},
    "branchMap": {},
    "s": {
      "0": 42,
      "1": 42
    },
    "f": {},
    "b": {},
    "_coverageSchema": "1a1c01bbd47fc00a2c39e90264f33305004495a9",
    "hash": "25c07b62d256c1dd01d75da0d2832dae52d1bb22"
  },
  "/Users/ramsydevos@saxum.nl/sources/opdrachten/vng/developer.overheid.nl/ui/src/components/design-system-candidates/Field/const.js": {
    "path": "/Users/ramsydevos@saxum.nl/sources/opdrachten/vng/developer.overheid.nl/ui/src/components/design-system-candidates/Field/const.js",
    "statementMap": {
      "0": {
        "start": {
          "line": 4,
          "column": 21
        },
        "end": {
          "line": 9,
          "column": 1
        }
      }
    },
    "fnMap": {},
    "branchMap": {},
    "s": {
      "0": 42
    },
    "f": {},
    "b": {},
    "_coverageSchema": "1a1c01bbd47fc00a2c39e90264f33305004495a9",
    "hash": "fc2e42ff5e10a7c9c003139589e67b01350bbc48"
  },
  "/Users/ramsydevos@saxum.nl/sources/opdrachten/vng/developer.overheid.nl/ui/src/components/design-system-candidates/Field/index.js": {
    "path": "/Users/ramsydevos@saxum.nl/sources/opdrachten/vng/developer.overheid.nl/ui/src/components/design-system-candidates/Field/index.js",
    "statementMap": {
      "0": {
        "start": {
          "line": 10,
          "column": 20
        },
        "end": {
          "line": 23,
          "column": 1
        }
      },
      "1": {
        "start": {
          "line": 11,
          "column": 2
        },
        "end": {
          "line": 22,
          "column": 3
        }
      },
      "2": {
        "start": {
          "line": 13,
          "column": 6
        },
        "end": {
          "line": 13,
          "column": 21
        }
      },
      "3": {
        "start": {
          "line": 15,
          "column": 6
        },
        "end": {
          "line": 15,
          "column": 20
        }
      },
      "4": {
        "start": {
          "line": 17,
          "column": 6
        },
        "end": {
          "line": 17,
          "column": 20
        }
      },
      "5": {
        "start": {
          "line": 19,
          "column": 6
        },
        "end": {
          "line": 19,
          "column": 20
        }
      },
      "6": {
        "start": {
          "line": 21,
          "column": 6
        },
        "end": {
          "line": 21,
          "column": 19
        }
      },
      "7": {
        "start": {
          "line": 27,
          "column": 36
        },
        "end": {
          "line": 30,
          "column": 1
        }
      },
      "8": {
        "start": {
          "line": 28,
          "column": 32
        },
        "end": {
          "line": 28,
          "column": 37
        }
      },
      "9": {
        "start": {
          "line": 29,
          "column": 2
        },
        "end": {
          "line": 29,
          "column": 62
        }
      },
      "10": {
        "start": {
          "line": 32,
          "column": 0
        },
        "end": {
          "line": 35,
          "column": 1
        }
      },
      "11": {
        "start": {
          "line": 37,
          "column": 14
        },
        "end": {
          "line": 69,
          "column": 1
        }
      },
      "12": {
        "start": {
          "line": 40,
          "column": 22
        },
        "end": {
          "line": 40,
          "column": 45
        }
      },
      "13": {
        "start": {
          "line": 41,
          "column": 22
        },
        "end": {
          "line": 41,
          "column": 51
        }
      },
      "14": {
        "start": {
          "line": 43,
          "column": 20
        },
        "end": {
          "line": 43,
          "column": 44
        }
      },
      "15": {
        "start": {
          "line": 44,
          "column": 18
        },
        "end": {
          "line": 44,
          "column": 35
        }
      },
      "16": {
        "start": {
          "line": 45,
          "column": 29
        },
        "end": {
          "line": 45,
          "column": 63
        }
      },
      "17": {
        "start": {
          "line": 47,
          "column": 24
        },
        "end": {
          "line": 47,
          "column": 53
        }
      },
      "18": {
        "start": {
          "line": 50,
          "column": 4
        },
        "end": {
          "line": 54,
          "column": 12
        }
      },
      "19": {
        "start": {
          "line": 57,
          "column": 27
        },
        "end": {
          "line": 57,
          "column": 51
        }
      },
      "20": {
        "start": {
          "line": 58,
          "column": 31
        },
        "end": {
          "line": 58,
          "column": 65
        }
      },
      "21": {
        "start": {
          "line": 62,
          "column": 20
        },
        "end": {
          "line": 62,
          "column": 54
        }
      },
      "22": {
        "start": {
          "line": 66,
          "column": 27
        },
        "end": {
          "line": 66,
          "column": 51
        }
      },
      "23": {
        "start": {
          "line": 67,
          "column": 31
        },
        "end": {
          "line": 67,
          "column": 61
        }
      }
    },
    "fnMap": {
      "0": {
        "name": "(anonymous_0)",
        "decl": {
          "start": {
            "line": 10,
            "column": 20
          },
          "end": {
            "line": 10,
            "column": 21
          }
        },
        "loc": {
          "start": {
            "line": 10,
            "column": 34
          },
          "end": {
            "line": 23,
            "column": 1
          }
        },
        "line": 10
      },
      "1": {
        "name": "(anonymous_1)",
        "decl": {
          "start": {
            "line": 27,
            "column": 36
          },
          "end": {
            "line": 27,
            "column": 37
          }
        },
        "loc": {
          "start": {
            "line": 27,
            "column": 47
          },
          "end": {
            "line": 30,
            "column": 1
          }
        },
        "line": 27
      },
      "2": {
        "name": "(anonymous_2)",
        "decl": {
          "start": {
            "line": 40,
            "column": 15
          },
          "end": {
            "line": 40,
            "column": 16
          }
        },
        "loc": {
          "start": {
            "line": 40,
            "column": 22
          },
          "end": {
            "line": 40,
            "column": 45
          }
        },
        "line": 40
      },
      "3": {
        "name": "(anonymous_3)",
        "decl": {
          "start": {
            "line": 41,
            "column": 15
          },
          "end": {
            "line": 41,
            "column": 16
          }
        },
        "loc": {
          "start": {
            "line": 41,
            "column": 22
          },
          "end": {
            "line": 41,
            "column": 51
          }
        },
        "line": 41
      },
      "4": {
        "name": "(anonymous_4)",
        "decl": {
          "start": {
            "line": 43,
            "column": 13
          },
          "end": {
            "line": 43,
            "column": 14
          }
        },
        "loc": {
          "start": {
            "line": 43,
            "column": 20
          },
          "end": {
            "line": 43,
            "column": 44
          }
        },
        "line": 43
      },
      "5": {
        "name": "(anonymous_5)",
        "decl": {
          "start": {
            "line": 44,
            "column": 11
          },
          "end": {
            "line": 44,
            "column": 12
          }
        },
        "loc": {
          "start": {
            "line": 44,
            "column": 18
          },
          "end": {
            "line": 44,
            "column": 35
          }
        },
        "line": 44
      },
      "6": {
        "name": "(anonymous_6)",
        "decl": {
          "start": {
            "line": 45,
            "column": 22
          },
          "end": {
            "line": 45,
            "column": 23
          }
        },
        "loc": {
          "start": {
            "line": 45,
            "column": 29
          },
          "end": {
            "line": 45,
            "column": 63
          }
        },
        "line": 45
      },
      "7": {
        "name": "(anonymous_7)",
        "decl": {
          "start": {
            "line": 47,
            "column": 17
          },
          "end": {
            "line": 47,
            "column": 18
          }
        },
        "loc": {
          "start": {
            "line": 47,
            "column": 24
          },
          "end": {
            "line": 47,
            "column": 53
          }
        },
        "line": 47
      },
      "8": {
        "name": "(anonymous_8)",
        "decl": {
          "start": {
            "line": 49,
            "column": 4
          },
          "end": {
            "line": 49,
            "column": 5
          }
        },
        "loc": {
          "start": {
            "line": 50,
            "column": 4
          },
          "end": {
            "line": 54,
            "column": 12
          }
        },
        "line": 50
      },
      "9": {
        "name": "(anonymous_9)",
        "decl": {
          "start": {
            "line": 57,
            "column": 20
          },
          "end": {
            "line": 57,
            "column": 21
          }
        },
        "loc": {
          "start": {
            "line": 57,
            "column": 27
          },
          "end": {
            "line": 57,
            "column": 51
          }
        },
        "line": 57
      },
      "10": {
        "name": "(anonymous_10)",
        "decl": {
          "start": {
            "line": 58,
            "column": 24
          },
          "end": {
            "line": 58,
            "column": 25
          }
        },
        "loc": {
          "start": {
            "line": 58,
            "column": 31
          },
          "end": {
            "line": 58,
            "column": 65
          }
        },
        "line": 58
      },
      "11": {
        "name": "(anonymous_11)",
        "decl": {
          "start": {
            "line": 62,
            "column": 13
          },
          "end": {
            "line": 62,
            "column": 14
          }
        },
        "loc": {
          "start": {
            "line": 62,
            "column": 20
          },
          "end": {
            "line": 62,
            "column": 54
          }
        },
        "line": 62
      },
      "12": {
        "name": "(anonymous_12)",
        "decl": {
          "start": {
            "line": 66,
            "column": 20
          },
          "end": {
            "line": 66,
            "column": 21
          }
        },
        "loc": {
          "start": {
            "line": 66,
            "column": 27
          },
          "end": {
            "line": 66,
            "column": 51
          }
        },
        "line": 66
      },
      "13": {
        "name": "(anonymous_13)",
        "decl": {
          "start": {
            "line": 67,
            "column": 24
          },
          "end": {
            "line": 67,
            "column": 25
          }
        },
        "loc": {
          "start": {
            "line": 67,
            "column": 31
          },
          "end": {
            "line": 67,
            "column": 61
          }
        },
        "line": 67
      }
    },
    "branchMap": {
      "0": {
        "loc": {
          "start": {
            "line": 11,
            "column": 2
          },
          "end": {
            "line": 22,
            "column": 3
          }
        },
        "type": "switch",
        "locations": [
          {
            "start": {
              "line": 12,
              "column": 4
            },
            "end": {
              "line": 13,
              "column": 21
            }
          },
          {
            "start": {
              "line": 14,
              "column": 4
            },
            "end": {
              "line": 15,
              "column": 20
            }
          },
          {
            "start": {
              "line": 16,
              "column": 4
            },
            "end": {
              "line": 17,
              "column": 20
            }
          },
          {
            "start": {
              "line": 18,
              "column": 4
            },
            "end": {
              "line": 19,
              "column": 20
            }
          },
          {
            "start": {
              "line": 20,
              "column": 4
            },
            "end": {
              "line": 21,
              "column": 19
            }
          }
        ],
        "line": 11
      },
      "1": {
        "loc": {
          "start": {
            "line": 50,
            "column": 4
          },
          "end": {
            "line": 54,
            "column": 12
          }
        },
        "type": "cond-expr",
        "locations": [
          {
            "start": {
              "line": 51,
              "column": 8
            },
            "end": {
              "line": 53,
              "column": 7
            }
          },
          {
            "start": {
              "line": 54,
              "column": 8
            },
            "end": {
              "line": 54,
              "column": 12
            }
          }
        ],
        "line": 50
      }
    },
    "s": {
      "0": 42,
      "1": 0,
      "2": 0,
      "3": 0,
      "4": 0,
      "5": 0,
      "6": 0,
      "7": 42,
      "8": 0,
      "9": 0,
      "10": 42,
      "11": 42,
      "12": 0,
      "13": 0,
      "14": 0,
      "15": 0,
      "16": 0,
      "17": 0,
      "18": 0,
      "19": 0,
      "20": 0,
      "21": 0,
      "22": 0,
      "23": 0
    },
    "f": {
      "0": 0,
      "1": 0,
      "2": 0,
      "3": 0,
      "4": 0,
      "5": 0,
      "6": 0,
      "7": 0,
      "8": 0,
      "9": 0,
      "10": 0,
      "11": 0,
      "12": 0,
      "13": 0
    },
    "b": {
      "0": [
        0,
        0,
        0,
        0,
        0
      ],
      "1": [
        0,
        0
      ]
    },
    "_coverageSchema": "1a1c01bbd47fc00a2c39e90264f33305004495a9",
    "hash": "09595bb081e0f792c55129b0750cd2c8c4c49e6e"
  },
  "/Users/ramsydevos@saxum.nl/sources/opdrachten/vng/developer.overheid.nl/ui/src/components/Form/Form.jsx": {
    "path": "/Users/ramsydevos@saxum.nl/sources/opdrachten/vng/developer.overheid.nl/ui/src/components/Form/Form.jsx",
    "statementMap": {
      "0": {
        "start": {
          "line": 12,
          "column": 24
        },
        "end": {
          "line": 16,
          "column": 1
        }
      },
      "1": {
        "start": {
          "line": 15,
          "column": 23
        },
        "end": {
          "line": 15,
          "column": 47
        }
      },
      "2": {
        "start": {
          "line": 18,
          "column": 27
        },
        "end": {
          "line": 25,
          "column": 1
        }
      },
      "3": {
        "start": {
          "line": 19,
          "column": 26
        },
        "end": {
          "line": 19,
          "column": 50
        }
      },
      "4": {
        "start": {
          "line": 22,
          "column": 24
        },
        "end": {
          "line": 22,
          "column": 52
        }
      },
      "5": {
        "start": {
          "line": 23,
          "column": 26
        },
        "end": {
          "line": 23,
          "column": 55
        }
      },
      "6": {
        "start": {
          "line": 27,
          "column": 22
        },
        "end": {
          "line": 34,
          "column": 1
        }
      },
      "7": {
        "start": {
          "line": 28,
          "column": 22
        },
        "end": {
          "line": 28,
          "column": 51
        }
      },
      "8": {
        "start": {
          "line": 29,
          "column": 24
        },
        "end": {
          "line": 29,
          "column": 56
        }
      },
      "9": {
        "start": {
          "line": 30,
          "column": 24
        },
        "end": {
          "line": 30,
          "column": 56
        }
      },
      "10": {
        "start": {
          "line": 31,
          "column": 18
        },
        "end": {
          "line": 31,
          "column": 35
        }
      },
      "11": {
        "start": {
          "line": 32,
          "column": 26
        },
        "end": {
          "line": 32,
          "column": 50
        }
      },
      "12": {
        "start": {
          "line": 36,
          "column": 21
        },
        "end": {
          "line": 41,
          "column": 1
        }
      },
      "13": {
        "start": {
          "line": 38,
          "column": 26
        },
        "end": {
          "line": 38,
          "column": 50
        }
      },
      "14": {
        "start": {
          "line": 39,
          "column": 18
        },
        "end": {
          "line": 39,
          "column": 45
        }
      },
      "15": {
        "start": {
          "line": 40,
          "column": 24
        },
        "end": {
          "line": 40,
          "column": 56
        }
      },
      "16": {
        "start": {
          "line": 43,
          "column": 21
        },
        "end": {
          "line": 51,
          "column": 1
        }
      },
      "17": {
        "start": {
          "line": 46,
          "column": 29
        },
        "end": {
          "line": 46,
          "column": 59
        }
      },
      "18": {
        "start": {
          "line": 53,
          "column": 27
        },
        "end": {
          "line": 67,
          "column": 1
        }
      },
      "19": {
        "start": {
          "line": 62,
          "column": 29
        },
        "end": {
          "line": 62,
          "column": 59
        }
      },
      "20": {
        "start": {
          "line": 69,
          "column": 29
        },
        "end": {
          "line": 98,
          "column": 1
        }
      },
      "21": {
        "start": {
          "line": 74,
          "column": 25
        },
        "end": {
          "line": 74,
          "column": 49
        }
      },
      "22": {
        "start": {
          "line": 77,
          "column": 29
        },
        "end": {
          "line": 77,
          "column": 53
        }
      },
      "23": {
        "start": {
          "line": 86,
          "column": 25
        },
        "end": {
          "line": 86,
          "column": 51
        }
      },
      "24": {
        "start": {
          "line": 100,
          "column": 32
        },
        "end": {
          "line": 109,
          "column": 1
        }
      },
      "25": {
        "start": {
          "line": 104,
          "column": 29
        },
        "end": {
          "line": 104,
          "column": 63
        }
      },
      "26": {
        "start": {
          "line": 111,
          "column": 34
        },
        "end": {
          "line": 151,
          "column": 1
        }
      },
      "27": {
        "start": {
          "line": 113,
          "column": 18
        },
        "end": {
          "line": 113,
          "column": 35
        }
      },
      "28": {
        "start": {
          "line": 114,
          "column": 24
        },
        "end": {
          "line": 114,
          "column": 53
        }
      },
      "29": {
        "start": {
          "line": 117,
          "column": 37
        },
        "end": {
          "line": 117,
          "column": 71
        }
      },
      "30": {
        "start": {
          "line": 128,
          "column": 6
        },
        "end": {
          "line": 128,
          "column": 63
        }
      },
      "31": {
        "start": {
          "line": 130,
          "column": 31
        },
        "end": {
          "line": 130,
          "column": 65
        }
      },
      "32": {
        "start": {
          "line": 131,
          "column": 26
        },
        "end": {
          "line": 131,
          "column": 55
        }
      },
      "33": {
        "start": {
          "line": 142,
          "column": 33
        },
        "end": {
          "line": 142,
          "column": 59
        }
      },
      "34": {
        "start": {
          "line": 148,
          "column": 33
        },
        "end": {
          "line": 148,
          "column": 59
        }
      }
    },
    "fnMap": {
      "0": {
        "name": "(anonymous_0)",
        "decl": {
          "start": {
            "line": 15,
            "column": 16
          },
          "end": {
            "line": 15,
            "column": 17
          }
        },
        "loc": {
          "start": {
            "line": 15,
            "column": 23
          },
          "end": {
            "line": 15,
            "column": 47
          }
        },
        "line": 15
      },
      "1": {
        "name": "(anonymous_1)",
        "decl": {
          "start": {
            "line": 19,
            "column": 19
          },
          "end": {
            "line": 19,
            "column": 20
          }
        },
        "loc": {
          "start": {
            "line": 19,
            "column": 26
          },
          "end": {
            "line": 19,
            "column": 50
          }
        },
        "line": 19
      },
      "2": {
        "name": "(anonymous_2)",
        "decl": {
          "start": {
            "line": 22,
            "column": 17
          },
          "end": {
            "line": 22,
            "column": 18
          }
        },
        "loc": {
          "start": {
            "line": 22,
            "column": 24
          },
          "end": {
            "line": 22,
            "column": 52
          }
        },
        "line": 22
      },
      "3": {
        "name": "(anonymous_3)",
        "decl": {
          "start": {
            "line": 23,
            "column": 19
          },
          "end": {
            "line": 23,
            "column": 20
          }
        },
        "loc": {
          "start": {
            "line": 23,
            "column": 26
          },
          "end": {
            "line": 23,
            "column": 55
          }
        },
        "line": 23
      },
      "4": {
        "name": "(anonymous_4)",
        "decl": {
          "start": {
            "line": 28,
            "column": 15
          },
          "end": {
            "line": 28,
            "column": 16
          }
        },
        "loc": {
          "start": {
            "line": 28,
            "column": 22
          },
          "end": {
            "line": 28,
            "column": 51
          }
        },
        "line": 28
      },
      "5": {
        "name": "(anonymous_5)",
        "decl": {
          "start": {
            "line": 29,
            "column": 17
          },
          "end": {
            "line": 29,
            "column": 18
          }
        },
        "loc": {
          "start": {
            "line": 29,
            "column": 24
          },
          "end": {
            "line": 29,
            "column": 56
          }
        },
        "line": 29
      },
      "6": {
        "name": "(anonymous_6)",
        "decl": {
          "start": {
            "line": 30,
            "column": 17
          },
          "end": {
            "line": 30,
            "column": 18
          }
        },
        "loc": {
          "start": {
            "line": 30,
            "column": 24
          },
          "end": {
            "line": 30,
            "column": 56
          }
        },
        "line": 30
      },
      "7": {
        "name": "(anonymous_7)",
        "decl": {
          "start": {
            "line": 31,
            "column": 11
          },
          "end": {
            "line": 31,
            "column": 12
          }
        },
        "loc": {
          "start": {
            "line": 31,
            "column": 18
          },
          "end": {
            "line": 31,
            "column": 35
          }
        },
        "line": 31
      },
      "8": {
        "name": "(anonymous_8)",
        "decl": {
          "start": {
            "line": 32,
            "column": 19
          },
          "end": {
            "line": 32,
            "column": 20
          }
        },
        "loc": {
          "start": {
            "line": 32,
            "column": 26
          },
          "end": {
            "line": 32,
            "column": 50
          }
        },
        "line": 32
      },
      "9": {
        "name": "(anonymous_9)",
        "decl": {
          "start": {
            "line": 38,
            "column": 19
          },
          "end": {
            "line": 38,
            "column": 20
          }
        },
        "loc": {
          "start": {
            "line": 38,
            "column": 26
          },
          "end": {
            "line": 38,
            "column": 50
          }
        },
        "line": 38
      },
      "10": {
        "name": "(anonymous_10)",
        "decl": {
          "start": {
            "line": 39,
            "column": 11
          },
          "end": {
            "line": 39,
            "column": 12
          }
        },
        "loc": {
          "start": {
            "line": 39,
            "column": 18
          },
          "end": {
            "line": 39,
            "column": 45
          }
        },
        "line": 39
      },
      "11": {
        "name": "(anonymous_11)",
        "decl": {
          "start": {
            "line": 40,
            "column": 17
          },
          "end": {
            "line": 40,
            "column": 18
          }
        },
        "loc": {
          "start": {
            "line": 40,
            "column": 24
          },
          "end": {
            "line": 40,
            "column": 56
          }
        },
        "line": 40
      },
      "12": {
        "name": "(anonymous_12)",
        "decl": {
          "start": {
            "line": 46,
            "column": 22
          },
          "end": {
            "line": 46,
            "column": 23
          }
        },
        "loc": {
          "start": {
            "line": 46,
            "column": 29
          },
          "end": {
            "line": 46,
            "column": 59
          }
        },
        "line": 46
      },
      "13": {
        "name": "(anonymous_13)",
        "decl": {
          "start": {
            "line": 62,
            "column": 22
          },
          "end": {
            "line": 62,
            "column": 23
          }
        },
        "loc": {
          "start": {
            "line": 62,
            "column": 29
          },
          "end": {
            "line": 62,
            "column": 59
          }
        },
        "line": 62
      },
      "14": {
        "name": "(anonymous_14)",
        "decl": {
          "start": {
            "line": 74,
            "column": 18
          },
          "end": {
            "line": 74,
            "column": 19
          }
        },
        "loc": {
          "start": {
            "line": 74,
            "column": 25
          },
          "end": {
            "line": 74,
            "column": 49
          }
        },
        "line": 74
      },
      "15": {
        "name": "(anonymous_15)",
        "decl": {
          "start": {
            "line": 77,
            "column": 22
          },
          "end": {
            "line": 77,
            "column": 23
          }
        },
        "loc": {
          "start": {
            "line": 77,
            "column": 29
          },
          "end": {
            "line": 77,
            "column": 53
          }
        },
        "line": 77
      },
      "16": {
        "name": "(anonymous_16)",
        "decl": {
          "start": {
            "line": 86,
            "column": 18
          },
          "end": {
            "line": 86,
            "column": 19
          }
        },
        "loc": {
          "start": {
            "line": 86,
            "column": 25
          },
          "end": {
            "line": 86,
            "column": 51
          }
        },
        "line": 86
      },
      "17": {
        "name": "(anonymous_17)",
        "decl": {
          "start": {
            "line": 104,
            "column": 22
          },
          "end": {
            "line": 104,
            "column": 23
          }
        },
        "loc": {
          "start": {
            "line": 104,
            "column": 29
          },
          "end": {
            "line": 104,
            "column": 63
          }
        },
        "line": 104
      },
      "18": {
        "name": "(anonymous_18)",
        "decl": {
          "start": {
            "line": 113,
            "column": 11
          },
          "end": {
            "line": 113,
            "column": 12
          }
        },
        "loc": {
          "start": {
            "line": 113,
            "column": 18
          },
          "end": {
            "line": 113,
            "column": 35
          }
        },
        "line": 113
      },
      "19": {
        "name": "(anonymous_19)",
        "decl": {
          "start": {
            "line": 114,
            "column": 17
          },
          "end": {
            "line": 114,
            "column": 18
          }
        },
        "loc": {
          "start": {
            "line": 114,
            "column": 24
          },
          "end": {
            "line": 114,
            "column": 53
          }
        },
        "line": 114
      },
      "20": {
        "name": "(anonymous_20)",
        "decl": {
          "start": {
            "line": 117,
            "column": 30
          },
          "end": {
            "line": 117,
            "column": 31
          }
        },
        "loc": {
          "start": {
            "line": 117,
            "column": 37
          },
          "end": {
            "line": 117,
            "column": 71
          }
        },
        "line": 117
      },
      "21": {
        "name": "(anonymous_21)",
        "decl": {
          "start": {
            "line": 127,
            "column": 15
          },
          "end": {
            "line": 127,
            "column": 16
          }
        },
        "loc": {
          "start": {
            "line": 128,
            "column": 6
          },
          "end": {
            "line": 128,
            "column": 63
          }
        },
        "line": 128
      },
      "22": {
        "name": "(anonymous_22)",
        "decl": {
          "start": {
            "line": 130,
            "column": 24
          },
          "end": {
            "line": 130,
            "column": 25
          }
        },
        "loc": {
          "start": {
            "line": 130,
            "column": 31
          },
          "end": {
            "line": 130,
            "column": 65
          }
        },
        "line": 130
      },
      "23": {
        "name": "(anonymous_23)",
        "decl": {
          "start": {
            "line": 131,
            "column": 19
          },
          "end": {
            "line": 131,
            "column": 20
          }
        },
        "loc": {
          "start": {
            "line": 131,
            "column": 26
          },
          "end": {
            "line": 131,
            "column": 55
          }
        },
        "line": 131
      },
      "24": {
        "name": "(anonymous_24)",
        "decl": {
          "start": {
            "line": 142,
            "column": 26
          },
          "end": {
            "line": 142,
            "column": 27
          }
        },
        "loc": {
          "start": {
            "line": 142,
            "column": 33
          },
          "end": {
            "line": 142,
            "column": 59
          }
        },
        "line": 142
      },
      "25": {
        "name": "(anonymous_25)",
        "decl": {
[...]
          }
        },
        "loc": {
          "start": {
            "line": 16,
            "column": 24
          },
          "end": {
            "line": 16,
            "column": 48
          }
        },
        "line": 16
      },
      "2": {
        "name": "(anonymous_2)",
        "decl": {
          "start": {
            "line": 17,
            "column": 20
          },
          "end": {
            "line": 17,
            "column": 21
          }
        },
        "loc": {
          "start": {
            "line": 17,
            "column": 27
          },
          "end": {
            "line": 17,
            "column": 51
          }
        },
        "line": 17
      },
      "3": {
        "name": "(anonymous_3)",
        "decl": {
          "start": {
            "line": 20,
            "column": 19
          },
          "end": {
            "line": 20,
            "column": 20
          }
        },
        "loc": {
          "start": {
            "line": 20,
            "column": 26
          },
          "end": {
            "line": 20,
            "column": 50
          }
        },
        "line": 20
      },
      "4": {
        "name": "(anonymous_4)",
        "decl": {
          "start": {
            "line": 21,
            "column": 22
          },
          "end": {
            "line": 21,
            "column": 23
          }
        },
        "loc": {
          "start": {
            "line": 21,
            "column": 29
          },
          "end": {
            "line": 21,
            "column": 53
          }
        },
        "line": 21
      },
      "5": {
        "name": "(anonymous_5)",
        "decl": {
          "start": {
            "line": 27,
            "column": 19
          },
          "end": {
            "line": 27,
            "column": 20
          }
        },
        "loc": {
          "start": {
            "line": 27,
            "column": 26
          },
          "end": {
            "line": 27,
            "column": 50
          }
        },
        "line": 27
      },
      "6": {
        "name": "(anonymous_6)",
        "decl": {
          "start": {
            "line": 28,
            "column": 17
          },
          "end": {
            "line": 28,
            "column": 18
          }
        },
        "loc": {
          "start": {
            "line": 28,
            "column": 24
          },
          "end": {
            "line": 28,
            "column": 56
          }
        },
        "line": 28
      },
      "7": {
        "name": "(anonymous_7)",
        "decl": {
          "start": {
            "line": 33,
            "column": 15
          },
          "end": {
            "line": 33,
            "column": 16
          }
        },
        "loc": {
          "start": {
            "line": 33,
            "column": 22
          },
          "end": {
            "line": 33,
            "column": 51
          }
        },
        "line": 33
      },
      "8": {
        "name": "(anonymous_8)",
        "decl": {
          "start": {
            "line": 38,
            "column": 18
          },
          "end": {
            "line": 38,
            "column": 19
          }
        },
        "loc": {
          "start": {
            "line": 38,
            "column": 25
          },
          "end": {
            "line": 38,
            "column": 49
          }
        },
        "line": 38
      },
      "9": {
        "name": "(anonymous_9)",
        "decl": {
          "start": {
            "line": 43,
            "column": 17
          },
          "end": {
            "line": 43,
            "column": 18
          }
        },
        "loc": {
          "start": {
            "line": 43,
            "column": 24
          },
          "end": {
            "line": 43,
            "column": 48
          }
        },
        "line": 43
      }
    },
    "branchMap": {},
    "s": {
      "0": 42,
      "1": 42,
      "2": 42,
      "3": 42,
      "4": 42,
      "5": 42,
      "6": 42,
      "7": 42,
      "8": 42,
      "9": 42,
      "10": 42,
      "11": 42,
      "12": 42,
      "13": 42,
      "14": 42,
      "15": 42
    },
    "f": {
      "0": 42,
      "1": 42,
      "2": 42,
      "3": 42,
      "4": 42,
      "5": 42,
      "6": 42,
      "7": 42,
      "8": 42,
      "9": 42
    },
    "b": {},
    "_coverageSchema": "1a1c01bbd47fc00a2c39e90264f33305004495a9",
    "hash": "aa048d382b43e5bf91793579e21e7f040cb9a106"
  },
  "/Users/ramsydevos@saxum.nl/sources/opdrachten/vng/developer.overheid.nl/ui/src/components/Feedback/Feedback.jsx": {
    "path": "/Users/ramsydevos@saxum.nl/sources/opdrachten/vng/developer.overheid.nl/ui/src/components/Feedback/Feedback.jsx",
    "statementMap": {
      "0": {
        "start": {
          "line": 17,
          "column": 17
        },
        "end": {
          "line": 43,
          "column": 1
        }
      },
      "1": {
        "start": {
          "line": 18,
          "column": 2
        },
        "end": {
          "line": 42,
          "column": 3
        }
      }
    },
    "fnMap": {
      "0": {
        "name": "(anonymous_0)",
        "decl": {
          "start": {
            "line": 17,
            "column": 17
          },
          "end": {
            "line": 17,
            "column": 18
          }
        },
        "loc": {
          "start": {
            "line": 17,
            "column": 23
          },
          "end": {
            "line": 43,
            "column": 1
          }
        },
        "line": 17
      }
    },
    "branchMap": {},
    "s": {
      "0": 42,
      "1": 42
    },
    "f": {
      "0": 42
    },
    "b": {},
    "_coverageSchema": "1a1c01bbd47fc00a2c39e90264f33305004495a9",
    "hash": "0a3834c46696dc19a52752de0ea24d13863dfc6c"
  },
  "/Users/ramsydevos@saxum.nl/sources/opdrachten/vng/developer.overheid.nl/ui/src/components/Footer/Footer.styles.js": {
    "path": "/Users/ramsydevos@saxum.nl/sources/opdrachten/vng/developer.overheid.nl/ui/src/components/Footer/Footer.styles.js",
    "statementMap": {
      "0": {
        "start": {
          "line": 9,
          "column": 26
        },
        "end": {
          "line": 19,
          "column": 1
        }
      },
      "1": {
        "start": {
          "line": 13,
          "column": 19
        },
        "end": {
          "line": 13,
          "column": 39
        }
      },
      "2": {
        "start": {
          "line": 14,
          "column": 29
        },
        "end": {
          "line": 14,
          "column": 63
        }
      },
      "3": {
        "start": {
          "line": 17,
          "column": 21
        },
        "end": {
          "line": 17,
          "column": 47
        }
      },
      "4": {
        "start": {
          "line": 21,
          "column": 31
        },
        "end": {
          "line": 27,
          "column": 1
        }
      },
      "5": {
        "start": {
          "line": 22,
          "column": 24
        },
        "end": {
          "line": 22,
          "column": 48
        }
      },
      "6": {
        "start": {
          "line": 25,
          "column": 26
        },
        "end": {
          "line": 25,
          "column": 50
        }
      },
      "7": {
        "start": {
          "line": 29,
          "column": 26
        },
        "end": {
          "line": 33,
          "column": 1
        }
      },
      "8": {
        "start": {
          "line": 32,
          "column": 22
        },
        "end": {
          "line": 32,
          "column": 50
        }
      },
      "9": {
        "start": {
          "line": 35,
          "column": 34
        },
        "end": {
          "line": 43,
          "column": 1
        }
      },
      "10": {
        "start": {
          "line": 45,
          "column": 29
        },
        "end": {
          "line": 60,
          "column": 1
        }
      },
      "11": {
        "start": {
          "line": 62,
          "column": 29
        },
        "end": {
          "line": 77,
          "column": 1
        }
      },
      "12": {
        "start": {
          "line": 65,
          "column": 24
        },
        "end": {
          "line": 65,
          "column": 48
        }
      },
      "13": {
        "start": {
          "line": 75,
          "column": 25
        },
        "end": {
          "line": 75,
          "column": 49
        }
      }
    },
    "fnMap": {
      "0": {
        "name": "(anonymous_0)",
        "decl": {
          "start": {
            "line": 13,
            "column": 12
          },
          "end": {
            "line": 13,
            "column": 13
          }
        },
        "loc": {
          "start": {
            "line": 13,
            "column": 19
          },
          "end": {
            "line": 13,
            "column": 39
          }
        },
        "line": 13
      },
      "1": {
        "name": "(anonymous_1)",
        "decl": {
          "start": {
            "line": 14,
            "column": 22
          },
          "end": {
            "line": 14,
            "column": 23
          }
        },
        "loc": {
          "start": {
            "line": 14,
            "column": 29
          },
          "end": {
            "line": 14,
            "column": 63
          }
        },
        "line": 14
      },
      "2": {
        "name": "(anonymous_2)",
        "decl": {
          "start": {
            "line": 17,
            "column": 14
          },
          "end": {
            "line": 17,
            "column": 15
          }
        },
        "loc": {
          "start": {
            "line": 17,
            "column": 21
          },
          "end": {
            "line": 17,
            "column": 47
          }
        },
        "line": 17
      },
      "3": {
        "name": "(anonymous_3)",
        "decl": {
          "start": {
            "line": 22,
            "column": 17
          },
          "end": {
            "line": 22,
            "column": 18
          }
        },
        "loc": {
          "start": {
            "line": 22,
            "column": 24
          },
          "end": {
            "line": 22,
            "column": 48
          }
        },
        "line": 22
      },
      "4": {
        "name": "(anonymous_4)",
        "decl": {
          "start": {
            "line": 25,
            "column": 19
          },
          "end": {
            "line": 25,
            "column": 20
          }
        },
        "loc": {
          "start": {
            "line": 25,
            "column": 26
          },
          "end": {
            "line": 25,
            "column": 50
          }
        },
        "line": 25
      },
      "5": {
        "name": "(anonymous_5)",
        "decl": {
          "start": {
            "line": 32,
            "column": 15
          },
          "end": {
            "line": 32,
            "column": 16
          }
        },
        "loc": {
          "start": {
            "line": 32,
            "column": 22
          },
          "end": {
            "line": 32,
            "column": 50
          }
        },
        "line": 32
      },
      "6": {
        "name": "(anonymous_6)",
        "decl": {
          "start": {
            "line": 65,
            "column": 17
          },
          "end": {
            "line": 65,
            "column": 18
          }
        },
        "loc": {
          "start": {
            "line": 65,
            "column": 24
          },
          "end": {
            "line": 65,
            "column": 48
          }
        },
        "line": 65
      },
      "7": {
        "name": "(anonymous_7)",
        "decl": {
          "start": {
            "line": 75,
            "column": 18
          },
          "end": {
            "line": 75,
            "column": 19
          }
        },
        "loc": {
          "start": {
            "line": 75,
            "column": 25
          },
          "end": {
            "line": 75,
            "column": 49
          }
        },
        "line": 75
      }
    },
    "branchMap": {},
    "s": {
      "0": 42,
      "1": 42,
      "2": 42,
      "3": 42,
      "4": 42,
      "5": 42,
      "6": 42,
      "7": 42,
      "8": 42,
      "9": 42,
      "10": 42,
      "11": 42,
      "12": 42,
      "13": 42
    },
    "f": {
      "0": 42,
      "1": 42,
      "2": 42,
      "3": 42,
      "4": 42,
      "5": 42,
      "6": 42,
      "7": 42
    },
    "b": {},
    "_coverageSchema": "1a1c01bbd47fc00a2c39e90264f33305004495a9",
    "hash": "528c361020ab3d7b9becada2967c15107878071d"
  },
  "/Users/ramsydevos@saxum.nl/sources/opdrachten/vng/developer.overheid.nl/ui/src/components/Footer/Footer.jsx": {
    "path": "/Users/ramsydevos@saxum.nl/sources/opdrachten/vng/developer.overheid.nl/ui/src/components/Footer/Footer.jsx",
    "statementMap": {
      "0": {
        "start": {
          "line": 15,
          "column": 15
        },
        "end": {
          "line": 30,
          "column": 1
        }
      },
      "1": {
        "start": {
          "line": 16,
          "column": 2
        },
        "end": {
          "line": 29,
          "column": 3
        }
      }
    },
    "fnMap": {
      "0": {
        "name": "(anonymous_0)",
        "decl": {
          "start": {
            "line": 15,
            "column": 15
          },
          "end": {
            "line": 15,
            "column": 16
          }
        },
        "loc": {
          "start": {
            "line": 15,
            "column": 21
          },
          "end": {
            "line": 30,
            "column": 1
          }
        },
        "line": 15
      }
    },
    "branchMap": {},
    "s": {
      "0": 42,
      "1": 42
    },
    "f": {
      "0": 42
    },
    "b": {},
    "_coverageSchema": "1a1c01bbd47fc00a2c39e90264f33305004495a9",
    "hash": "b34349e54120eeb6eb67ba9a8293322669989de9"
  },
  "/Users/ramsydevos@saxum.nl/sources/opdrachten/vng/developer.overheid.nl/ui/src/components/GlobalStyles/GlobalStyles.js": {
    "path": "/Users/ramsydevos@saxum.nl/sources/opdrachten/vng/developer.overheid.nl/ui/src/components/GlobalStyles/GlobalStyles.js",
    "statementMap": {
      "0": {
        "start": {
          "line": 8,
          "column": 31
        },
        "end": {
          "line": 8,
          "column": 58
        }
      }
    },
    "fnMap": {
      "0": {
        "name": "(anonymous_0)",
        "decl": {
          "start": {
            "line": 8,
            "column": 24
          },
          "end": {
            "line": 8,
            "column": 25
          }
        },
        "loc": {
          "start": {
            "line": 8,
            "column": 31
          },
          "end": {
            "line": 8,
            "column": 58
          }
        },
        "line": 8
      }
    },
    "branchMap": {},
    "s": {
      "0": 42
    },
    "f": {
      "0": 42
    },
    "b": {},
    "_coverageSchema": "1a1c01bbd47fc00a2c39e90264f33305004495a9",
    "hash": "e64391feed43083c456143655dbe47276bb47dff"
  },
  "/Users/ramsydevos@saxum.nl/sources/opdrachten/vng/developer.overheid.nl/ui/src/App.styles.js": {
    "path": "/Users/ramsydevos@saxum.nl/sources/opdrachten/vng/developer.overheid.nl/ui/src/App.styles.js",
    "statementMap": {
      "0": {
        "start": {
          "line": 8,
          "column": 28
        },
        "end": {
          "line": 11,
          "column": 1
        }
      },
      "1": {
        "start": {
          "line": 13,
          "column": 27
        },
        "end": {
          "line": 19,
          "column": 1
        }
      },
      "2": {
        "start": {
          "line": 14,
          "column": 27
        },
        "end": {
          "line": 14,
          "column": 47
        }
      },
      "3": {
        "start": {
          "line": 17,
          "column": 29
        },
        "end": {
          "line": 17,
          "column": 55
        }
      }
    },
    "fnMap": {
      "0": {
        "name": "(anonymous_0)",
        "decl": {
          "start": {
            "line": 14,
            "column": 20
          },
          "end": {
            "line": 14,
            "column": 21
          }
        },
        "loc": {
          "start": {
            "line": 14,
            "column": 27
          },
          "end": {
            "line": 14,
            "column": 47
          }
        },
        "line": 14
      },
      "1": {
        "name": "(anonymous_1)",
        "decl": {
          "start": {
            "line": 17,
            "column": 22
          },
          "end": {
            "line": 17,
            "column": 23
          }
        },
        "loc": {
          "start": {
            "line": 17,
            "column": 29
          },
          "end": {
            "line": 17,
            "column": 55
          }
        },
        "line": 17
      }
    },
    "branchMap": {},
    "s": {
      "0": 42,
      "1": 42,
      "2": 42,
      "3": 42
    },
    "f": {
      "0": 42,
      "1": 42
    },
    "b": {},
    "_coverageSchema": "1a1c01bbd47fc00a2c39e90264f33305004495a9",
    "hash": "bb5b55db50caf429c48441f1545c1eff334a0236"
  },
  "/Users/ramsydevos@saxum.nl/sources/opdrachten/vng/developer.overheid.nl/ui/src/App.jsx": {
    "path": "/Users/ramsydevos@saxum.nl/sources/opdrachten/vng/developer.overheid.nl/ui/src/App.jsx",
    "statementMap": {
      "0": {
        "start": {
          "line": 27,
          "column": 25
        },
        "end": {
          "line": 31,
          "column": 1
        }
      },
      "1": {
        "start": {
          "line": 28,
          "column": 2
        },
        "end": {
          "line": 30,
          "column": 3
        }
      },
      "2": {
        "start": {
          "line": 33,
          "column": 12
        },
        "end": {
          "line": 69,
          "column": 1
        }
      },
      "3": {
        "start": {
          "line": 34,
          "column": 2
        },
        "end": {
          "line": 68,
          "column": 18
        }
      }
    },
    "fnMap": {
      "0": {
        "name": "(anonymous_0)",
        "decl": {
          "start": {
            "line": 27,
            "column": 30
          },
          "end": {
            "line": 27,
            "column": 31
          }
        },
        "loc": {
          "start": {
            "line": 28,
            "column": 2
          },
          "end": {
            "line": 30,
            "column": 3
          }
        },
        "line": 28
      },
      "1": {
        "name": "(anonymous_1)",
        "decl": {
          "start": {
            "line": 33,
            "column": 12
          },
          "end": {
            "line": 33,
            "column": 13
          }
        },
        "loc": {
          "start": {
            "line": 34,
            "column": 2
          },
          "end": {
            "line": 68,
            "column": 18
          }
        },
        "line": 34
      }
    },
    "branchMap": {},
    "s": {
      "0": 42,
      "1": 0,
      "2": 42,
      "3": 46
    },
    "f": {
      "0": 0,
      "1": 46
    },
    "b": {},
    "_coverageSchema": "1a1c01bbd47fc00a2c39e90264f33305004495a9",
    "hash": "7a030d9ab91cbe9e60ce4d8f82f49fb855c91ea2"
  },
  "/Users/ramsydevos@saxum.nl/sources/opdrachten/vng/developer.overheid.nl/ui/src/index.jsx": {
    "path": "/Users/ramsydevos@saxum.nl/sources/opdrachten/vng/developer.overheid.nl/ui/src/index.jsx",
    "statementMap": {
      "0": {
        "start": {
          "line": 13,
          "column": 0
        },
        "end": {
          "line": 13,
          "column": 57
        }
      }
    },
    "fnMap": {},
    "branchMap": {},
    "s": {
      "0": 42
    },
    "f": {},
    "b": {},
    "_coverageSchema": "1a1c01bbd47fc00a2c39e90264f33305004495a9",
    "hash": "cb3ca2d37c2d5bec8a96b85cdc479de5f95e214e"
  }
}