{"total": {"lines":{"total":1716,"covered":840,"skipped":0,"pct":48.95},"statements":{"total":1751,"covered":854,"skipped":0,"pct":48.77},"functions":{"total":746,"covered":210,"skipped":0,"pct":28.15},"branches":{"total":563,"covered":78,"skipped":0,"pct":13.85}}
,"/Users/ramsydevos@saxum.nl/sources/opdrachten/vng/developer.overheid.nl/ui/src/App.jsx": {"lines":{"total":4,"covered":3,"skipped":0,"pct":75},"functions":{"total":2,"covered":1,"skipped":0,"pct":50},"statements":{"total":4,"covered":3,"skipped":0,"pct":75},"branches":{"total":0,"covered":0,"skipped":0,"pct":100}}
,"/Users/ramsydevos@saxum.nl/sources/opdrachten/vng/developer.overheid.nl/ui/src/App.styles.js": {"lines":{"total":4,"covered":4,"skipped":0,"pct":100},"functions":{"total":2,"covered":2,"skipped":0,"pct":100},"statements":{"total":4,"covered":4,"skipped":0,"pct":100},"branches":{"total":0,"covered":0,"skipped":0,"pct":100}}
,"/Users/ramsydevos@saxum.nl/sources/opdrachten/vng/developer.overheid.nl/ui/src/constants.js": {"lines":{"total":2,"covered":2,"skipped":0,"pct":100},"functions":{"total":0,"covered":0,"skipped":0,"pct":100},"statements":{"total":2,"covered":2,"skipped":0,"pct":100},"branches":{"total":0,"covered":0,"skipped":0,"pct":100}}
,"/Users/ramsydevos@saxum.nl/sources/opdrachten/vng/developer.overheid.nl/ui/src/index.jsx": {"lines":{"total":1,"covered":1,"skipped":0,"pct":100},"functions":{"total":0,"covered":0,"skipped":0,"pct":100},"statements":{"total":1,"covered":1,"skipped":0,"pct":100},"branches":{"total":0,"covered":0,"skipped":0,"pct":100}}
,"/Users/ramsydevos@saxum.nl/sources/opdrachten/vng/developer.overheid.nl/ui/src/components/APIDetails/APIDetails.jsx": {"lines":{"total":12,"covered":3,"skipped":0,"pct":25},"functions":{"total":5,"covered":0,"skipped":0,"pct":0},"statements":{"total":12,"covered":3,"skipped":0,"pct":25},"branches":{"total":19,"covered":0,"skipped":0,"pct":0}}
,"/Users/ramsydevos@saxum.nl/sources/opdrachten/vng/developer.overheid.nl/ui/src/components/APIDetails/APIDetails.styles.js": {"lines":{"total":18,"covered":8,"skipped":0,"pct":44.44},"functions":{"total":10,"covered":0,"skipped":0,"pct":0},"statements":{"total":18,"covered":8,"skipped":0,"pct":44.44},"branches":{"total":2,"covered":0,"skipped":0,"pct":0}}
,"/Users/ramsydevos@saxum.nl/sources/opdrachten/vng/developer.overheid.nl/ui/src/components/APIDetails/components/APIDesignRulesPane/APIDesignRulesPane.jsx": {"lines":{"total":12,"covered":4,"skipped":0,"pct":33.33},"functions":{"total":5,"covered":0,"skipped":0,"pct":0},"statements":{"total":13,"covered":4,"skipped":0,"pct":30.77},"branches":{"total":8,"covered":0,"skipped":0,"pct":0}}
,"/Users/ramsydevos@saxum.nl/sources/opdrachten/vng/developer.overheid.nl/ui/src/components/APIDetails/components/APIDesignRulesPane/APIDesignRulesPane.styles.js": {"lines":{"total":27,"covered":13,"skipped":0,"pct":48.15},"functions":{"total":14,"covered":0,"skipped":0,"pct":0},"statements":{"total":27,"covered":13,"skipped":0,"pct":48.15},"branches":{"total":0,"covered":0,"skipped":0,"pct":100}}
,"/Users/ramsydevos@saxum.nl/sources/opdrachten/vng/developer.overheid.nl/ui/src/components/APIDetails/components/APIEnvironments/APIEnvironments.jsx": {"lines":{"total":6,"covered":3,"skipped":0,"pct":50},"functions":{"total":2,"covered":0,"skipped":0,"pct":0},"statements":{"total":6,"covered":3,"skipped":0,"pct":50},"branches":{"total":10,"covered":0,"skipped":0,"pct":0}}
,"/Users/ramsydevos@saxum.nl/sources/opdrachten/vng/developer.overheid.nl/ui/src/components/APIDetails/components/APIEnvironments/APIEnvironments.styles.js": {"lines":{"total":11,"covered":6,"skipped":0,"pct":54.55},"functions":{"total":5,"covered":0,"skipped":0,"pct":0},"statements":{"total":11,"covered":6,"skipped":0,"pct":54.55},"branches":{"total":0,"covered":0,"skipped":0,"pct":100}}
,"/Users/ramsydevos@saxum.nl/sources/opdrachten/vng/developer.overheid.nl/ui/src/components/APIDetails/components/APIScoresPane/APIScoresPane.jsx": {"lines":{"total":7,"covered":3,"skipped":0,"pct":42.86},"functions":{"total":3,"covered":0,"skipped":0,"pct":0},"statements":{"total":8,"covered":3,"skipped":0,"pct":37.5},"branches":{"total":4,"covered":0,"skipped":0,"pct":0}}
,"/Users/ramsydevos@saxum.nl/sources/opdrachten/vng/developer.overheid.nl/ui/src/components/APIDetails/components/APIScoresPane/APIScoresPane.styles.js": {"lines":{"total":2,"covered":1,"skipped":0,"pct":50},"functions":{"total":1,"covered":0,"skipped":0,"pct":0},"statements":{"total":2,"covered":1,"skipped":0,"pct":50},"branches":{"total":0,"covered":0,"skipped":0,"pct":100}}
,"/Users/ramsydevos@saxum.nl/sources/opdrachten/vng/developer.overheid.nl/ui/src/components/APIDetails/components/APITerms/APITerms.jsx": {"lines":{"total":10,"covered":4,"skipped":0,"pct":40},"functions":{"total":2,"covered":0,"skipped":0,"pct":0},"statements":{"total":10,"covered":4,"skipped":0,"pct":40},"branches":{"total":10,"covered":0,"skipped":0,"pct":0}}
,"/Users/ramsydevos@saxum.nl/sources/opdrachten/vng/developer.overheid.nl/ui/src/components/APIDetails/components/APITerms/APITerms.styles.js": {"lines":{"total":4,"covered":4,"skipped":0,"pct":100},"functions":{"total":0,"covered":0,"skipped":0,"pct":100},"statements":{"total":4,"covered":4,"skipped":0,"pct":100},"branches":{"total":0,"covered":0,"skipped":0,"pct":100}}
,"/Users/ramsydevos@saxum.nl/sources/opdrachten/vng/developer.overheid.nl/ui/src/components/APIDetails/components/GradeBanner/GradeBanner.jsx": {"lines":{"total":5,"covered":2,"skipped":0,"pct":40},"functions":{"total":1,"covered":0,"skipped":0,"pct":0},"statements":{"total":5,"covered":2,"skipped":0,"pct":40},"branches":{"total":2,"covered":0,"skipped":0,"pct":0}}
,"/Users/ramsydevos@saxum.nl/sources/opdrachten/vng/developer.overheid.nl/ui/src/components/APIDetails/components/GradeBanner/GradeBanner.styles.js": {"lines":{"total":8,"covered":4,"skipped":0,"pct":50},"functions":{"total":4,"covered":0,"skipped":0,"pct":0},"statements":{"total":8,"covered":4,"skipped":0,"pct":50},"branches":{"total":0,"covered":0,"skipped":0,"pct":100}}
,"/Users/ramsydevos@saxum.nl/sources/opdrachten/vng/developer.overheid.nl/ui/src/components/APIDetails/components/GradeBox/GradeBox.jsx": {"lines":{"total":5,"covered":2,"skipped":0,"pct":40},"functions":{"total":1,"covered":0,"skipped":0,"pct":0},"statements":{"total":5,"covered":2,"skipped":0,"pct":40},"branches":{"total":2,"covered":0,"skipped":0,"pct":0}}
,"/Users/ramsydevos@saxum.nl/sources/opdrachten/vng/developer.overheid.nl/ui/src/components/APIDetails/components/GradeBox/GradeBox.styles.js": {"lines":{"total":7,"covered":5,"skipped":0,"pct":71.43},"functions":{"total":2,"covered":0,"skipped":0,"pct":0},"statements":{"total":7,"covered":5,"skipped":0,"pct":71.43},"branches":{"total":0,"covered":0,"skipped":0,"pct":100}}
,"/Users/ramsydevos@saxum.nl/sources/opdrachten/vng/developer.overheid.nl/ui/src/components/APIDetailsHeader/APIDetailsHeader.jsx": {"lines":{"total":11,"covered":3,"skipped":0,"pct":27.27},"functions":{"total":3,"covered":0,"skipped":0,"pct":0},"statements":{"total":11,"covered":3,"skipped":0,"pct":27.27},"branches":{"total":12,"covered":0,"skipped":0,"pct":0}}
,"/Users/ramsydevos@saxum.nl/sources/opdrachten/vng/developer.overheid.nl/ui/src/components/APIDetailsHeader/APIDetailsHeader.styles.js": {"lines":{"total":14,"covered":7,"skipped":0,"pct":50},"functions":{"total":7,"covered":0,"skipped":0,"pct":0},"statements":{"total":14,"covered":7,"skipped":0,"pct":50},"branches":{"total":0,"covered":0,"skipped":0,"pct":100}}
,"/Users/ramsydevos@saxum.nl/sources/opdrachten/vng/developer.overheid.nl/ui/src/components/APIFilter/APIFilter.jsx": {"lines":{"total":5,"covered":3,"skipped":0,"pct":60},"functions":{"total":2,"covered":0,"skipped":0,"pct":0},"statements":{"total":5,"covered":3,"skipped":0,"pct":60},"branches":{"total":2,"covered":0,"skipped":0,"pct":0}}
,"/Users/ramsydevos@saxum.nl/sources/opdrachten/vng/developer.overheid.nl/ui/src/components/APIFilter/APIFilter.styles.js": {"lines":{"total":7,"covered":1,"skipped":0,"pct":14.29},"functions":{"total":6,"covered":0,"skipped":0,"pct":0},"statements":{"total":7,"covered":1,"skipped":0,"pct":14.29},"branches":{"total":0,"covered":0,"skipped":0,"pct":100}}
,"/Users/ramsydevos@saxum.nl/sources/opdrachten/vng/developer.overheid.nl/ui/src/components/APIFilters/APIFilters.jsx": {"lines":{"total":16,"covered":5,"skipped":0,"pct":31.25},"functions":{"total":10,"covered":0,"skipped":0,"pct":0},"statements":{"total":17,"covered":5,"skipped":0,"pct":29.41},"branches":{"total":9,"covered":0,"skipped":0,"pct":0}}
,"/Users/ramsydevos@saxum.nl/sources/opdrachten/vng/developer.overheid.nl/ui/src/components/APIFilters/APIFilters.styles.js": {"lines":{"total":6,"covered":2,"skipped":0,"pct":33.33},"functions":{"total":4,"covered":0,"skipped":0,"pct":0},"statements":{"total":6,"covered":2,"skipped":0,"pct":33.33},"branches":{"total":4,"covered":0,"skipped":0,"pct":0}}
,"/Users/ramsydevos@saxum.nl/sources/opdrachten/vng/developer.overheid.nl/ui/src/components/APIList/APIList.jsx": {"lines":{"total":4,"covered":2,"skipped":0,"pct":50},"functions":{"total":2,"covered":0,"skipped":0,"pct":0},"statements":{"total":4,"covered":2,"skipped":0,"pct":50},"branches":{"total":0,"covered":0,"skipped":0,"pct":100}}
,"/Users/ramsydevos@saxum.nl/sources/opdrachten/vng/developer.overheid.nl/ui/src/components/APIList/APIList.styles.js": {"lines":{"total":7,"covered":4,"skipped":0,"pct":57.14},"functions":{"total":3,"covered":0,"skipped":0,"pct":0},"statements":{"total":7,"covered":4,"skipped":0,"pct":57.14},"branches":{"total":0,"covered":0,"skipped":0,"pct":100}}
,"/Users/ramsydevos@saxum.nl/sources/opdrachten/vng/developer.overheid.nl/ui/src/components/APISummary/APISummary.jsx": {"lines":{"total":3,"covered":2,"skipped":0,"pct":66.67},"functions":{"total":1,"covered":0,"skipped":0,"pct":0},"statements":{"total":3,"covered":2,"skipped":0,"pct":66.67},"branches":{"total":0,"covered":0,"skipped":0,"pct":100}}
,"/Users/ramsydevos@saxum.nl/sources/opdrachten/vng/developer.overheid.nl/ui/src/components/APISummary/APISummary.styles.js": {"lines":{"total":11,"covered":5,"skipped":0,"pct":45.45},"functions":{"total":6,"covered":0,"skipped":0,"pct":0},"statements":{"total":11,"covered":5,"skipped":0,"pct":45.45},"branches":{"total":0,"covered":0,"skipped":0,"pct":100}}
,"/Users/ramsydevos@saxum.nl/sources/opdrachten/vng/developer.overheid.nl/ui/src/components/Card/Card.js": {"lines":{"total":5,"covered":5,"skipped":0,"pct":100},"functions":{"total":0,"covered":0,"skipped":0,"pct":100},"statements":{"total":5,"covered":5,"skipped":0,"pct":100},"branches":{"total":0,"covered":0,"skipped":0,"pct":100}}
,"/Users/ramsydevos@saxum.nl/sources/opdrachten/vng/developer.overheid.nl/ui/src/components/Card/Card.styles.js": {"lines":{"total":8,"covered":8,"skipped":0,"pct":100},"functions":{"total":3,"covered":3,"skipped":0,"pct":100},"statements":{"total":8,"covered":8,"skipped":0,"pct":100},"branches":{"total":0,"covered":0,"skipped":0,"pct":100}}
,"/Users/ramsydevos@saxum.nl/sources/opdrachten/vng/developer.overheid.nl/ui/src/components/CheckboxGroupField/CheckboxGroupField.jsx": {"lines":{"total":8,"covered":3,"skipped":0,"pct":37.5},"functions":{"total":5,"covered":0,"skipped":0,"pct":0},"statements":{"total":9,"covered":3,"skipped":0,"pct":33.33},"branches":{"total":4,"covered":0,"skipped":0,"pct":0}}
,"/Users/ramsydevos@saxum.nl/sources/opdrachten/vng/developer.overheid.nl/ui/src/components/CheckboxGroupField/CheckboxGroupField.styles.js": {"lines":{"total":9,"covered":1,"skipped":0,"pct":11.11},"functions":{"total":8,"covered":0,"skipped":0,"pct":0},"statements":{"total":9,"covered":1,"skipped":0,"pct":11.11},"branches":{"total":0,"covered":0,"skipped":0,"pct":100}}
,"/Users/ramsydevos@saxum.nl/sources/opdrachten/vng/developer.overheid.nl/ui/src/components/CodeBlock/CodeBlock.jsx": {"lines":{"total":5,"covered":2,"skipped":0,"pct":40},"functions":{"total":2,"covered":0,"skipped":0,"pct":0},"statements":{"total":5,"covered":2,"skipped":0,"pct":40},"branches":{"total":2,"covered":0,"skipped":0,"pct":0}}
,"/Users/ramsydevos@saxum.nl/sources/opdrachten/vng/developer.overheid.nl/ui/src/components/CodeBlock/CodeBlock.styles.js": {"lines":{"total":15,"covered":3,"skipped":0,"pct":20},"functions":{"total":13,"covered":0,"skipped":0,"pct":0},"statements":{"total":16,"covered":3,"skipped":0,"pct":18.75},"branches":{"total":0,"covered":0,"skipped":0,"pct":100}}
,"/Users/ramsydevos@saxum.nl/sources/opdrachten/vng/developer.overheid.nl/ui/src/components/CodeBlock/copy.js": {"lines":{"total":18,"covered":0,"skipped":0,"pct":0},"functions":{"total":1,"covered":0,"skipped":0,"pct":0},"statements":{"total":18,"covered":0,"skipped":0,"pct":0},"branches":{"total":4,"covered":0,"skipped":0,"pct":0}}
,"/Users/ramsydevos@saxum.nl/sources/opdrachten/vng/developer.overheid.nl/ui/src/components/CodeBlock/showFeedback.js": {"lines":{"total":3,"covered":0,"skipped":0,"pct":0},"functions":{"total":2,"covered":0,"skipped":0,"pct":0},"statements":{"total":3,"covered":0,"skipped":0,"pct":0},"branches":{"total":0,"covered":0,"skipped":0,"pct":100}}
,"/Users/ramsydevos@saxum.nl/sources/opdrachten/vng/developer.overheid.nl/ui/src/components/CodeExamples/CodeExamples.jsx": {"lines":{"total":16,"covered":7,"skipped":0,"pct":43.75},"functions":{"total":7,"covered":0,"skipped":0,"pct":0},"statements":{"total":17,"covered":7,"skipped":0,"pct":41.18},"branches":{"total":8,"covered":0,"skipped":0,"pct":0}}
,"/Users/ramsydevos@saxum.nl/sources/opdrachten/vng/developer.overheid.nl/ui/src/components/CodeExamples/CodeExamples.styles.js": {"lines":{"total":25,"covered":12,"skipped":0,"pct":48},"functions":{"total":14,"covered":0,"skipped":0,"pct":0},"statements":{"total":26,"covered":12,"skipped":0,"pct":46.15},"branches":{"total":0,"covered":0,"skipped":0,"pct":100}}
,"/Users/ramsydevos@saxum.nl/sources/opdrachten/vng/developer.overheid.nl/ui/src/components/CodeList/CodeList.jsx": {"lines":{"total":4,"covered":2,"skipped":0,"pct":50},"functions":{"total":2,"covered":0,"skipped":0,"pct":0},"statements":{"total":4,"covered":2,"skipped":0,"pct":50},"branches":{"total":0,"covered":0,"skipped":0,"pct":100}}
,"/Users/ramsydevos@saxum.nl/sources/opdrachten/vng/developer.overheid.nl/ui/src/components/CodeList/CodeList.styles.js": {"lines":{"total":2,"covered":2,"skipped":0,"pct":100},"functions":{"total":0,"covered":0,"skipped":0,"pct":100},"statements":{"total":2,"covered":2,"skipped":0,"pct":100},"branches":{"total":0,"covered":0,"skipped":0,"pct":100}}
,"/Users/ramsydevos@saxum.nl/sources/opdrachten/vng/developer.overheid.nl/ui/src/components/CodeSummary/CodeSummary.jsx": {"lines":{"total":5,"covered":2,"skipped":0,"pct":40},"functions":{"total":3,"covered":0,"skipped":0,"pct":0},"statements":{"total":5,"covered":2,"skipped":0,"pct":40},"branches":{"total":8,"covered":0,"skipped":0,"pct":0}}
,"/Users/ramsydevos@saxum.nl/sources/opdrachten/vng/developer.overheid.nl/ui/src/components/CodeSummary/CodeSummary.styles.js": {"lines":{"total":27,"covered":15,"skipped":0,"pct":55.56},"functions":{"total":12,"covered":0,"skipped":0,"pct":0},"statements":{"total":27,"covered":15,"skipped":0,"pct":55.56},"branches":{"total":0,"covered":0,"skipped":0,"pct":100}}
,"/Users/ramsydevos@saxum.nl/sources/opdrachten/vng/developer.overheid.nl/ui/src/components/CustomDON/index.js": {"lines":{"total":2,"covered":2,"skipped":0,"pct":100},"functions":{"total":1,"covered":1,"skipped":0,"pct":100},"statements":{"total":2,"covered":2,"skipped":0,"pct":100},"branches":{"total":0,"covered":0,"skipped":0,"pct":100}}
,"/Users/ramsydevos@saxum.nl/sources/opdrachten/vng/developer.overheid.nl/ui/src/components/EnvironmentFormInputs/EnvironmentFormInputs.jsx": {"lines":{"total":8,"covered":4,"skipped":0,"pct":50},"functions":{"total":3,"covered":0,"skipped":0,"pct":0},"statements":{"total":9,"covered":4,"skipped":0,"pct":44.44},"branches":{"total":17,"covered":0,"skipped":0,"pct":0}}
,"/Users/ramsydevos@saxum.nl/sources/opdrachten/vng/developer.overheid.nl/ui/src/components/ErrorMessage/ErrorMessage.jsx": {"lines":{"total":8,"covered":4,"skipped":0,"pct":50},"functions":{"total":2,"covered":0,"skipped":0,"pct":0},"statements":{"total":8,"covered":4,"skipped":0,"pct":50},"branches":{"total":5,"covered":0,"skipped":0,"pct":0}}
,"/Users/ramsydevos@saxum.nl/sources/opdrachten/vng/developer.overheid.nl/ui/src/components/EventList/EventList.jsx": {"lines":{"total":4,"covered":4,"skipped":0,"pct":100},"functions":{"total":2,"covered":2,"skipped":0,"pct":100},"statements":{"total":4,"covered":4,"skipped":0,"pct":100},"branches":{"total":0,"covered":0,"skipped":0,"pct":100}}
,"/Users/ramsydevos@saxum.nl/sources/opdrachten/vng/developer.overheid.nl/ui/src/components/EventList/EventList.styles.js": {"lines":{"total":3,"covered":3,"skipped":0,"pct":100},"functions":{"total":1,"covered":1,"skipped":0,"pct":100},"statements":{"total":3,"covered":3,"skipped":0,"pct":100},"branches":{"total":0,"covered":0,"skipped":0,"pct":100}}
,"/Users/ramsydevos@saxum.nl/sources/opdrachten/vng/developer.overheid.nl/ui/src/components/EventSummary/EventBackground.jsx": {"lines":{"total":2,"covered":2,"skipped":0,"pct":100},"functions":{"total":1,"covered":1,"skipped":0,"pct":100},"statements":{"total":2,"covered":2,"skipped":0,"pct":100},"branches":{"total":0,"covered":0,"skipped":0,"pct":100}}
,"/Users/ramsydevos@saxum.nl/sources/opdrachten/vng/developer.overheid.nl/ui/src/components/EventSummary/EventSummary.jsx": {"lines":{"total":5,"covered":4,"skipped":0,"pct":80},"functions":{"total":2,"covered":1,"skipped":0,"pct":50},"statements":{"total":5,"covered":4,"skipped":0,"pct":80},"branches":{"total":2,"covered":1,"skipped":0,"pct":50}}
,"/Users/ramsydevos@saxum.nl/sources/opdrachten/vng/developer.overheid.nl/ui/src/components/EventSummary/EventSummary.styles.js": {"lines":{"total":32,"covered":32,"skipped":0,"pct":100},"functions":{"total":21,"covered":21,"skipped":0,"pct":100},"statements":{"total":33,"covered":33,"skipped":0,"pct":100},"branches":{"total":0,"covered":0,"skipped":0,"pct":100}}
,"/Users/ramsydevos@saxum.nl/sources/opdrachten/vng/developer.overheid.nl/ui/src/components/Expandable/Expandable.jsx": {"lines":{"total":5,"covered":2,"skipped":0,"pct":40},"functions":{"total":2,"covered":0,"skipped":0,"pct":0},"statements":{"total":5,"covered":2,"skipped":0,"pct":40},"branches":{"total":2,"covered":0,"skipped":0,"pct":0}}
,"/Users/ramsydevos@saxum.nl/sources/opdrachten/vng/developer.overheid.nl/ui/src/components/Expandable/Expandable.styles.js": {"lines":{"total":5,"covered":2,"skipped":0,"pct":40},"functions":{"total":3,"covered":0,"skipped":0,"pct":0},"statements":{"total":5,"covered":2,"skipped":0,"pct":40},"branches":{"total":2,"covered":0,"skipped":0,"pct":0}}
,"/Users/ramsydevos@saxum.nl/sources/opdrachten/vng/developer.overheid.nl/ui/src/components/Feedback/Feedback.jsx": {"lines":{"total":2,"covered":2,"skipped":0,"pct":100},"functions":{"total":1,"covered":1,"skipped":0,"pct":100},"statements":{"total":2,"covered":2,"skipped":0,"pct":100},"branches":{"total":0,"covered":0,"skipped":0,"pct":100}}
,"/Users/ramsydevos@saxum.nl/sources/opdrachten/vng/developer.overheid.nl/ui/src/components/Feedback/Feedback.styles.js": {"lines":{"total":16,"covered":16,"skipped":0,"pct":100},"functions":{"total":10,"covered":10,"skipped":0,"pct":100},"statements":{"total":16,"covered":16,"skipped":0,"pct":100},"branches":{"total":0,"covered":0,"skipped":0,"pct":100}}
,"/Users/ramsydevos@saxum.nl/sources/opdrachten/vng/developer.overheid.nl/ui/src/components/Footer/Footer.jsx": {"lines":{"total":2,"covered":2,"skipped":0,"pct":100},"functions":{"total":1,"covered":1,"skipped":0,"pct":100},"statements":{"total":2,"covered":2,"skipped":0,"pct":100},"branches":{"total":0,"covered":0,"skipped":0,"pct":100}}
,"/Users/ramsydevos@saxum.nl/sources/opdrachten/vng/developer.overheid.nl/ui/src/components/Footer/Footer.styles.js": {"lines":{"total":14,"covered":14,"skipped":0,"pct":100},"functions":{"total":8,"covered":8,"skipped":0,"pct":100},"statements":{"total":14,"covered":14,"skipped":0,"pct":100},"branches":{"total":0,"covered":0,"skipped":0,"pct":100}}
,"/Users/ramsydevos@saxum.nl/sources/opdrachten/vng/developer.overheid.nl/ui/src/components/Form/Form.jsx": {"lines":{"total":35,"covered":9,"skipped":0,"pct":25.71},"functions":{"total":26,"covered":0,"skipped":0,"pct":0},"statements":{"total":35,"covered":9,"skipped":0,"pct":25.71},"branches":{"total":0,"covered":0,"skipped":0,"pct":100}}
,"/Users/ramsydevos@saxum.nl/sources/opdrachten/vng/developer.overheid.nl/ui/src/components/Form/OnFormikValueChange.jsx": {"lines":{"total":5,"covered":1,"skipped":0,"pct":20},"functions":{"total":2,"covered":0,"skipped":0,"pct":0},"statements":{"total":5,"covered":1,"skipped":0,"pct":20},"branches":{"total":0,"covered":0,"skipped":0,"pct":100}}
,"/Users/ramsydevos@saxum.nl/sources/opdrachten/vng/developer.overheid.nl/ui/src/components/Form/yup-transforms.js": {"lines":{"total":4,"covered":1,"skipped":0,"pct":25},"functions":{"total":2,"covered":1,"skipped":0,"pct":50},"statements":{"total":5,"covered":2,"skipped":0,"pct":40},"branches":{"total":5,"covered":0,"skipped":0,"pct":0}}
,"/Users/ramsydevos@saxum.nl/sources/opdrachten/vng/developer.overheid.nl/ui/src/components/ForumPosts/ForumPost.jsx": {"lines":{"total":7,"covered":3,"skipped":0,"pct":42.86},"functions":{"total":2,"covered":0,"skipped":0,"pct":0},"statements":{"total":7,"covered":3,"skipped":0,"pct":42.86},"branches":{"total":0,"covered":0,"skipped":0,"pct":100}}
,"/Users/ramsydevos@saxum.nl/sources/opdrachten/vng/developer.overheid.nl/ui/src/components/ForumPosts/ForumPosts.jsx": {"lines":{"total":15,"covered":2,"skipped":0,"pct":13.33},"functions":{"total":3,"covered":0,"skipped":0,"pct":0},"statements":{"total":15,"covered":2,"skipped":0,"pct":13.33},"branches":{"total":10,"covered":0,"skipped":0,"pct":0}}
,"/Users/ramsydevos@saxum.nl/sources/opdrachten/vng/developer.overheid.nl/ui/src/components/ForumPosts/ForumPosts.styles.js": {"lines":{"total":31,"covered":14,"skipped":0,"pct":45.16},"functions":{"total":18,"covered":0,"skipped":0,"pct":0},"statements":{"total":32,"covered":14,"skipped":0,"pct":43.75},"branches":{"total":0,"covered":0,"skipped":0,"pct":100}}
,"/Users/ramsydevos@saxum.nl/sources/opdrachten/vng/developer.overheid.nl/ui/src/components/ForumPosts/ForumPostsView.jsx": {"lines":{"total":4,"covered":2,"skipped":0,"pct":50},"functions":{"total":2,"covered":0,"skipped":0,"pct":0},"statements":{"total":4,"covered":2,"skipped":0,"pct":50},"branches":{"total":0,"covered":0,"skipped":0,"pct":100}}
,"/Users/ramsydevos@saxum.nl/sources/opdrachten/vng/developer.overheid.nl/ui/src/components/ForumPosts/forumFunctions/fetchForumPosts.js": {"lines":{"total":8,"covered":0,"skipped":0,"pct":0},"functions":{"total":1,"covered":0,"skipped":0,"pct":0},"statements":{"total":8,"covered":0,"skipped":0,"pct":0},"branches":{"total":2,"covered":0,"skipped":0,"pct":0}}
,"/Users/ramsydevos@saxum.nl/sources/opdrachten/vng/developer.overheid.nl/ui/src/components/GlobalStyles/GlobalStyles.js": {"lines":{"total":1,"covered":1,"skipped":0,"pct":100},"functions":{"total":1,"covered":1,"skipped":0,"pct":100},"statements":{"total":1,"covered":1,"skipped":0,"pct":100},"branches":{"total":0,"covered":0,"skipped":0,"pct":100}}
,"/Users/ramsydevos@saxum.nl/sources/opdrachten/vng/developer.overheid.nl/ui/src/components/Grade/Grade.jsx": {"lines":{"total":48,"covered":18,"skipped":0,"pct":37.5},"functions":{"total":15,"covered":0,"skipped":0,"pct":0},"statements":{"total":48,"covered":18,"skipped":0,"pct":37.5},"branches":{"total":16,"covered":0,"skipped":0,"pct":0}}
,"/Users/ramsydevos@saxum.nl/sources/opdrachten/vng/developer.overheid.nl/ui/src/components/Grade/Grade.styles.js": {"lines":{"total":15,"covered":2,"skipped":0,"pct":13.33},"functions":{"total":13,"covered":0,"skipped":0,"pct":0},"statements":{"total":15,"covered":2,"skipped":0,"pct":13.33},"branches":{"total":4,"covered":0,"skipped":0,"pct":0}}
,"/Users/ramsydevos@saxum.nl/sources/opdrachten/vng/developer.overheid.nl/ui/src/components/Header/Header.jsx": {"lines":{"total":3,"covered":3,"skipped":0,"pct":100},"functions":{"total":1,"covered":1,"skipped":0,"pct":100},"statements":{"total":3,"covered":3,"skipped":0,"pct":100},"branches":{"total":0,"covered":0,"skipped":0,"pct":100}}
,"/Users/ramsydevos@saxum.nl/sources/opdrachten/vng/developer.overheid.nl/ui/src/components/Header/Header.styles.js": {"lines":{"total":43,"covered":37,"skipped":0,"pct":86.05},"functions":{"total":28,"covered":22,"skipped":0,"pct":78.57},"statements":{"total":43,"covered":37,"skipped":0,"pct":86.05},"branches":{"total":0,"covered":0,"skipped":0,"pct":100}}
,"/Users/ramsydevos@saxum.nl/sources/opdrachten/vng/developer.overheid.nl/ui/src/components/Header/assets/IconCode.js": {"lines":{"total":2,"covered":1,"skipped":0,"pct":50},"functions":{"total":1,"covered":0,"skipped":0,"pct":0},"statements":{"total":2,"covered":1,"skipped":0,"pct":50},"branches":{"total":0,"covered":0,"skipped":0,"pct":100}}
,"/Users/ramsydevos@saxum.nl/sources/opdrachten/vng/developer.overheid.nl/ui/src/components/Header/assets/IconEvents.js": {"lines":{"total":2,"covered":2,"skipped":0,"pct":100},"functions":{"total":1,"covered":1,"skipped":0,"pct":100},"statements":{"total":2,"covered":2,"skipped":0,"pct":100},"branches":{"total":0,"covered":0,"skipped":0,"pct":100}}
,"/Users/ramsydevos@saxum.nl/sources/opdrachten/vng/developer.overheid.nl/ui/src/components/Header/assets/IconHome.js": {"lines":{"total":2,"covered":2,"skipped":0,"pct":100},"functions":{"total":1,"covered":1,"skipped":0,"pct":100},"statements":{"total":2,"covered":2,"skipped":0,"pct":100},"branches":{"total":0,"covered":0,"skipped":0,"pct":100}}
,"/Users/ramsydevos@saxum.nl/sources/opdrachten/vng/developer.overheid.nl/ui/src/components/Header/assets/IconInfo.js": {"lines":{"total":2,"covered":1,"skipped":0,"pct":50},"functions":{"total":1,"covered":0,"skipped":0,"pct":0},"statements":{"total":2,"covered":1,"skipped":0,"pct":50},"branches":{"total":0,"covered":0,"skipped":0,"pct":100}}
,"/Users/ramsydevos@saxum.nl/sources/opdrachten/vng/developer.overheid.nl/ui/src/components/Header/assets/IconPresent.js": {"lines":{"total":2,"covered":2,"skipped":0,"pct":100},"functions":{"total":1,"covered":1,"skipped":0,"pct":100},"statements":{"total":2,"covered":2,"skipped":0,"pct":100},"branches":{"total":0,"covered":0,"skipped":0,"pct":100}}
,"/Users/ramsydevos@saxum.nl/sources/opdrachten/vng/developer.overheid.nl/ui/src/components/Headings/Headings.js": {"lines":{"total":16,"covered":3,"skipped":0,"pct":18.75},"functions":{"total":13,"covered":0,"skipped":0,"pct":0},"statements":{"total":16,"covered":3,"skipped":0,"pct":18.75},"branches":{"total":0,"covered":0,"skipped":0,"pct":100}}
,"/Users/ramsydevos@saxum.nl/sources/opdrachten/vng/developer.overheid.nl/ui/src/components/Icons/AddIcon.jsx": {"lines":{"total":4,"covered":4,"skipped":0,"pct":100},"functions":{"total":1,"covered":1,"skipped":0,"pct":100},"statements":{"total":4,"covered":4,"skipped":0,"pct":100},"branches":{"total":0,"covered":0,"skipped":0,"pct":100}}
,"/Users/ramsydevos@saxum.nl/sources/opdrachten/vng/developer.overheid.nl/ui/src/components/Icons/ArrowLeft.jsx": {"lines":{"total":4,"covered":3,"skipped":0,"pct":75},"functions":{"total":1,"covered":0,"skipped":0,"pct":0},"statements":{"total":4,"covered":3,"skipped":0,"pct":75},"branches":{"total":0,"covered":0,"skipped":0,"pct":100}}
,"/Users/ramsydevos@saxum.nl/sources/opdrachten/vng/developer.overheid.nl/ui/src/components/Icons/ArrowRight.jsx": {"lines":{"total":4,"covered":3,"skipped":0,"pct":75},"functions":{"total":1,"covered":0,"skipped":0,"pct":0},"statements":{"total":4,"covered":3,"skipped":0,"pct":75},"branches":{"total":0,"covered":0,"skipped":0,"pct":100}}
,"/Users/ramsydevos@saxum.nl/sources/opdrachten/vng/developer.overheid.nl/ui/src/components/Icons/Checkmark.jsx": {"lines":{"total":2,"covered":1,"skipped":0,"pct":50},"functions":{"total":1,"covered":0,"skipped":0,"pct":0},"statements":{"total":2,"covered":1,"skipped":0,"pct":50},"branches":{"total":0,"covered":0,"skipped":0,"pct":100}}
,"/Users/ramsydevos@saxum.nl/sources/opdrachten/vng/developer.overheid.nl/ui/src/components/Icons/Cross.jsx": {"lines":{"total":2,"covered":1,"skipped":0,"pct":50},"functions":{"total":1,"covered":0,"skipped":0,"pct":0},"statements":{"total":2,"covered":1,"skipped":0,"pct":50},"branches":{"total":0,"covered":0,"skipped":0,"pct":100}}
,"/Users/ramsydevos@saxum.nl/sources/opdrachten/vng/developer.overheid.nl/ui/src/components/Icons/External.jsx": {"lines":{"total":4,"covered":4,"skipped":0,"pct":100},"functions":{"total":1,"covered":1,"skipped":0,"pct":100},"statements":{"total":4,"covered":4,"skipped":0,"pct":100},"branches":{"total":0,"covered":0,"skipped":0,"pct":100}}
,"/Users/ramsydevos@saxum.nl/sources/opdrachten/vng/developer.overheid.nl/ui/src/components/Icons/GitHubIcon.jsx": {"lines":{"total":3,"covered":2,"skipped":0,"pct":66.67},"functions":{"total":1,"covered":0,"skipped":0,"pct":0},"statements":{"total":3,"covered":2,"skipped":0,"pct":66.67},"branches":{"total":0,"covered":0,"skipped":0,"pct":100}}
,"/Users/ramsydevos@saxum.nl/sources/opdrachten/vng/developer.overheid.nl/ui/src/components/Icons/GitLabIcon.jsx": {"lines":{"total":3,"covered":2,"skipped":0,"pct":66.67},"functions":{"total":1,"covered":0,"skipped":0,"pct":0},"statements":{"total":3,"covered":2,"skipped":0,"pct":66.67},"branches":{"total":0,"covered":0,"skipped":0,"pct":100}}
,"/Users/ramsydevos@saxum.nl/sources/opdrachten/vng/developer.overheid.nl/ui/src/components/Icons/Pin.jsx": {"lines":{"total":2,"covered":2,"skipped":0,"pct":100},"functions":{"total":1,"covered":1,"skipped":0,"pct":100},"statements":{"total":2,"covered":2,"skipped":0,"pct":100},"branches":{"total":0,"covered":0,"skipped":0,"pct":100}}
,"/Users/ramsydevos@saxum.nl/sources/opdrachten/vng/developer.overheid.nl/ui/src/components/Icons/StarIcon.jsx": {"lines":{"total":4,"covered":3,"skipped":0,"pct":75},"functions":{"total":1,"covered":0,"skipped":0,"pct":0},"statements":{"total":4,"covered":3,"skipped":0,"pct":75},"branches":{"total":0,"covered":0,"skipped":0,"pct":100}}
,"/Users/ramsydevos@saxum.nl/sources/opdrachten/vng/developer.overheid.nl/ui/src/components/Icons/Time.jsx": {"lines":{"total":2,"covered":2,"skipped":0,"pct":100},"functions":{"total":1,"covered":1,"skipped":0,"pct":100},"statements":{"total":2,"covered":2,"skipped":0,"pct":100},"branches":{"total":0,"covered":0,"skipped":0,"pct":100}}
,"/Users/ramsydevos@saxum.nl/sources/opdrachten/vng/developer.overheid.nl/ui/src/components/Icons/Circles/CheckmarkCircle.jsx": {"lines":{"total":2,"covered":1,"skipped":0,"pct":50},"functions":{"total":1,"covered":0,"skipped":0,"pct":0},"statements":{"total":2,"covered":1,"skipped":0,"pct":50},"branches":{"total":0,"covered":0,"skipped":0,"pct":100}}
,"/Users/ramsydevos@saxum.nl/sources/opdrachten/vng/developer.overheid.nl/ui/src/components/Icons/Circles/CrossCircle.jsx": {"lines":{"total":2,"covered":1,"skipped":0,"pct":50},"functions":{"total":1,"covered":0,"skipped":0,"pct":0},"statements":{"total":2,"covered":1,"skipped":0,"pct":50},"branches":{"total":0,"covered":0,"skipped":0,"pct":100}}
,"/Users/ramsydevos@saxum.nl/sources/opdrachten/vng/developer.overheid.nl/ui/src/components/Icons/Circles/index.styles.js": {"lines":{"total":8,"covered":3,"skipped":0,"pct":37.5},"functions":{"total":5,"covered":0,"skipped":0,"pct":0},"statements":{"total":8,"covered":3,"skipped":0,"pct":37.5},"branches":{"total":0,"covered":0,"skipped":0,"pct":100}}
,"/Users/ramsydevos@saxum.nl/sources/opdrachten/vng/developer.overheid.nl/ui/src/components/ImplementedByList/ImplementedByList.jsx": {"lines":{"total":4,"covered":2,"skipped":0,"pct":50},"functions":{"total":2,"covered":0,"skipped":0,"pct":0},"statements":{"total":4,"covered":2,"skipped":0,"pct":50},"branches":{"total":0,"covered":0,"skipped":0,"pct":100}}
,"/Users/ramsydevos@saxum.nl/sources/opdrachten/vng/developer.overheid.nl/ui/src/components/ImplementedByListContainer/ImplementedByListContainer.jsx": {"lines":{"total":22,"covered":1,"skipped":0,"pct":4.55},"functions":{"total":7,"covered":0,"skipped":0,"pct":0},"statements":{"total":23,"covered":1,"skipped":0,"pct":4.35},"branches":{"total":14,"covered":0,"skipped":0,"pct":0}}
,"/Users/ramsydevos@saxum.nl/sources/opdrachten/vng/developer.overheid.nl/ui/src/components/LinkToAPIContainer/LinkToAPIContainer.jsx": {"lines":{"total":22,"covered":1,"skipped":0,"pct":4.55},"functions":{"total":6,"covered":0,"skipped":0,"pct":0},"statements":{"total":22,"covered":1,"skipped":0,"pct":4.55},"branches":{"total":10,"covered":0,"skipped":0,"pct":0}}
,"/Users/ramsydevos@saxum.nl/sources/opdrachten/vng/developer.overheid.nl/ui/src/components/Overview/Overview.jsx": {"lines":{"total":3,"covered":3,"skipped":0,"pct":100},"functions":{"total":1,"covered":1,"skipped":0,"pct":100},"statements":{"total":3,"covered":3,"skipped":0,"pct":100},"branches":{"total":4,"covered":3,"skipped":0,"pct":75}}
,"/Users/ramsydevos@saxum.nl/sources/opdrachten/vng/developer.overheid.nl/ui/src/components/Overview/Overview.styles.js": {"lines":{"total":6,"covered":6,"skipped":0,"pct":100},"functions":{"total":3,"covered":3,"skipped":0,"pct":100},"statements":{"total":6,"covered":6,"skipped":0,"pct":100},"branches":{"total":0,"covered":0,"skipped":0,"pct":100}}
,"/Users/ramsydevos@saxum.nl/sources/opdrachten/vng/developer.overheid.nl/ui/src/components/PageContentCard/PageContentCard.js": {"lines":{"total":9,"covered":8,"skipped":0,"pct":88.89},"functions":{"total":4,"covered":3,"skipped":0,"pct":75},"statements":{"total":9,"covered":8,"skipped":0,"pct":88.89},"branches":{"total":0,"covered":0,"skipped":0,"pct":100}}
,"/Users/ramsydevos@saxum.nl/sources/opdrachten/vng/developer.overheid.nl/ui/src/components/Pagination/Pagination.jsx": {"lines":{"total":43,"covered":37,"skipped":0,"pct":86.05},"functions":{"total":18,"covered":14,"skipped":0,"pct":77.78},"statements":{"total":45,"covered":39,"skipped":0,"pct":86.67},"branches":{"total":15,"covered":13,"skipped":0,"pct":86.67}}
,"/Users/ramsydevos@saxum.nl/sources/opdrachten/vng/developer.overheid.nl/ui/src/components/Pagination/Pagination.styles.js": {"lines":{"total":27,"covered":26,"skipped":0,"pct":96.3},"functions":{"total":19,"covered":18,"skipped":0,"pct":94.74},"statements":{"total":27,"covered":26,"skipped":0,"pct":96.3},"branches":{"total":6,"covered":6,"skipped":0,"pct":100}}
,"/Users/ramsydevos@saxum.nl/sources/opdrachten/vng/developer.overheid.nl/ui/src/components/PillBadge/PillBadge.js": {"lines":{"total":4,"covered":0,"skipped":0,"pct":0},"functions":{"total":4,"covered":0,"skipped":0,"pct":0},"statements":{"total":4,"covered":0,"skipped":0,"pct":0},"branches":{"total":0,"covered":0,"skipped":0,"pct":100}}
,"/Users/ramsydevos@saxum.nl/sources/opdrachten/vng/developer.overheid.nl/ui/src/components/SubmitAPIForm/PercentageInput.jsx": {"lines":{"total":9,"covered":6,"skipped":0,"pct":66.67},"functions":{"total":3,"covered":0,"skipped":0,"pct":0},"statements":{"total":9,"covered":6,"skipped":0,"pct":66.67},"branches":{"total":0,"covered":0,"skipped":0,"pct":100}}
,"/Users/ramsydevos@saxum.nl/sources/opdrachten/vng/developer.overheid.nl/ui/src/components/SubmitAPIForm/SubmitAPIForm.jsx": {"lines":{"total":10,"covered":3,"skipped":0,"pct":30},"functions":{"total":6,"covered":0,"skipped":0,"pct":0},"statements":{"total":10,"covered":3,"skipped":0,"pct":30},"branches":{"total":67,"covered":0,"skipped":0,"pct":0}}
,"/Users/ramsydevos@saxum.nl/sources/opdrachten/vng/developer.overheid.nl/ui/src/components/SubmitAPIForm/SubmitAPIForm.styles.js": {"lines":{"total":13,"covered":6,"skipped":0,"pct":46.15},"functions":{"total":7,"covered":0,"skipped":0,"pct":0},"statements":{"total":13,"covered":6,"skipped":0,"pct":46.15},"branches":{"total":0,"covered":0,"skipped":0,"pct":100}}
,"/Users/ramsydevos@saxum.nl/sources/opdrachten/vng/developer.overheid.nl/ui/src/components/SubmitCodeForm/SubmitCodeForm.jsx": {"lines":{"total":35,"covered":3,"skipped":0,"pct":8.57},"functions":{"total":8,"covered":0,"skipped":0,"pct":0},"statements":{"total":36,"covered":3,"skipped":0,"pct":8.33},"branches":{"total":11,"covered":0,"skipped":0,"pct":0}}
,"/Users/ramsydevos@saxum.nl/sources/opdrachten/vng/developer.overheid.nl/ui/src/components/SubmitCodeForm/SubmitCodeForm.styles.js": {"lines":{"total":8,"covered":3,"skipped":0,"pct":37.5},"functions":{"total":5,"covered":0,"skipped":0,"pct":0},"statements":{"total":8,"covered":3,"skipped":0,"pct":37.5},"branches":{"total":0,"covered":0,"skipped":0,"pct":100}}
,"/Users/ramsydevos@saxum.nl/sources/opdrachten/vng/developer.overheid.nl/ui/src/components/SubmitCodeForm/validationSchema.js": {"lines":{"total":9,"covered":5,"skipped":0,"pct":55.56},"functions":{"total":4,"covered":2,"skipped":0,"pct":50},"statements":{"total":9,"covered":5,"skipped":0,"pct":55.56},"branches":{"total":8,"covered":0,"skipped":0,"pct":0}}
,"/Users/ramsydevos@saxum.nl/sources/opdrachten/vng/developer.overheid.nl/ui/src/components/SubmitEventForm/SubmitEventForm.jsx": {"lines":{"total":18,"covered":9,"skipped":0,"pct":50},"functions":{"total":3,"covered":2,"skipped":0,"pct":66.67},"statements":{"total":18,"covered":9,"skipped":0,"pct":50},"branches":{"total":4,"covered":2,"skipped":0,"pct":50}}
,"/Users/ramsydevos@saxum.nl/sources/opdrachten/vng/developer.overheid.nl/ui/src/components/SubmitEventForm/SubmitEventForm.styles.js": {"lines":{"total":1,"covered":1,"skipped":0,"pct":100},"functions":{"total":0,"covered":0,"skipped":0,"pct":100},"statements":{"total":1,"covered":1,"skipped":0,"pct":100},"branches":{"total":0,"covered":0,"skipped":0,"pct":100}}
,"/Users/ramsydevos@saxum.nl/sources/opdrachten/vng/developer.overheid.nl/ui/src/components/SubmitEventForm/validationSchema.js": {"lines":{"total":1,"covered":1,"skipped":0,"pct":100},"functions":{"total":0,"covered":0,"skipped":0,"pct":100},"statements":{"total":1,"covered":1,"skipped":0,"pct":100},"branches":{"total":0,"covered":0,"skipped":0,"pct":100}}
,"/Users/ramsydevos@saxum.nl/sources/opdrachten/vng/developer.overheid.nl/ui/src/components/design-system-candidates/Field/const.js": {"lines":{"total":1,"covered":1,"skipped":0,"pct":100},"functions":{"total":0,"covered":0,"skipped":0,"pct":100},"statements":{"total":1,"covered":1,"skipped":0,"pct":100},"branches":{"total":0,"covered":0,"skipped":0,"pct":100}}
,"/Users/ramsydevos@saxum.nl/sources/opdrachten/vng/developer.overheid.nl/ui/src/components/design-system-candidates/Field/index.js": {"lines":{"total":24,"covered":4,"skipped":0,"pct":16.67},"functions":{"total":14,"covered":0,"skipped":0,"pct":0},"statements":{"total":24,"covered":4,"skipped":0,"pct":16.67},"branches":{"total":7,"covered":0,"skipped":0,"pct":0}}
,"/Users/ramsydevos@saxum.nl/sources/opdrachten/vng/developer.overheid.nl/ui/src/components/design-system-candidates/Grid/index.js": {"lines":{"total":7,"covered":5,"skipped":0,"pct":71.43},"functions":{"total":4,"covered":2,"skipped":0,"pct":50},"statements":{"total":7,"covered":5,"skipped":0,"pct":71.43},"branches":{"total":0,"covered":0,"skipped":0,"pct":100}}
,"/Users/ramsydevos@saxum.nl/sources/opdrachten/vng/developer.overheid.nl/ui/src/components/design-system-candidates/PrimaryNavigation/index.js": {"lines":{"total":18,"covered":16,"skipped":0,"pct":88.89},"functions":{"total":5,"covered":4,"skipped":0,"pct":80},"statements":{"total":18,"covered":16,"skipped":0,"pct":88.89},"branches":{"total":12,"covered":12,"skipped":0,"pct":100}}
,"/Users/ramsydevos@saxum.nl/sources/opdrachten/vng/developer.overheid.nl/ui/src/components/design-system-candidates/PrimaryNavigation/primaryNavigationTypes.js": {"lines":{"total":0,"covered":0,"skipped":0,"pct":0},"functions":{"total":0,"covered":0,"skipped":0,"pct":0},"statements":{"total":0,"covered":0,"skipped":0,"pct":0},"branches":{"total":0,"covered":0,"skipped":0,"pct":0}}
,"/Users/ramsydevos@saxum.nl/sources/opdrachten/vng/developer.overheid.nl/ui/src/components/design-system-candidates/PrimaryNavigation/DesktopNavigation/index.js": {"lines":{"total":4,"covered":4,"skipped":0,"pct":100},"functions":{"total":2,"covered":2,"skipped":0,"pct":100},"statements":{"total":4,"covered":4,"skipped":0,"pct":100},"branches":{"total":0,"covered":0,"skipped":0,"pct":100}}
,"/Users/ramsydevos@saxum.nl/sources/opdrachten/vng/developer.overheid.nl/ui/src/components/design-system-candidates/PrimaryNavigation/DesktopNavigation/index.styles.js": {"lines":{"total":12,"covered":12,"skipped":0,"pct":100},"functions":{"total":7,"covered":7,"skipped":0,"pct":100},"statements":{"total":12,"covered":12,"skipped":0,"pct":100},"branches":{"total":0,"covered":0,"skipped":0,"pct":100}}
,"/Users/ramsydevos@saxum.nl/sources/opdrachten/vng/developer.overheid.nl/ui/src/components/design-system-candidates/PrimaryNavigation/MobileNavigation/index.js": {"lines":{"total":13,"covered":12,"skipped":0,"pct":92.31},"functions":{"total":2,"covered":2,"skipped":0,"pct":100},"statements":{"total":14,"covered":13,"skipped":0,"pct":92.86},"branches":{"total":4,"covered":2,"skipped":0,"pct":50}}
,"/Users/ramsydevos@saxum.nl/sources/opdrachten/vng/developer.overheid.nl/ui/src/components/design-system-candidates/PrimaryNavigation/MobileNavigation/components/Backdrop.js": {"lines":{"total":12,"covered":11,"skipped":0,"pct":91.67},"functions":{"total":4,"covered":4,"skipped":0,"pct":100},"statements":{"total":12,"covered":11,"skipped":0,"pct":91.67},"branches":{"total":4,"covered":2,"skipped":0,"pct":50}}
,"/Users/ramsydevos@saxum.nl/sources/opdrachten/vng/developer.overheid.nl/ui/src/components/design-system-candidates/PrimaryNavigation/MobileNavigation/components/IconChevron.js": {"lines":{"total":2,"covered":2,"skipped":0,"pct":100},"functions":{"total":1,"covered":1,"skipped":0,"pct":100},"statements":{"total":2,"covered":2,"skipped":0,"pct":100},"branches":{"total":0,"covered":0,"skipped":0,"pct":100}}
,"/Users/ramsydevos@saxum.nl/sources/opdrachten/vng/developer.overheid.nl/ui/src/components/design-system-candidates/PrimaryNavigation/MobileNavigation/components/IconMore.js": {"lines":{"total":2,"covered":2,"skipped":0,"pct":100},"functions":{"total":1,"covered":1,"skipped":0,"pct":100},"statements":{"total":2,"covered":2,"skipped":0,"pct":100},"branches":{"total":0,"covered":0,"skipped":0,"pct":100}}
,"/Users/ramsydevos@saxum.nl/sources/opdrachten/vng/developer.overheid.nl/ui/src/components/design-system-candidates/PrimaryNavigation/MobileNavigation/components/MobileMoreButton.js": {"lines":{"total":3,"covered":3,"skipped":0,"pct":100},"functions":{"total":1,"covered":1,"skipped":0,"pct":100},"statements":{"total":3,"covered":3,"skipped":0,"pct":100},"branches":{"total":0,"covered":0,"skipped":0,"pct":100}}
,"/Users/ramsydevos@saxum.nl/sources/opdrachten/vng/developer.overheid.nl/ui/src/components/design-system-candidates/PrimaryNavigation/MobileNavigation/components/MobileNavItem/index.js": {"lines":{"total":3,"covered":3,"skipped":0,"pct":100},"functions":{"total":1,"covered":1,"skipped":0,"pct":100},"statements":{"total":3,"covered":3,"skipped":0,"pct":100},"branches":{"total":2,"covered":1,"skipped":0,"pct":50}}
,"/Users/ramsydevos@saxum.nl/sources/opdrachten/vng/developer.overheid.nl/ui/src/components/design-system-candidates/PrimaryNavigation/MobileNavigation/components/MobileNavItem/index.styles.js": {"lines":{"total":11,"covered":11,"skipped":0,"pct":100},"functions":{"total":9,"covered":9,"skipped":0,"pct":100},"statements":{"total":11,"covered":11,"skipped":0,"pct":100},"branches":{"total":0,"covered":0,"skipped":0,"pct":100}}
,"/Users/ramsydevos@saxum.nl/sources/opdrachten/vng/developer.overheid.nl/ui/src/components/design-system-candidates/PrimaryNavigation/MobileNavigation/components/MobileNavMenu/index.js": {"lines":{"total":4,"covered":4,"skipped":0,"pct":100},"functions":{"total":2,"covered":2,"skipped":0,"pct":100},"statements":{"total":4,"covered":4,"skipped":0,"pct":100},"branches":{"total":4,"covered":2,"skipped":0,"pct":50}}
,"/Users/ramsydevos@saxum.nl/sources/opdrachten/vng/developer.overheid.nl/ui/src/components/design-system-candidates/PrimaryNavigation/MobileNavigation/components/MobileNavMenu/index.styles.js": {"lines":{"total":5,"covered":5,"skipped":0,"pct":100},"functions":{"total":3,"covered":3,"skipped":0,"pct":100},"statements":{"total":5,"covered":5,"skipped":0,"pct":100},"branches":{"total":0,"covered":0,"skipped":0,"pct":100}}
,"/Users/ramsydevos@saxum.nl/sources/opdrachten/vng/developer.overheid.nl/ui/src/components/design-system-candidates/PrimaryNavigation/MobileNavigation/components/MobileSubNav/index.js": {"lines":{"total":8,"covered":8,"skipped":0,"pct":100},"functions":{"total":5,"covered":3,"skipped":0,"pct":60},"statements":{"total":11,"covered":9,"skipped":0,"pct":81.82},"branches":{"total":2,"covered":1,"skipped":0,"pct":50}}
,"/Users/ramsydevos@saxum.nl/sources/opdrachten/vng/developer.overheid.nl/ui/src/components/design-system-candidates/PrimaryNavigation/MobileNavigation/components/MobileSubNav/index.styles.js": {"lines":{"total":14,"covered":14,"skipped":0,"pct":100},"functions":{"total":7,"covered":7,"skipped":0,"pct":100},"statements":{"total":14,"covered":14,"skipped":0,"pct":100},"branches":{"total":0,"covered":0,"skipped":0,"pct":100}}
,"/Users/ramsydevos@saxum.nl/sources/opdrachten/vng/developer.overheid.nl/ui/src/components/design-system-candidates/Search/index.js": {"lines":{"total":5,"covered":3,"skipped":0,"pct":60},"functions":{"total":3,"covered":0,"skipped":0,"pct":0},"statements":{"total":5,"covered":3,"skipped":0,"pct":60},"branches":{"total":0,"covered":0,"skipped":0,"pct":100}}
,"/Users/ramsydevos@saxum.nl/sources/opdrachten/vng/developer.overheid.nl/ui/src/components/design-system-candidates/Search/index.styles.js": {"lines":{"total":23,"covered":4,"skipped":0,"pct":17.39},"functions":{"total":19,"covered":0,"skipped":0,"pct":0},"statements":{"total":23,"covered":4,"skipped":0,"pct":17.39},"branches":{"total":0,"covered":0,"skipped":0,"pct":100}}
,"/Users/ramsydevos@saxum.nl/sources/opdrachten/vng/developer.overheid.nl/ui/src/domain/api-details-repository.js": {"lines":{"total":5,"covered":0,"skipped":0,"pct":0},"functions":{"total":1,"covered":0,"skipped":0,"pct":0},"statements":{"total":5,"covered":0,"skipped":0,"pct":0},"branches":{"total":4,"covered":0,"skipped":0,"pct":0}}
,"/Users/ramsydevos@saxum.nl/sources/opdrachten/vng/developer.overheid.nl/ui/src/domain/code-repository.js": {"lines":{"total":9,"covered":0,"skipped":0,"pct":0},"functions":{"total":2,"covered":0,"skipped":0,"pct":0},"statements":{"total":9,"covered":0,"skipped":0,"pct":0},"branches":{"total":6,"covered":0,"skipped":0,"pct":0}}
,"/Users/ramsydevos@saxum.nl/sources/opdrachten/vng/developer.overheid.nl/ui/src/domain/event-repository.js": {"lines":{"total":10,"covered":0,"skipped":0,"pct":0},"functions":{"total":2,"covered":0,"skipped":0,"pct":0},"statements":{"total":10,"covered":0,"skipped":0,"pct":0},"branches":{"total":6,"covered":0,"skipped":0,"pct":0}}
,"/Users/ramsydevos@saxum.nl/sources/opdrachten/vng/developer.overheid.nl/ui/src/models/api.js": {"lines":{"total":17,"covered":5,"skipped":0,"pct":29.41},"functions":{"total":9,"covered":0,"skipped":0,"pct":0},"statements":{"total":18,"covered":5,"skipped":0,"pct":27.78},"branches":{"total":18,"covered":0,"skipped":0,"pct":0}}
,"/Users/ramsydevos@saxum.nl/sources/opdrachten/vng/developer.overheid.nl/ui/src/models/code.js": {"lines":{"total":1,"covered":1,"skipped":0,"pct":100},"functions":{"total":1,"covered":0,"skipped":0,"pct":0},"statements":{"total":2,"covered":1,"skipped":0,"pct":50},"branches":{"total":2,"covered":0,"skipped":0,"pct":0}}
,"/Users/ramsydevos@saxum.nl/sources/opdrachten/vng/developer.overheid.nl/ui/src/models/enums.js": {"lines":{"total":33,"covered":22,"skipped":0,"pct":66.67},"functions":{"total":7,"covered":1,"skipped":0,"pct":14.29},"statements":{"total":33,"covered":22,"skipped":0,"pct":66.67},"branches":{"total":6,"covered":2,"skipped":0,"pct":33.33}}
,"/Users/ramsydevos@saxum.nl/sources/opdrachten/vng/developer.overheid.nl/ui/src/models/event.js": {"lines":{"total":1,"covered":1,"skipped":0,"pct":100},"functions":{"total":1,"covered":1,"skipped":0,"pct":100},"statements":{"total":2,"covered":2,"skipped":0,"pct":100},"branches":{"total":0,"covered":0,"skipped":0,"pct":100}}
,"/Users/ramsydevos@saxum.nl/sources/opdrachten/vng/developer.overheid.nl/ui/src/models/propTypes.js": {"lines":{"total":1,"covered":1,"skipped":0,"pct":100},"functions":{"total":0,"covered":0,"skipped":0,"pct":100},"statements":{"total":1,"covered":1,"skipped":0,"pct":100},"branches":{"total":0,"covered":0,"skipped":0,"pct":100}}
,"/Users/ramsydevos@saxum.nl/sources/opdrachten/vng/developer.overheid.nl/ui/src/pages/APIDetail/APIDetail.jsx": {"lines":{"total":17,"covered":3,"skipped":0,"pct":17.65},"functions":{"total":4,"covered":0,"skipped":0,"pct":0},"statements":{"total":18,"covered":3,"skipped":0,"pct":16.67},"branches":{"total":8,"covered":0,"skipped":0,"pct":0}}
,"/Users/ramsydevos@saxum.nl/sources/opdrachten/vng/developer.overheid.nl/ui/src/pages/APIOverview/APIOverview.jsx": {"lines":{"total":56,"covered":1,"skipped":0,"pct":1.79},"functions":{"total":15,"covered":0,"skipped":0,"pct":0},"statements":{"total":56,"covered":1,"skipped":0,"pct":1.79},"branches":{"total":42,"covered":0,"skipped":0,"pct":0}}
,"/Users/ramsydevos@saxum.nl/sources/opdrachten/vng/developer.overheid.nl/ui/src/pages/APIOverview/APIOverview.styles.js": {"lines":{"total":20,"covered":9,"skipped":0,"pct":45},"functions":{"total":11,"covered":0,"skipped":0,"pct":0},"statements":{"total":20,"covered":9,"skipped":0,"pct":45},"branches":{"total":0,"covered":0,"skipped":0,"pct":100}}
,"/Users/ramsydevos@saxum.nl/sources/opdrachten/vng/developer.overheid.nl/ui/src/pages/About/About.jsx": {"lines":{"total":2,"covered":1,"skipped":0,"pct":50},"functions":{"total":1,"covered":0,"skipped":0,"pct":0},"statements":{"total":2,"covered":1,"skipped":0,"pct":50},"branches":{"total":0,"covered":0,"skipped":0,"pct":100}}
,"/Users/ramsydevos@saxum.nl/sources/opdrachten/vng/developer.overheid.nl/ui/src/pages/About/About.styles.js": {"lines":{"total":8,"covered":2,"skipped":0,"pct":25},"functions":{"total":6,"covered":0,"skipped":0,"pct":0},"statements":{"total":8,"covered":2,"skipped":0,"pct":25},"branches":{"total":0,"covered":0,"skipped":0,"pct":100}}
,"/Users/ramsydevos@saxum.nl/sources/opdrachten/vng/developer.overheid.nl/ui/src/pages/CodeOverview/CodeOverview.jsx": {"lines":{"total":57,"covered":1,"skipped":0,"pct":1.75},"functions":{"total":18,"covered":0,"skipped":0,"pct":0},"statements":{"total":57,"covered":1,"skipped":0,"pct":1.75},"branches":{"total":38,"covered":0,"skipped":0,"pct":0}}
,"/Users/ramsydevos@saxum.nl/sources/opdrachten/vng/developer.overheid.nl/ui/src/pages/CodeOverview/CodeOverview.styles.js": {"lines":{"total":20,"covered":11,"skipped":0,"pct":55},"functions":{"total":9,"covered":0,"skipped":0,"pct":0},"statements":{"total":20,"covered":11,"skipped":0,"pct":55},"branches":{"total":0,"covered":0,"skipped":0,"pct":100}}
,"/Users/ramsydevos@saxum.nl/sources/opdrachten/vng/developer.overheid.nl/ui/src/pages/EventOverview/EventOverview.jsx": {"lines":{"total":36,"covered":33,"skipped":0,"pct":91.67},"functions":{"total":9,"covered":9,"skipped":0,"pct":100},"statements":{"total":36,"covered":33,"skipped":0,"pct":91.67},"branches":{"total":30,"covered":24,"skipped":0,"pct":80}}
,"/Users/ramsydevos@saxum.nl/sources/opdrachten/vng/developer.overheid.nl/ui/src/pages/EventOverview/EventOverview.styles.js": {"lines":{"total":13,"covered":13,"skipped":0,"pct":100},"functions":{"total":7,"covered":7,"skipped":0,"pct":100},"statements":{"total":13,"covered":13,"skipped":0,"pct":100},"branches":{"total":0,"covered":0,"skipped":0,"pct":100}}
,"/Users/ramsydevos@saxum.nl/sources/opdrachten/vng/developer.overheid.nl/ui/src/pages/Home/Home.jsx": {"lines":{"total":3,"covered":2,"skipped":0,"pct":66.67},"functions":{"total":2,"covered":0,"skipped":0,"pct":0},"statements":{"total":4,"covered":2,"skipped":0,"pct":50},"branches":{"total":0,"covered":0,"skipped":0,"pct":100}}
,"/Users/ramsydevos@saxum.nl/sources/opdrachten/vng/developer.overheid.nl/ui/src/pages/Home/Home.styles.js": {"lines":{"total":19,"covered":7,"skipped":0,"pct":36.84},"functions":{"total":12,"covered":0,"skipped":0,"pct":0},"statements":{"total":19,"covered":7,"skipped":0,"pct":36.84},"branches":{"total":0,"covered":0,"skipped":0,"pct":100}}
,"/Users/ramsydevos@saxum.nl/sources/opdrachten/vng/developer.overheid.nl/ui/src/pages/SubmitAPI/SubmitAPI.jsx": {"lines":{"total":5,"covered":3,"skipped":0,"pct":60},"functions":{"total":2,"covered":0,"skipped":0,"pct":0},"statements":{"total":5,"covered":3,"skipped":0,"pct":60},"branches":{"total":0,"covered":0,"skipped":0,"pct":100}}
,"/Users/ramsydevos@saxum.nl/sources/opdrachten/vng/developer.overheid.nl/ui/src/pages/SubmitAPI/SubmitAPI.styles.jsx": {"lines":{"total":11,"covered":2,"skipped":0,"pct":18.18},"functions":{"total":9,"covered":0,"skipped":0,"pct":0},"statements":{"total":11,"covered":2,"skipped":0,"pct":18.18},"branches":{"total":0,"covered":0,"skipped":0,"pct":100}}
,"/Users/ramsydevos@saxum.nl/sources/opdrachten/vng/developer.overheid.nl/ui/src/pages/SubmitAPIForm/SubmitAPIForm.jsx": {"lines":{"total":67,"covered":3,"skipped":0,"pct":4.48},"functions":{"total":14,"covered":0,"skipped":0,"pct":0},"statements":{"total":67,"covered":3,"skipped":0,"pct":4.48},"branches":{"total":24,"covered":0,"skipped":0,"pct":0}}
,"/Users/ramsydevos@saxum.nl/sources/opdrachten/vng/developer.overheid.nl/ui/src/pages/SubmitAPIForm/validationSchema.js": {"lines":{"total":4,"covered":3,"skipped":0,"pct":75},"functions":{"total":1,"covered":0,"skipped":0,"pct":0},"statements":{"total":4,"covered":3,"skipped":0,"pct":75},"branches":{"total":2,"covered":0,"skipped":0,"pct":0}}
,"/Users/ramsydevos@saxum.nl/sources/opdrachten/vng/developer.overheid.nl/ui/src/pages/SubmitAPIForm/yup-translations.js": {"lines":{"total":8,"covered":7,"skipped":0,"pct":87.5},"functions":{"total":1,"covered":0,"skipped":0,"pct":0},"statements":{"total":8,"covered":7,"skipped":0,"pct":87.5},"branches":{"total":0,"covered":0,"skipped":0,"pct":100}}
,"/Users/ramsydevos@saxum.nl/sources/opdrachten/vng/developer.overheid.nl/ui/src/pages/SubmitAPIMergeRequest/SubmitAPIMergeRequest.jsx": {"lines":{"total":5,"covered":4,"skipped":0,"pct":80},"functions":{"total":1,"covered":0,"skipped":0,"pct":0},"statements":{"total":5,"covered":4,"skipped":0,"pct":80},"branches":{"total":0,"covered":0,"skipped":0,"pct":100}}
,"/Users/ramsydevos@saxum.nl/sources/opdrachten/vng/developer.overheid.nl/ui/src/pages/SubmitCode/SubmitCode.jsx": {"lines":{"total":2,"covered":1,"skipped":0,"pct":50},"functions":{"total":1,"covered":0,"skipped":0,"pct":0},"statements":{"total":2,"covered":1,"skipped":0,"pct":50},"branches":{"total":0,"covered":0,"skipped":0,"pct":100}}
,"/Users/ramsydevos@saxum.nl/sources/opdrachten/vng/developer.overheid.nl/ui/src/pages/SubmitCode/SubmitCode.styles.jsx": {"lines":{"total":4,"covered":2,"skipped":0,"pct":50},"functions":{"total":2,"covered":0,"skipped":0,"pct":0},"statements":{"total":4,"covered":2,"skipped":0,"pct":50},"branches":{"total":0,"covered":0,"skipped":0,"pct":100}}
,"/Users/ramsydevos@saxum.nl/sources/opdrachten/vng/developer.overheid.nl/ui/src/pages/SubmitEvent/SubmitEvent.jsx": {"lines":{"total":2,"covered":2,"skipped":0,"pct":100},"functions":{"total":1,"covered":1,"skipped":0,"pct":100},"statements":{"total":2,"covered":2,"skipped":0,"pct":100},"branches":{"total":0,"covered":0,"skipped":0,"pct":100}}
,"/Users/ramsydevos@saxum.nl/sources/opdrachten/vng/developer.overheid.nl/ui/src/pages/SubmitEvent/SubmitEvent.styles.jsx": {"lines":{"total":4,"covered":4,"skipped":0,"pct":100},"functions":{"total":2,"covered":2,"skipped":0,"pct":100},"statements":{"total":4,"covered":4,"skipped":0,"pct":100},"branches":{"total":0,"covered":0,"skipped":0,"pct":100}}
,"/Users/ramsydevos@saxum.nl/sources/opdrachten/vng/developer.overheid.nl/ui/src/theme/index.js": {"lines":{"total":17,"covered":17,"skipped":0,"pct":100},"functions":{"total":1,"covered":1,"skipped":0,"pct":100},"statements":{"total":17,"covered":17,"skipped":0,"pct":100},"branches":{"total":0,"covered":0,"skipped":0,"pct":100}}
,"/Users/ramsydevos@saxum.nl/sources/opdrachten/vng/developer.overheid.nl/ui/src/theme/mediaQueries.js": {"lines":{"total":21,"covered":20,"skipped":0,"pct":95.24},"functions":{"total":7,"covered":7,"skipped":0,"pct":100},"statements":{"total":30,"covered":27,"skipped":0,"pct":90},"branches":{"total":6,"covered":3,"skipped":0,"pct":50}}
,"/Users/ramsydevos@saxum.nl/sources/opdrachten/vng/developer.overheid.nl/ui/src/utils/objectKeysToCamelCase.js": {"lines":{"total":10,"covered":0,"skipped":0,"pct":0},"functions":{"total":3,"covered":0,"skipped":0,"pct":0},"statements":{"total":10,"covered":0,"skipped":0,"pct":0},"branches":{"total":6,"covered":0,"skipped":0,"pct":0}}
,"/Users/ramsydevos@saxum.nl/sources/opdrachten/vng/developer.overheid.nl/ui/src/utils/objectKeysToSnakeCase.js": {"lines":{"total":10,"covered":0,"skipped":0,"pct":0},"functions":{"total":3,"covered":0,"skipped":0,"pct":0},"statements":{"total":10,"covered":0,"skipped":0,"pct":0},"branches":{"total":6,"covered":0,"skipped":0,"pct":0}}
,"/Users/ramsydevos@saxum.nl/sources/opdrachten/vng/developer.overheid.nl/ui/src/utils/prettyDateTimes.js": {"lines":{"total":6,"covered":6,"skipped":0,"pct":100},"functions":{"total":1,"covered":1,"skipped":0,"pct":100},"statements":{"total":6,"covered":6,"skipped":0,"pct":100},"branches":{"total":2,"covered":2,"skipped":0,"pct":100}}
,"/Users/ramsydevos@saxum.nl/sources/opdrachten/vng/developer.overheid.nl/ui/src/utils/timeAgo.js": {"lines":{"total":7,"covered":2,"skipped":0,"pct":28.57},"functions":{"total":2,"covered":0,"skipped":0,"pct":0},"statements":{"total":7,"covered":2,"skipped":0,"pct":28.57},"branches":{"total":2,"covered":0,"skipped":0,"pct":0}}
,"/Users/ramsydevos@saxum.nl/sources/opdrachten/vng/developer.overheid.nl/ui/src/utils/uriHelpers.js": {"lines":{"total":8,"covered":6,"skipped":0,"pct":75},"functions":{"total":3,"covered":2,"skipped":0,"pct":66.67},"statements":{"total":10,"covered":6,"skipped":0,"pct":60},"branches":{"total":4,"covered":2,"skipped":0,"pct":50}}
,"/Users/ramsydevos@saxum.nl/sources/opdrachten/vng/developer.overheid.nl/ui/src/utils/hooks/index.js": {"lines":{"total":0,"covered":0,"skipped":0,"pct":0},"functions":{"total":0,"covered":0,"skipped":0,"pct":0},"statements":{"total":0,"covered":0,"skipped":0,"pct":0},"branches":{"total":0,"covered":0,"skipped":0,"pct":0}}
,"/Users/ramsydevos@saxum.nl/sources/opdrachten/vng/developer.overheid.nl/ui/src/utils/hooks/useToggleState.js": {"lines":{"total":4,"covered":3,"skipped":0,"pct":75},"functions":{"total":2,"covered":1,"skipped":0,"pct":50},"statements":{"total":4,"covered":3,"skipped":0,"pct":75},"branches":{"total":2,"covered":0,"skipped":0,"pct":0}}
}
