TN:
SF:../ui/src/App.jsx
FN:27,(anonymous_0)
FN:33,(anonymous_1)
FNF:2
FNH:1
FNDA:0,(anonymous_0)
FNDA:46,(anonymous_1)
DA:27,42
DA:28,0
DA:33,42
DA:34,46
LF:4
LH:3
BRF:0
BRH:0
end_of_record
TN:
SF:../ui/src/App.styles.js
FN:14,(anonymous_0)
FN:17,(anonymous_1)
FNF:2
FNH:2
FNDA:42,(anonymous_0)
FNDA:42,(anonymous_1)
DA:8,42
DA:13,42
DA:14,42
DA:17,42
LF:4
LH:4
BRF:0
BRH:0
end_of_record
TN:
SF:../ui/src/constants.js
FNF:0
FNH:0
DA:4,42
DA:6,42
LF:2
LH:2
BRF:0
BRH:0
end_of_record
TN:
SF:../ui/src/index.jsx
FNF:0
FNH:0
DA:13,42
LF:1
LH:1
BRF:0
BRH:0
end_of_record
TN:
SF:../ui/src/components/APIDetails/APIDetails.jsx
FN:32,(anonymous_0)
FN:33,(anonymous_1)
FN:37,(anonymous_2)
FN:132,(anonymous_3)
FN:142,(anonymous_4)
FNF:5
FNH:0
FNDA:0,(anonymous_0)
FNDA:0,(anonymous_1)
FNDA:0,(anonymous_2)
FNDA:0,(anonymous_3)
FNDA:0,(anonymous_4)
DA:32,42
DA:33,0
DA:34,0
DA:37,42
DA:54,0
DA:55,0
DA:57,0
DA:58,0
DA:60,0
DA:133,0
DA:143,0
DA:162,42
LF:12
LH:3
BRDA:32,0,0,0
BRDA:92,1,0,0
BRDA:92,1,1,0
BRDA:92,2,0,0
BRDA:92,2,1,0
BRDA:100,3,0,0
BRDA:100,3,1,0
BRDA:101,4,0,0
BRDA:101,4,1,0
BRDA:109,5,0,0
BRDA:109,5,1,0
BRDA:118,6,0,0
BRDA:118,6,1,0
BRDA:127,7,0,0
BRDA:127,7,1,0
BRDA:127,8,0,0
BRDA:127,8,1,0
BRDA:143,9,0,0
BRDA:143,9,1,0
BRF:19
BRH:0
end_of_record
TN:
SF:../ui/src/components/APIDetails/APIDetails.styles.js
FN:11,(anonymous_0)
FN:14,(anonymous_1)
FN:27,(anonymous_2)
FN:32,(anonymous_3)
FN:46,(anonymous_4)
FN:50,(anonymous_5)
FN:51,(anonymous_6)
FN:52,(anonymous_7)
FN:54,(anonymous_8)
FN:59,(anonymous_9)
FNF:10
FNH:0
FNDA:0,(anonymous_0)
FNDA:0,(anonymous_1)
FNDA:0,(anonymous_2)
FNDA:0,(anonymous_3)
FNDA:0,(anonymous_4)
FNDA:0,(anonymous_5)
FNDA:0,(anonymous_6)
FNDA:0,(anonymous_7)
FNDA:0,(anonymous_8)
FNDA:0,(anonymous_9)
DA:10,42
DA:11,0
DA:14,0
DA:18,42
DA:24,42
DA:27,0
DA:30,42
DA:32,0
DA:35,42
DA:41,42
DA:45,42
DA:46,0
DA:49,42
DA:50,0
DA:51,0
DA:52,0
DA:54,0
DA:59,0
LF:18
LH:8
BRDA:54,0,0,0
BRDA:54,0,1,0
BRF:2
BRH:0
end_of_record
TN:
SF:../ui/src/components/APIDetails/components/APIDesignRulesPane/APIDesignRulesPane.jsx
FN:30,(anonymous_0)
FN:40,(anonymous_1)
FN:43,(anonymous_2)
FN:67,(anonymous_3)
FN:103,(anonymous_4)
FNF:5
FNH:0
FNDA:0,(anonymous_0)
FNDA:0,(anonymous_1)
FNDA:0,(anonymous_2)
FNDA:0,(anonymous_3)
FNDA:0,(anonymous_4)
DA:30,42
DA:31,0
DA:36,42
DA:40,42
DA:41,0
DA:43,0
DA:45,0
DA:68,0
DA:69,0
DA:74,0
DA:104,0
DA:120,42
LF:12
LH:4
BRDA:69,0,0,0
BRDA:69,0,1,0
BRDA:71,1,0,0
BRDA:71,1,1,0
BRDA:77,2,0,0
BRDA:77,2,1,0
BRDA:96,3,0,0
BRDA:96,3,1,0
BRF:8
BRH:0
end_of_record
TN:
SF:../ui/src/components/APIDetails/components/APIDesignRulesPane/APIDesignRulesPane.styles.js
FN:16,(anonymous_0)
FN:20,(anonymous_1)
FN:24,(anonymous_2)
FN:28,(anonymous_3)
FN:37,(anonymous_4)
FN:39,(anonymous_5)
FN:40,(anonymous_6)
FN:51,(anonymous_7)
FN:55,(anonymous_8)
FN:56,(anonymous_9)
FN:57,(anonymous_10)
FN:62,(anonymous_11)
FN:63,(anonymous_12)
FN:66,(anonymous_13)
FNF:14
FNH:0
FNDA:0,(anonymous_0)
FNDA:0,(anonymous_1)
FNDA:0,(anonymous_2)
FNDA:0,(anonymous_3)
FNDA:0,(anonymous_4)
FNDA:0,(anonymous_5)
FNDA:0,(anonymous_6)
FNDA:0,(anonymous_7)
FNDA:0,(anonymous_8)
FNDA:0,(anonymous_9)
FNDA:0,(anonymous_10)
FNDA:0,(anonymous_11)
FNDA:0,(anonymous_12)
FNDA:0,(anonymous_13)
DA:11,42
DA:13,42
DA:15,42
DA:16,0
DA:19,42
DA:20,0
DA:23,42
DA:24,0
DA:27,42
DA:28,0
DA:31,42
DA:36,42
DA:37,0
DA:39,0
DA:40,0
DA:43,42
DA:45,42
DA:50,42
DA:51,0
DA:54,42
DA:55,0
DA:56,0
DA:57,0
DA:60,42
DA:62,0
DA:63,0
DA:66,0
LF:27
LH:13
BRF:0
BRH:0
end_of_record
TN:
SF:../ui/src/components/APIDetails/components/APIEnvironments/APIEnvironments.jsx
FN:20,(anonymous_0)
FN:24,(anonymous_1)
FNF:2
FNH:0
FNDA:0,(anonymous_0)
FNDA:0,(anonymous_1)
DA:20,42
DA:21,0
DA:25,0
DA:27,0
DA:67,42
DA:71,42
LF:6
LH:3
BRDA:25,0,0,0
BRDA:25,0,1,0
BRDA:35,1,0,0
BRDA:35,1,1,0
BRDA:38,2,0,0
BRDA:38,2,1,0
BRDA:49,3,0,0
BRDA:49,3,1,0
BRDA:51,4,0,0
BRDA:51,4,1,0
BRF:10
BRH:0
end_of_record
TN:
SF:../ui/src/components/APIDetails/components/APIEnvironments/APIEnvironments.styles.js
FN:11,(anonymous_0)
FN:31,(anonymous_1)
FN:38,(anonymous_2)
FN:42,(anonymous_3)
FN:47,(anonymous_4)
FNF:5
FNH:0
FNDA:0,(anonymous_0)
FNDA:0,(anonymous_1)
FNDA:0,(anonymous_2)
FNDA:0,(anonymous_3)
FNDA:0,(anonymous_4)
DA:10,42
DA:11,0
DA:14,42
DA:16,42
DA:26,42
DA:31,0
DA:35,42
DA:38,0
DA:42,0
DA:46,42
DA:47,0
LF:11
LH:6
BRF:0
BRH:0
end_of_record
TN:
SF:../ui/src/components/APIDetails/components/APIScoresPane/APIScoresPane.jsx
FN:34,(anonymous_0)
FN:37,(anonymous_1)
FN:52,(anonymous_2)
FNF:3
FNH:0
FNDA:0,(anonymous_0)
FNDA:0,(anonymous_1)
FNDA:0,(anonymous_2)
DA:15,42
DA:34,42
DA:35,0
DA:37,0
DA:39,0
DA:53,0
DA:68,42
LF:7
LH:3
BRDA:55,0,0,0
BRDA:55,0,1,0
BRDA:58,1,0,0
BRDA:58,1,1,0
BRF:4
BRH:0
end_of_record
TN:
SF:../ui/src/components/APIDetails/components/APIScoresPane/APIScoresPane.styles.js
FN:7,(anonymous_0)
FNF:1
FNH:0
FNDA:0,(anonymous_0)
DA:6,42
DA:7,0
LF:2
LH:1
BRF:0
BRH:0
end_of_record
TN:
SF:../ui/src/components/APIDetails/components/APITerms/APITerms.jsx
FN:10,(anonymous_0)
FN:20,(anonymous_1)
FNF:2
FNH:0
FNDA:0,(anonymous_0)
FNDA:0,(anonymous_1)
DA:10,42
DA:11,0
DA:12,0
DA:14,0
DA:15,0
DA:17,0
DA:20,42
DA:21,0
DA:53,42
DA:63,42
LF:10
LH:4
BRDA:11,0,0,0
BRDA:11,0,1,0
BRDA:14,1,0,0
BRDA:14,1,1,0
BRDA:30,2,0,0
BRDA:30,2,1,0
BRDA:36,3,0,0
BRDA:36,3,1,0
BRDA:42,4,0,0
BRDA:42,4,1,0
BRF:10
BRH:0
end_of_record
TN:
SF:../ui/src/components/APIDetails/components/APITerms/APITerms.styles.js
FNF:0
FNH:0
DA:9,42
DA:19,42
DA:32,42
DA:41,42
LF:4
LH:4
BRF:0
BRH:0
end_of_record
TN:
SF:../ui/src/components/APIDetails/components/GradeBanner/GradeBanner.jsx
FN:15,(anonymous_0)
FNF:1
FNH:0
FNDA:0,(anonymous_0)
DA:15,42
DA:16,0
DA:17,0
DA:19,0
DA:37,42
LF:5
LH:2
BRDA:21,0,0,0
BRDA:21,0,1,0
BRF:2
BRH:0
end_of_record
TN:
SF:../ui/src/components/APIDetails/components/GradeBanner/GradeBanner.styles.js
FN:18,(anonymous_0)
FN:19,(anonymous_1)
FN:20,(anonymous_2)
FN:24,(anonymous_3)
FNF:4
FNH:0
FNDA:0,(anonymous_0)
FNDA:0,(anonymous_1)
FNDA:0,(anonymous_2)
FNDA:0,(anonymous_3)
DA:11,42
DA:18,0
DA:19,0
DA:20,0
DA:23,42
DA:24,0
DA:27,42
DA:31,42
LF:8
LH:4
BRF:0
BRH:0
end_of_record
TN:
SF:../ui/src/components/APIDetails/components/GradeBox/GradeBox.jsx
FN:15,(anonymous_0)
FNF:1
FNH:0
FNDA:0,(anonymous_0)
DA:15,42
DA:16,0
DA:19,0
DA:21,0
DA:33,42
LF:5
LH:2
BRDA:16,0,0,0
BRDA:16,0,1,0
BRF:2
BRH:0
end_of_record
TN:
SF:../ui/src/components/APIDetails/components/GradeBox/GradeBox.styles.js
FN:14,(anonymous_0)
FN:33,(anonymous_1)
FNF:2
FNH:0
FNDA:0,(anonymous_0)
FNDA:0,(anonymous_1)
DA:10,42
DA:14,0
DA:22,42
DA:31,42
DA:33,0
DA:37,42
DA:47,42
LF:7
LH:5
BRF:0
BRH:0
end_of_record
TN:
SF:../ui/src/components/APIDetailsHeader/APIDetailsHeader.jsx
FN:20,(anonymous_0)
FN:35,(anonymous_1)
FN:50,(anonymous_2)
FNF:3
FNH:0
FNDA:0,(anonymous_0)
FNDA:0,(anonymous_1)
FNDA:0,(anonymous_2)
DA:20,42
DA:21,0
DA:23,0
DA:24,0
DA:25,0
DA:29,0
DA:32,0
DA:35,42
DA:44,0
DA:50,0
DA:73,42
LF:11
LH:3
BRDA:23,0,0,0
BRDA:23,0,1,0
BRDA:25,1,0,0
BRDA:25,1,1,0
BRDA:26,2,0,0
BRDA:26,2,1,0
BRDA:45,3,0,0
BRDA:45,3,1,0
BRDA:55,4,0,0
BRDA:55,4,1,0
BRDA:69,5,0,0
BRDA:69,5,1,0
BRF:12
BRH:0
end_of_record
TN:
SF:../ui/src/components/APIDetailsHeader/APIDetailsHeader.styles.js
FN:15,(anonymous_0)
FN:17,(anonymous_1)
FN:18,(anonymous_2)
FN:20,(anonymous_3)
FN:43,(anonymous_4)
FN:47,(anonymous_5)
FN:56,(anonymous_6)
FNF:7
FNH:0
FNDA:0,(anonymous_0)
FNDA:0,(anonymous_1)
FNDA:0,(anonymous_2)
FNDA:0,(anonymous_3)
FNDA:0,(anonymous_4)
FNDA:0,(anonymous_5)
FNDA:0,(anonymous_6)
DA:10,42
DA:15,0
DA:17,0
DA:18,0
DA:20,0
DA:24,42
DA:28,42
DA:32,42
DA:36,42
DA:41,42
DA:43,0
DA:47,0
DA:54,42
DA:56,0
LF:14
LH:7
BRF:0
BRH:0
end_of_record
TN:
SF:../ui/src/components/APIFilter/APIFilter.jsx
FN:10,(anonymous_0)
FN:48,(anonymous_1)
FNF:2
FNH:0
FNDA:0,(anonymous_0)
FNDA:0,(anonymous_1)
DA:10,42
DA:12,0
DA:20,0
DA:32,42
DA:47,42
LF:5
LH:3
BRDA:23,0,0,0
BRDA:23,0,1,0
BRF:2
BRH:0
end_of_record
TN:
SF:../ui/src/components/APIFilter/APIFilter.styles.js
FN:8,(anonymous_0)
FN:12,(anonymous_1)
FN:13,(anonymous_2)
FN:14,(anonymous_3)
FN:15,(anonymous_4)
FN:16,(anonymous_5)
FNF:6
FNH:0
FNDA:0,(anonymous_0)
FNDA:0,(anonymous_1)
FNDA:0,(anonymous_2)
FNDA:0,(anonymous_3)
FNDA:0,(anonymous_4)
FNDA:0,(anonymous_5)
DA:6,42
DA:8,0
DA:12,0
DA:13,0
DA:14,0
DA:15,0
DA:16,0
LF:7
LH:1
BRF:0
BRH:0
end_of_record
TN:
SF:../ui/src/components/APIFilters/APIFilters.jsx
FN:19,(anonymous_0)
FN:24,(anonymous_1)
FN:28,(anonymous_2)
FN:29,(anonymous_3)
FN:36,(anonymous_4)
FN:41,(anonymous_5)
FN:49,(anonymous_6)
FN:61,(anonymous_7)
FN:65,(anonymous_8)
FN:68,(anonymous_9)
FNF:10
FNH:0
FNDA:0,(anonymous_0)
FNDA:0,(anonymous_1)
FNDA:0,(anonymous_2)
FNDA:0,(anonymous_3)
FNDA:0,(anonymous_4)
FNDA:0,(anonymous_5)
FNDA:0,(anonymous_6)
FNDA:0,(anonymous_7)
FNDA:0,(anonymous_8)
FNDA:0,(anonymous_9)
DA:15,42
DA:19,0
DA:24,0
DA:28,42
DA:29,0
DA:36,42
DA:37,0
DA:41,42
DA:42,0
DA:43,0
DA:45,0
DA:49,0
DA:62,0
DA:66,0
DA:69,0
DA:87,42
LF:16
LH:5
BRDA:37,0,0,0
BRDA:37,0,1,0
BRDA:37,0,2,0
BRDA:63,1,0,0
BRDA:63,1,1,0
BRDA:63,2,0,0
BRDA:63,2,1,0
BRDA:74,3,0,0
BRDA:74,3,1,0
BRF:9
BRH:0
end_of_record
TN:
SF:../ui/src/components/APIFilters/APIFilters.styles.js
FN:12,(anonymous_0)
FN:21,(anonymous_1)
FN:26,(anonymous_2)
FN:28,(anonymous_3)
FNF:4
FNH:0
FNDA:0,(anonymous_0)
FNDA:0,(anonymous_1)
FNDA:0,(anonymous_2)
FNDA:0,(anonymous_3)
DA:9,42
DA:12,0
DA:21,0
DA:25,42
DA:26,0
DA:28,0
LF:6
LH:2
BRDA:12,0,0,0
BRDA:12,0,1,0
BRDA:26,1,0,0
BRDA:26,1,1,0
BRF:4
BRH:0
end_of_record
TN:
SF:../ui/src/components/APIList/APIList.jsx
FN:16,(anonymous_0)
FN:20,(anonymous_1)
FNF:2
FNH:0
FNDA:0,(anonymous_0)
FNDA:0,(anonymous_1)
DA:16,42
DA:17,0
DA:21,0
DA:36,42
LF:4
LH:2
BRF:0
BRH:0
end_of_record
TN:
SF:../ui/src/components/APIList/APIList.styles.js
FN:10,(anonymous_0)
FN:13,(anonymous_1)
FN:29,(anonymous_2)
FNF:3
FNH:0
FNDA:0,(anonymous_0)
FNDA:0,(anonymous_1)
FNDA:0,(anonymous_2)
DA:9,42
DA:10,0
DA:13,0
DA:17,42
DA:21,42
DA:27,42
DA:29,0
LF:7
LH:4
BRF:0
BRH:0
end_of_record
TN:
SF:../ui/src/components/APISummary/APISummary.jsx
FN:18,(anonymous_0)
FNF:1
FNH:0
FNDA:0,(anonymous_0)
DA:18,42
DA:26,0
DA:36,42
LF:3
LH:2
BRF:0
BRH:0
end_of_record
TN:
SF:../ui/src/components/APISummary/APISummary.styles.js
FN:19,(anonymous_0)
FN:23,(anonymous_1)
FN:37,(anonymous_2)
FN:38,(anonymous_3)
FN:39,(anonymous_4)
FN:40,(anonymous_5)
FNF:6
FNH:0
FNDA:0,(anonymous_0)
FNDA:0,(anonymous_1)
FNDA:0,(anonymous_2)
FNDA:0,(anonymous_3)
FNDA:0,(anonymous_4)
FNDA:0,(anonymous_5)
DA:10,42
DA:19,0
DA:23,0
DA:35,42
DA:37,0
DA:38,0
DA:39,0
DA:40,0
DA:43,42
DA:51,42
DA:59,42
LF:11
LH:5
BRF:0
BRH:0
end_of_record
TN:
SF:../ui/src/components/Card/Card.js
FNF:0
FNH:0
DA:6,42
DA:7,42
DA:8,42
DA:9,42
DA:10,42
LF:5
LH:5
BRF:0
BRH:0
end_of_record
TN:
SF:../ui/src/components/Card/Card.styles.js
FN:11,(anonymous_0)
FN:24,(anonymous_1)
FN:27,(anonymous_2)
FNF:3
FNH:3
FNDA:2854,(anonymous_0)
FNDA:4,(anonymous_1)
FNDA:4,(anonymous_2)
DA:8,42
DA:11,2854
DA:23,42
DA:24,4
DA:27,4
DA:31,42
DA:35,42
DA:40,42
LF:8
LH:8
BRF:0
BRH:0
end_of_record
TN:
SF:../ui/src/components/CheckboxGroupField/CheckboxGroupField.jsx
FN:11,(anonymous_0)
FN:13,(anonymous_1)
FN:15,(anonymous_2)
FN:24,(anonymous_3)
FN:28,(anonymous_4)
FNF:5
FNH:0
FNDA:0,(anonymous_0)
FNDA:0,(anonymous_1)
FNDA:0,(anonymous_2)
FNDA:0,(anonymous_3)
FNDA:0,(anonymous_4)
DA:11,42
DA:12,0
DA:14,0
DA:16,0
DA:25,0
DA:28,0
DA:42,42
DA:56,42
LF:8
LH:3
BRDA:25,0,0,0
BRDA:25,0,1,0
BRDA:28,1,0,0
BRDA:28,1,1,0
BRF:4
BRH:0
end_of_record
TN:
SF:../ui/src/components/CheckboxGroupField/CheckboxGroupField.styles.js
FN:9,(anonymous_0)
FN:35,(anonymous_1)
FN:36,(anonymous_2)
FN:37,(anonymous_3)
FN:41,(anonymous_4)
FN:42,(anonymous_5)
FN:43,(anonymous_6)
FN:44,(anonymous_7)
FNF:8
FNH:0
FNDA:0,(anonymous_0)
FNDA:0,(anonymous_1)
FNDA:0,(anonymous_2)
FNDA:0,(anonymous_3)
FNDA:0,(anonymous_4)
FNDA:0,(anonymous_5)
FNDA:0,(anonymous_6)
FNDA:0,(anonymous_7)
DA:6,42
DA:9,0
DA:35,0
DA:36,0
DA:37,0
DA:41,0
DA:42,0
DA:43,0
DA:44,0
LF:9
LH:1
BRF:0
BRH:0
end_of_record
TN:
SF:../ui/src/components/CodeBlock/CodeBlock.jsx
FN:11,(anonymous_0)
FN:18,(anonymous_1)
FNF:2
FNH:0
FNDA:0,(anonymous_0)
FNDA:0,(anonymous_1)
DA:11,42
DA:12,0
DA:14,0
DA:18,0
DA:29,42
LF:5
LH:2
BRDA:22,0,0,0
BRDA:22,0,1,0
BRF:2
BRH:0
end_of_record
TN:
SF:../ui/src/components/CodeBlock/CodeBlock.styles.js
FN:8,(anonymous_0)
FN:12,(anonymous_1)
FN:13,(anonymous_2)
FN:14,(anonymous_3)
FN:15,(anonymous_4)
FN:22,(anonymous_5)
FN:22,(anonymous_6)
FN:26,(anonymous_7)
FN:31,(anonymous_8)
FN:32,(anonymous_9)
FN:33,(anonymous_10)
FN:35,(anonymous_11)
FN:36,(anonymous_12)
FNF:13
FNH:0
FNDA:0,(anonymous_0)
FNDA:0,(anonymous_1)
FNDA:0,(anonymous_2)
FNDA:0,(anonymous_3)
FNDA:0,(anonymous_4)
FNDA:0,(anonymous_5)
FNDA:0,(anonymous_6)
FNDA:0,(anonymous_7)
FNDA:0,(anonymous_8)
FNDA:0,(anonymous_9)
FNDA:0,(anonymous_10)
FNDA:0,(anonymous_11)
FNDA:0,(anonymous_12)
DA:6,42
DA:8,0
DA:12,0
DA:13,0
DA:14,0
DA:15,0
DA:18,42
DA:22,0
DA:26,0
DA:30,42
DA:31,0
DA:32,0
DA:33,0
DA:35,0
DA:36,0
LF:15
LH:3
BRF:0
BRH:0
end_of_record
TN:
SF:../ui/src/components/CodeBlock/copy.js
FN:6,(anonymous_0)
FNF:1
FNH:0
FNDA:0,(anonymous_0)
DA:7,0
DA:8,0
DA:9,0
DA:10,0
DA:12,0
DA:13,0
DA:16,0
DA:17,0
DA:18,0
DA:19,0
DA:20,0
DA:21,0
DA:22,0
DA:23,0
DA:25,0
DA:28,0
DA:29,0
DA:31,0
LF:18
LH:0
BRDA:7,0,0,0
BRDA:7,0,1,0
BRDA:22,1,0,0
BRDA:22,1,1,0
BRF:4
BRH:0
end_of_record
TN:
SF:../ui/src/components/CodeBlock/showFeedback.js
FN:4,(anonymous_0)
FN:6,(anonymous_1)
FNF:2
FNH:0
FNDA:0,(anonymous_0)
FNDA:0,(anonymous_1)
DA:5,0
DA:6,0
DA:7,0
LF:3
LH:0
BRF:0
BRH:0
end_of_record
TN:
SF:../ui/src/components/CodeExamples/CodeExamples.jsx
FN:27,(anonymous_0)
FN:58,(anonymous_1)
FN:76,(anonymous_2)
FN:81,(anonymous_3)
FN:84,(anonymous_4)
FN:95,(anonymous_5)
FN:107,(anonymous_6)
FNF:7
FNH:0
FNDA:0,(anonymous_0)
FNDA:0,(anonymous_1)
FNDA:0,(anonymous_2)
FNDA:0,(anonymous_3)
FNDA:0,(anonymous_4)
FNDA:0,(anonymous_5)
FNDA:0,(anonymous_6)
DA:27,42
DA:36,0
DA:59,0
DA:67,42
DA:76,42
DA:77,0
DA:78,0
DA:81,42
DA:82,0
DA:84,42
DA:95,42
DA:97,0
DA:101,0
DA:108,0
DA:109,0
DA:127,42
LF:16
LH:7
BRDA:44,0,0,0
BRDA:44,0,1,0
BRDA:82,1,0,0
BRDA:82,1,1,0
BRDA:97,2,0,0
BRDA:97,2,1,0
BRDA:99,3,0,0
BRDA:99,3,1,0
BRF:8
BRH:0
end_of_record
TN:
SF:../ui/src/components/CodeExamples/CodeExamples.styles.js
FN:19,(anonymous_0)
FN:19,(anonymous_1)
FN:21,(anonymous_2)
FN:24,(anonymous_3)
FN:29,(anonymous_4)
FN:41,(anonymous_5)
FN:51,(anonymous_6)
FN:52,(anonymous_7)
FN:54,(anonymous_8)
FN:55,(anonymous_9)
FN:79,(anonymous_10)
FN:82,(anonymous_11)
FN:88,(anonymous_12)
FN:117,(anonymous_13)
FNF:14
FNH:0
FNDA:0,(anonymous_0)
FNDA:0,(anonymous_1)
FNDA:0,(anonymous_2)
FNDA:0,(anonymous_3)
FNDA:0,(anonymous_4)
FNDA:0,(anonymous_5)
FNDA:0,(anonymous_6)
FNDA:0,(anonymous_7)
FNDA:0,(anonymous_8)
FNDA:0,(anonymous_9)
FNDA:0,(anonymous_10)
FNDA:0,(anonymous_11)
FNDA:0,(anonymous_12)
FNDA:0,(anonymous_13)
DA:10,42
DA:11,42
DA:14,42
DA:18,42
DA:19,0
DA:21,0
DA:24,0
DA:29,0
DA:41,0
DA:47,42
DA:51,0
DA:52,0
DA:54,0
DA:55,0
DA:59,42
DA:66,42
DA:72,42
DA:79,0
DA:82,0
DA:88,0
DA:96,42
DA:116,42
DA:117,0
DA:123,42
DA:126,42
LF:25
LH:12
BRF:0
BRH:0
end_of_record
TN:
SF:../ui/src/components/CodeList/CodeList.jsx
FN:10,(anonymous_0)
FN:12,(anonymous_1)
FNF:2
FNH:0
FNDA:0,(anonymous_0)
FNDA:0,(anonymous_1)
DA:10,42
DA:11,0
DA:13,0
DA:20,42
LF:4
LH:2
BRF:0
BRH:0
end_of_record
TN:
SF:../ui/src/components/CodeList/CodeList.styles.js
FNF:0
FNH:0
DA:8,42
DA:14,42
LF:2
LH:2
BRF:0
BRH:0
end_of_record
TN:
SF:../ui/src/components/CodeSummary/CodeSummary.jsx
FN:13,(anonymous_0)
FN:52,(anonymous_1)
FN:67,(anonymous_2)
FNF:3
FNH:0
FNDA:0,(anonymous_0)
FNDA:0,(anonymous_1)
FNDA:0,(anonymous_2)
DA:13,42
DA:23,0
DA:53,0
DA:68,0
DA:91,42
LF:5
LH:2
BRDA:32,0,0,0
BRDA:32,0,1,0
BRDA:41,1,0,0
BRDA:41,1,1,0
BRDA:58,2,0,0
BRDA:58,2,1,0
BRDA:62,3,0,0
BRDA:62,3,1,0
BRF:8
BRH:0
end_of_record
TN:
SF:../ui/src/components/CodeSummary/CodeSummary.styles.js
FN:16,(anonymous_0)
FN:17,(anonymous_1)
FN:32,(anonymous_2)
FN:33,(anonymous_3)
FN:37,(anonymous_4)
FN:47,(anonymous_5)
FN:56,(anonymous_6)
FN:65,(anonymous_7)
FN:83,(anonymous_8)
FN:84,(anonymous_9)
FN:95,(anonymous_10)
FN:99,(anonymous_11)
FNF:12
FNH:0
FNDA:0,(anonymous_0)
FNDA:0,(anonymous_1)
FNDA:0,(anonymous_2)
FNDA:0,(anonymous_3)
FNDA:0,(anonymous_4)
FNDA:0,(anonymous_5)
FNDA:0,(anonymous_6)
FNDA:0,(anonymous_7)
FNDA:0,(anonymous_8)
FNDA:0,(anonymous_9)
FNDA:0,(anonymous_10)
FNDA:0,(anonymous_11)
DA:15,42
DA:16,0
DA:17,0
DA:24,42
DA:30,42
DA:32,0
DA:33,0
DA:36,42
DA:37,0
DA:40,42
DA:46,42
DA:47,0
DA:55,42
DA:56,0
DA:64,42
DA:65,0
DA:68,42
DA:73,42
DA:82,42
DA:83,0
DA:84,0
DA:87,42
DA:94,42
DA:95,0
DA:98,42
DA:99,0
DA:105,42
LF:27
LH:15
BRF:0
BRH:0
end_of_record
TN:
SF:../ui/src/components/CustomDON/index.js
FN:7,(anonymous_0)
FNF:1
FNH:1
FNDA:57,(anonymous_0)
DA:6,42
DA:7,57
LF:2
LH:2
BRF:0
BRH:0
end_of_record
TN:
SF:../ui/src/components/EnvironmentFormInputs/EnvironmentFormInputs.jsx
FN:21,(anonymous_0)
FN:26,(anonymous_1)
FN:32,(anonymous_2)
FNF:3
FNH:0
FNDA:0,(anonymous_0)
FNDA:0,(anonymous_1)
FNDA:0,(anonymous_2)
DA:21,42
DA:22,0
DA:23,0
DA:26,42
DA:27,0
DA:32,42
DA:40,0
DA:136,42
LF:8
LH:4
BRDA:22,0,0,0
BRDA:22,0,1,0
BRDA:28,1,0,0
BRDA:28,1,1,0
BRDA:42,2,0,0
BRDA:42,2,1,0
BRDA:72,3,0,0
BRDA:72,3,1,0
BRDA:83,4,0,0
BRDA:83,4,1,0
BRDA:83,4,2,0
BRDA:102,5,0,0
BRDA:102,5,1,0
BRDA:102,5,2,0
BRDA:124,6,0,0
BRDA:124,6,1,0
BRDA:124,6,2,0
BRF:17
BRH:0
end_of_record
TN:
SF:../ui/src/components/ErrorMessage/ErrorMessage.jsx
FN:9,(anonymous_0)
FN:20,(anonymous_1)
FNF:2
FNH:0
FNDA:0,(anonymous_0)
FNDA:0,(anonymous_1)
DA:8,42
DA:10,0
DA:12,0
DA:15,0
DA:20,42
DA:21,0
DA:23,42
DA:28,42
LF:8
LH:4
BRDA:10,0,0,0
BRDA:10,0,1,0
BRDA:10,0,2,0
BRDA:21,1,0,0
BRDA:21,1,1,0
BRF:5
BRH:0
end_of_record
TN:
SF:../ui/src/components/EventList/EventList.jsx
FN:10,(anonymous_0)
FN:12,(anonymous_1)
FNF:2
FNH:2
FNDA:57,(anonymous_0)
FNDA:2850,(anonymous_1)
DA:10,42
DA:11,57
DA:13,2850
DA:20,42
LF:4
LH:4
BRF:0
BRH:0
end_of_record
TN:
SF:../ui/src/components/EventList/EventList.styles.js
FN:13,(anonymous_0)
FNF:1
FNH:1
FNDA:2850,(anonymous_0)
DA:6,42
DA:12,42
DA:13,2850
LF:3
LH:3
BRF:0
BRH:0
end_of_record
TN:
SF:../ui/src/components/EventSummary/EventBackground.jsx
FN:7,(anonymous_0)
FNF:1
FNH:1
FNDA:2850,(anonymous_0)
DA:7,42
DA:8,2850
LF:2
LH:2
BRF:0
BRH:0
end_of_record
TN:
SF:../ui/src/components/EventSummary/EventSummary.jsx
FN:17,(anonymous_0)
FN:18,(anonymous_1)
FNF:2
FNH:1
FNDA:2850,(anonymous_0)
FNDA:0,(anonymous_1)
DA:17,42
DA:18,2850
DA:19,0
DA:22,2850
DA:70,42
LF:5
LH:4
BRDA:53,0,0,2850
BRDA:53,0,1,0
BRF:2
BRH:1
end_of_record
TN:
SF:../ui/src/components/EventSummary/EventSummary.styles.js
FN:21,(anonymous_0)
FN:22,(anonymous_1)
FN:23,(anonymous_2)
FN:24,(anonymous_3)
FN:29,(anonymous_4)
FN:30,(anonymous_5)
FN:38,(anonymous_6)
FN:39,(anonymous_7)
FN:42,(anonymous_8)
FN:48,(anonymous_9)
FN:49,(anonymous_10)
FN:59,(anonymous_11)
FN:66,(anonymous_12)
FN:66,(anonymous_13)
FN:69,(anonymous_14)
FN:78,(anonymous_15)
FN:84,(anonymous_16)
FN:85,(anonymous_17)
FN:94,(anonymous_18)
FN:107,(anonymous_19)
FN:108,(anonymous_20)
FNF:21
FNH:21
FNDA:2850,(anonymous_0)
FNDA:2850,(anonymous_1)
FNDA:2850,(anonymous_2)
FNDA:2850,(anonymous_3)
FNDA:2850,(anonymous_4)
FNDA:2850,(anonymous_5)
FNDA:2850,(anonymous_6)
FNDA:2850,(anonymous_7)
FNDA:2850,(anonymous_8)
FNDA:2850,(anonymous_9)
FNDA:2850,(anonymous_10)
FNDA:2850,(anonymous_11)
FNDA:2850,(anonymous_12)
FNDA:2850,(anonymous_13)
FNDA:2850,(anonymous_14)
FNDA:2850,(anonymous_15)
FNDA:2850,(anonymous_16)
FNDA:2850,(anonymous_17)
FNDA:5700,(anonymous_18)
FNDA:2850,(anonymous_19)
FNDA:2850,(anonymous_20)
DA:9,42
DA:20,42
DA:21,2850
DA:22,2850
DA:23,2850
DA:24,2850
DA:27,42
DA:29,2850
DA:30,2850
DA:38,2850
DA:39,2850
DA:42,2850
DA:46,42
DA:48,2850
DA:49,2850
DA:56,42
DA:59,2850
DA:63,42
DA:65,42
DA:66,2850
DA:69,2850
DA:74,42
DA:78,2850
DA:81,42
DA:84,2850
DA:85,2850
DA:88,42
DA:94,5700
DA:98,42
DA:105,42
DA:107,2850
DA:108,2850
LF:32
LH:32
BRF:0
BRH:0
end_of_record
TN:
SF:../ui/src/components/Expandable/Expandable.jsx
FN:9,(anonymous_0)
FN:19,(anonymous_1)
FNF:2
FNH:0
FNDA:0,(anonymous_0)
FNDA:0,(anonymous_1)
DA:9,42
DA:10,0
DA:12,0
DA:19,0
DA:28,42
LF:5
LH:2
BRDA:22,0,0,0
BRDA:22,0,1,0
BRF:2
BRH:0
end_of_record
TN:
SF:../ui/src/components/Expandable/Expandable.styles.js
FN:8,(anonymous_0)
FN:15,(anonymous_1)
FN:16,(anonymous_2)
FNF:3
FNH:0
FNDA:0,(anonymous_0)
FNDA:0,(anonymous_1)
FNDA:0,(anonymous_2)
DA:6,42
DA:8,0
DA:11,42
DA:15,0
DA:16,0
LF:5
LH:2
BRDA:8,0,0,0
BRDA:8,0,1,0
BRF:2
BRH:0
end_of_record
TN:
SF:../ui/src/components/Feedback/Feedback.jsx
FN:17,(anonymous_0)
FNF:1
FNH:1
FNDA:42,(anonymous_0)
DA:17,42
DA:18,42
LF:2
LH:2
BRF:0
BRH:0
end_of_record
TN:
SF:../ui/src/components/Feedback/Feedback.styles.js
FN:12,(anonymous_0)
FN:16,(anonymous_1)
FN:17,(anonymous_2)
FN:20,(anonymous_3)
FN:21,(anonymous_4)
FN:27,(anonymous_5)
FN:28,(anonymous_6)
FN:33,(anonymous_7)
FN:38,(anonymous_8)
FN:43,(anonymous_9)
FNF:10
FNH:10
FNDA:42,(anonymous_0)
FNDA:42,(anonymous_1)
FNDA:42,(anonymous_2)
FNDA:42,(anonymous_3)
FNDA:42,(anonymous_4)
FNDA:42,(anonymous_5)
FNDA:42,(anonymous_6)
FNDA:42,(anonymous_7)
FNDA:42,(anonymous_8)
FNDA:42,(anonymous_9)
DA:11,42
DA:12,42
DA:15,42
DA:16,42
DA:17,42
DA:20,42
DA:21,42
DA:25,42
DA:27,42
DA:28,42
DA:31,42
DA:33,42
DA:36,42
DA:38,42
DA:41,42
DA:43,42
LF:16
LH:16
BRF:0
BRH:0
end_of_record
TN:
SF:../ui/src/components/Footer/Footer.jsx
FN:15,(anonymous_0)
FNF:1
FNH:1
FNDA:42,(anonymous_0)
DA:15,42
DA:16,42
LF:2
LH:2
BRF:0
BRH:0
end_of_record
TN:
SF:../ui/src/components/Footer/Footer.styles.js
FN:13,(anonymous_0)
FN:14,(anonymous_1)
FN:17,(anonymous_2)
FN:22,(anonymous_3)
FN:25,(anonymous_4)
FN:32,(anonymous_5)
FN:65,(anonymous_6)
FN:75,(anonymous_7)
FNF:8
FNH:8
FNDA:42,(anonymous_0)
FNDA:42,(anonymous_1)
FNDA:42,(anonymous_2)
FNDA:42,(anonymous_3)
FNDA:42,(anonymous_4)
FNDA:42,(anonymous_5)
FNDA:42,(anonymous_6)
FNDA:42,(anonymous_7)
DA:9,42
DA:13,42
DA:14,42
DA:17,42
DA:21,42
DA:22,42
DA:25,42
DA:29,42
DA:32,42
DA:35,42
DA:45,42
DA:62,42
DA:65,42
DA:75,42
LF:14
LH:14
BRF:0
BRH:0
end_of_record
TN:
SF:../ui/src/components/Form/Form.jsx
FN:15,(anonymous_0)
FN:19,(anonymous_1)
FN:22,(anonymous_2)
FN:23,(anonymous_3)
FN:28,(anonymous_4)
FN:29,(anonymous_5)
FN:30,(anonymous_6)
FN:31,(anonymous_7)
FN:32,(anonymous_8)
FN:38,(anonymous_9)
FN:39,(anonymous_10)
FN:40,(anonymous_11)
FN:46,(anonymous_12)
FN:62,(anonymous_13)
FN:74,(anonymous_14)
FN:77,(anonymous_15)
FN:86,(anonymous_16)
FN:104,(anonymous_17)
FN:113,(anonymous_18)
FN:114,(anonymous_19)
FN:117,(anonymous_20)
FN:127,(anonymous_21)
FN:130,(anonymous_22)
FN:131,(anonymous_23)
FN:142,(anonymous_24)
FN:148,(anonymous_25)
FNF:26
FNH:0
FNDA:0,(anonymous_0)
FNDA:0,(anonymous_1)
FNDA:0,(anonymous_2)
FNDA:0,(anonymous_3)
FNDA:0,(anonymous_4)
FNDA:0,(anonymous_5)
FNDA:0,(anonymous_6)
FNDA:0,(anonymous_7)
FNDA:0,(anonymous_8)
FNDA:0,(anonymous_9)
FNDA:0,(anonymous_10)
FNDA:0,(anonymous_11)
FNDA:0,(anonymous_12)
FNDA:0,(anonymous_13)
FNDA:0,(anonymous_14)
FNDA:0,(anonymous_15)
FNDA:0,(anonymous_16)
FNDA:0,(anonymous_17)
FNDA:0,(anonymous_18)
FNDA:0,(anonymous_19)
FNDA:0,(anonymous_20)
FNDA:0,(anonymous_21)
FNDA:0,(anonymous_22)
FNDA:0,(anonymous_23)
FNDA:0,(anonymous_24)
FNDA:0,(anonymous_25)
DA:12,42
DA:15,0
DA:18,42
DA:19,0
DA:22,0
DA:23,0
DA:27,42
DA:28,0
DA:29,0
DA:30,0
DA:31,0
DA:32,0
DA:36,42
DA:38,0
DA:39,0
DA:40,0
DA:43,42
DA:46,0
DA:53,42
DA:62,0
DA:69,42
DA:74,0
DA:77,0
DA:86,0
DA:100,42
DA:104,0
DA:111,42
DA:113,0
DA:114,0
DA:117,0
DA:128,0
DA:130,0
DA:131,0
DA:142,0
DA:148,0
LF:35
LH:9
BRF:0
BRH:0
end_of_record
TN:
SF:../ui/src/components/Form/OnFormikValueChange.jsx
FN:11,(anonymous_0)
FN:14,(anonymous_1)
FNF:2
FNH:0
FNDA:0,(anonymous_0)
FNDA:0,(anonymous_1)
DA:11,42
DA:12,0
DA:14,0
DA:15,0
DA:18,0
LF:5
LH:1
BRF:0
BRH:0
end_of_record
TN:
SF:../ui/src/components/Form/yup-transforms.js
FN:9,(anonymous_0)
FN:9,(anonymous_1)
FNF:2
FNH:1
FNDA:84,(anonymous_0)
FNDA:0,(anonymous_1)
DA:9,84
DA:10,0
DA:11,0
DA:13,0
LF:4
LH:1
BRDA:9,0,0,0
BRDA:10,1,0,0
BRDA:10,1,1,0
BRDA:10,2,0,0
BRDA:10,2,1,0
BRF:5
BRH:0
end_of_record
TN:
SF:../ui/src/components/ForumPosts/ForumPost.jsx
FN:20,(anonymous_0)
FN:25,(anonymous_1)
FNF:2
FNH:0
FNDA:0,(anonymous_0)
FNDA:0,(anonymous_1)
DA:20,42
DA:21,0
DA:22,0
DA:25,42
DA:33,0
DA:34,0
DA:59,42
LF:7
LH:3
BRF:0
BRH:0
end_of_record
TN:
SF:../ui/src/components/ForumPosts/ForumPosts.jsx
FN:14,(anonymous_0)
FN:20,(anonymous_1)
FN:21,(anonymous_2)
FNF:3
FNH:0
FNDA:0,(anonymous_0)
FNDA:0,(anonymous_1)
FNDA:0,(anonymous_2)
DA:14,42
DA:15,0
DA:16,0
DA:17,0
DA:18,0
DA:20,0
DA:21,0
DA:22,0
DA:23,0
DA:24,0
DA:25,0
DA:26,0
DA:28,0
DA:34,0
DA:49,42
LF:15
LH:2
BRDA:23,0,0,0
BRDA:23,0,1,0
BRDA:24,1,0,0
BRDA:24,1,1,0
BRDA:37,2,0,0
BRDA:37,2,1,0
BRDA:42,3,0,0
BRDA:42,3,1,0
BRDA:42,3,2,0
BRDA:42,3,3,0
BRF:10
BRH:0
end_of_record
TN:
SF:../ui/src/components/ForumPosts/ForumPosts.styles.js
FN:18,(anonymous_0)
FN:24,(anonymous_1)
FN:24,(anonymous_2)
FN:26,(anonymous_3)
FN:29,(anonymous_4)
FN:34,(anonymous_5)
FN:46,(anonymous_6)
FN:61,(anonymous_7)
FN:63,(anonymous_8)
FN:65,(anonymous_9)
FN:70,(anonymous_10)
FN:71,(anonymous_11)
FN:72,(anonymous_12)
FN:73,(anonymous_13)
FN:78,(anonymous_14)
FN:89,(anonymous_15)
FN:98,(anonymous_16)
FN:99,(anonymous_17)
FNF:18
FNH:0
FNDA:0,(anonymous_0)
FNDA:0,(anonymous_1)
FNDA:0,(anonymous_2)
FNDA:0,(anonymous_3)
FNDA:0,(anonymous_4)
FNDA:0,(anonymous_5)
FNDA:0,(anonymous_6)
FNDA:0,(anonymous_7)
FNDA:0,(anonymous_8)
FNDA:0,(anonymous_9)
FNDA:0,(anonymous_10)
FNDA:0,(anonymous_11)
FNDA:0,(anonymous_12)
FNDA:0,(anonymous_13)
FNDA:0,(anonymous_14)
FNDA:0,(anonymous_15)
FNDA:0,(anonymous_16)
FNDA:0,(anonymous_17)
DA:10,42
DA:12,42
DA:17,42
DA:18,0
DA:21,42
DA:24,0
DA:26,0
DA:29,0
DA:34,0
DA:38,42
DA:45,42
DA:46,0
DA:50,42
DA:55,42
DA:61,0
DA:63,0
DA:65,0
DA:68,42
DA:70,0
DA:71,0
DA:72,0
DA:73,0
DA:76,42
DA:78,0
DA:81,42
DA:87,42
DA:89,0
DA:92,42
DA:97,42
DA:98,0
DA:99,0
LF:31
LH:14
BRF:0
BRH:0
end_of_record
TN:
SF:../ui/src/components/ForumPosts/ForumPostsView.jsx
FN:16,(anonymous_0)
FN:19,(anonymous_1)
FNF:2
FNH:0
FNDA:0,(anonymous_0)
FNDA:0,(anonymous_1)
DA:16,42
DA:17,0
DA:20,0
DA:40,42
LF:4
LH:2
BRF:0
BRH:0
end_of_record
TN:
SF:../ui/src/components/ForumPosts/forumFunctions/fetchForumPosts.js
FN:6,(anonymous_0)
FNF:1
FNH:0
FNDA:0,(anonymous_0)
DA:7,0
DA:8,0
DA:9,0
DA:12,0
DA:13,0
DA:14,0
DA:15,0
DA:20,0
LF:8
LH:0
BRDA:7,0,0,0
BRDA:7,0,1,0
BRF:2
BRH:0
end_of_record
TN:
SF:../ui/src/components/GlobalStyles/GlobalStyles.js
FN:8,(anonymous_0)
FNF:1
FNH:1
FNDA:42,(anonymous_0)
DA:8,42
LF:1
LH:1
BRF:0
BRH:0
end_of_record
TN:
SF:../ui/src/components/Grade/Grade.jsx
FN:12,(anonymous_0)
FN:16,(anonymous_1)
FN:23,(anonymous_2)
FN:30,(anonymous_3)
FN:33,(anonymous_4)
FN:63,(anonymous_5)
FN:75,(anonymous_6)
FN:89,(anonymous_7)
FN:130,(anonymous_8)
FN:146,(anonymous_9)
FN:147,(anonymous_10)
FN:149,(anonymous_11)
FN:152,(anonymous_12)
FN:153,(anonymous_13)
FN:158,(anonymous_14)
FNF:15
FNH:0
FNDA:0,(anonymous_0)
FNDA:0,(anonymous_1)
FNDA:0,(anonymous_2)
FNDA:0,(anonymous_3)
FNDA:0,(anonymous_4)
FNDA:0,(anonymous_5)
FNDA:0,(anonymous_6)
FNDA:0,(anonymous_7)
FNDA:0,(anonymous_8)
FNDA:0,(anonymous_9)
FNDA:0,(anonymous_10)
FNDA:0,(anonymous_11)
FNDA:0,(anonymous_12)
FNDA:0,(anonymous_13)
FNDA:0,(anonymous_14)
DA:12,42
DA:13,0
DA:16,42
DA:17,0
DA:23,42
DA:24,0
DA:30,42
DA:31,0
DA:33,42
DA:34,0
DA:48,42
DA:55,42
DA:63,42
DA:64,0
DA:68,0
DA:69,0
DA:72,0
DA:75,42
DA:77,0
DA:78,0
DA:79,0
DA:81,0
DA:89,42
DA:98,0
DA:103,0
DA:114,42
DA:123,42
DA:130,42
DA:131,0
DA:139,42
DA:144,42
DA:146,0
DA:147,0
DA:150,0
DA:152,0
DA:153,0
DA:158,42
DA:168,0
DA:169,0
DA:171,0
DA:174,0
DA:176,0
DA:178,0
DA:179,0
DA:180,0
DA:182,0
DA:214,42
DA:230,42
LF:48
LH:18
BRDA:17,0,0,0
BRDA:17,0,1,0
BRDA:19,1,0,0
BRDA:19,1,1,0
BRDA:24,2,0,0
BRDA:24,2,1,0
BRDA:26,3,0,0
BRDA:26,3,1,0
BRDA:31,4,0,0
BRDA:31,4,1,0
BRDA:150,5,0,0
BRDA:150,5,1,0
BRDA:171,6,0,0
BRDA:171,6,1,0
BRDA:201,7,0,0
BRDA:201,7,1,0
BRF:16
BRH:0
end_of_record
TN:
SF:../ui/src/components/Grade/Grade.styles.js
FN:16,(anonymous_0)
FN:17,(anonymous_1)
FN:19,(anonymous_2)
FN:20,(anonymous_3)
FN:22,(anonymous_4)
FN:25,(anonymous_5)
FN:26,(anonymous_6)
FN:28,(anonymous_7)
FN:31,(anonymous_8)
FN:32,(anonymous_9)
FN:33,(anonymous_10)
FN:34,(anonymous_11)
FN:49,(anonymous_12)
FNF:13
FNH:0
FNDA:0,(anonymous_0)
FNDA:0,(anonymous_1)
FNDA:0,(anonymous_2)
FNDA:0,(anonymous_3)
FNDA:0,(anonymous_4)
FNDA:0,(anonymous_5)
FNDA:0,(anonymous_6)
FNDA:0,(anonymous_7)
FNDA:0,(anonymous_8)
FNDA:0,(anonymous_9)
FNDA:0,(anonymous_10)
FNDA:0,(anonymous_11)
FNDA:0,(anonymous_12)
DA:8,42
DA:16,0
DA:17,0
DA:19,0
DA:20,0
DA:22,0
DA:25,0
DA:26,0
DA:29,0
DA:31,0
DA:32,0
DA:33,0
DA:34,0
DA:40,42
DA:50,0
LF:15
LH:2
BRDA:29,0,0,0
BRDA:29,0,1,0
BRDA:50,1,0,0
BRDA:50,1,1,0
BRF:4
BRH:0
end_of_record
TN:
SF:../ui/src/components/Header/Header.jsx
FN:27,(anonymous_0)
FNF:1
FNH:1
FNDA:42,(anonymous_0)
DA:27,42
DA:28,42
DA:62,42
LF:3
LH:3
BRF:0
BRH:0
end_of_record
TN:
SF:../ui/src/components/Header/Header.styles.js
FN:13,(anonymous_0)
FN:15,(anonymous_1)
FN:20,(anonymous_2)
FN:29,(anonymous_3)
FN:33,(anonymous_4)
FN:34,(anonymous_5)
FN:37,(anonymous_6)
FN:38,(anonymous_7)
FN:65,(anonymous_8)
FN:79,(anonymous_9)
FN:84,(anonymous_10)
FN:97,(anonymous_11)
FN:99,(anonymous_12)
FN:114,(anonymous_13)
FN:115,(anonymous_14)
FN:116,(anonymous_15)
FN:117,(anonymous_16)
FN:120,(anonymous_17)
FN:125,(anonymous_18)
FN:126,(anonymous_19)
FN:134,(anonymous_20)
FN:135,(anonymous_21)
FN:136,(anonymous_22)
FN:154,(anonymous_23)
FN:157,(anonymous_24)
FN:161,(anonymous_25)
FN:163,(anonymous_26)
FN:164,(anonymous_27)
FNF:28
FNH:22
FNDA:42,(anonymous_0)
FNDA:42,(anonymous_1)
FNDA:42,(anonymous_2)
FNDA:42,(anonymous_3)
FNDA:42,(anonymous_4)
FNDA:42,(anonymous_5)
FNDA:42,(anonymous_6)
FNDA:42,(anonymous_7)
FNDA:0,(anonymous_8)
FNDA:126,(anonymous_9)
FNDA:126,(anonymous_10)
FNDA:0,(anonymous_11)
FNDA:0,(anonymous_12)
FNDA:42,(anonymous_13)
FNDA:42,(anonymous_14)
FNDA:42,(anonymous_15)
FNDA:42,(anonymous_16)
FNDA:42,(anonymous_17)
FNDA:42,(anonymous_18)
FNDA:42,(anonymous_19)
FNDA:0,(anonymous_20)
FNDA:0,(anonymous_21)
FNDA:0,(anonymous_22)
FNDA:42,(anonymous_23)
FNDA:42,(anonymous_24)
FNDA:42,(anonymous_25)
FNDA:42,(anonymous_26)
FNDA:42,(anonymous_27)
DA:12,42
DA:13,42
DA:15,42
DA:20,42
DA:24,42
DA:28,42
DA:29,42
DA:32,42
DA:33,42
DA:34,42
DA:37,42
DA:38,42
DA:42,42
DA:52,42
DA:60,42
DA:65,0
DA:74,42
DA:79,126
DA:84,126
DA:89,42
DA:96,42
DA:97,0
DA:99,0
DA:106,42
DA:112,42
DA:114,42
DA:115,42
DA:116,42
DA:117,42
DA:120,42
DA:124,42
DA:125,42
DA:126,42
DA:129,42
DA:134,0
DA:135,0
DA:136,0
DA:151,42
DA:154,42
DA:157,42
DA:161,42
DA:163,42
DA:164,42
LF:43
LH:37
BRF:0
BRH:0
end_of_record
TN:
SF:../ui/src/components/Header/assets/IconCode.js
FN:6,(anonymous_0)
FNF:1
FNH:0
FNDA:0,(anonymous_0)
DA:6,42
DA:7,0
LF:2
LH:1
BRF:0
BRH:0
end_of_record
TN:
SF:../ui/src/components/Header/assets/IconEvents.js
FN:6,(anonymous_0)
FNF:1
FNH:1
FNDA:54,(anonymous_0)
DA:6,42
DA:7,54
LF:2
LH:2
BRF:0
BRH:0
end_of_record
TN:
SF:../ui/src/components/Header/assets/IconHome.js
FN:6,(anonymous_0)
FNF:1
FNH:1
FNDA:54,(anonymous_0)
DA:6,42
DA:7,54
LF:2
LH:2
BRF:0
BRH:0
end_of_record
TN:
SF:../ui/src/components/Header/assets/IconInfo.js
FN:6,(anonymous_0)
FNF:1
FNH:0
FNDA:0,(anonymous_0)
DA:6,42
DA:7,0
LF:2
LH:1
BRF:0
BRH:0
end_of_record
TN:
SF:../ui/src/components/Header/assets/IconPresent.js
FN:6,(anonymous_0)
FNF:1
FNH:1
FNDA:54,(anonymous_0)
DA:6,42
DA:7,54
LF:2
LH:2
BRF:0
BRH:0
end_of_record
TN:
SF:../ui/src/components/Headings/Headings.js
FN:9,(anonymous_0)
FN:10,(anonymous_1)
FN:11,(anonymous_2)
FN:12,(anonymous_3)
FN:13,(anonymous_4)
FN:16,(anonymous_5)
FN:21,(anonymous_6)
FN:22,(anonymous_7)
FN:23,(anonymous_8)
FN:24,(anonymous_9)
FN:25,(anonymous_10)
FN:28,(anonymous_11)
FN:34,(anonymous_12)
FNF:13
FNH:0
FNDA:0,(anonymous_0)
FNDA:0,(anonymous_1)
FNDA:0,(anonymous_2)
FNDA:0,(anonymous_3)
FNDA:0,(anonymous_4)
FNDA:0,(anonymous_5)
FNDA:0,(anonymous_6)
FNDA:0,(anonymous_7)
FNDA:0,(anonymous_8)
FNDA:0,(anonymous_9)
FNDA:0,(anonymous_10)
FNDA:0,(anonymous_11)
FNDA:0,(anonymous_12)
DA:8,42
DA:9,0
DA:10,0
DA:11,0
DA:12,0
DA:13,0
DA:16,0
DA:20,42
DA:21,0
DA:22,0
DA:23,0
DA:24,0
DA:25,0
DA:29,0
DA:33,42
DA:34,0
LF:16
LH:3
BRF:0
BRH:0
end_of_record
TN:
SF:../ui/src/components/Icons/AddIcon.jsx
FN:8,(anonymous_0)
FNF:1
FNH:1
FNDA:198,(anonymous_0)
DA:8,42
DA:9,198
DA:15,42
DA:21,42
LF:4
LH:4
BRF:0
BRH:0
end_of_record
TN:
SF:../ui/src/components/Icons/ArrowLeft.jsx
FN:8,(anonymous_0)
FNF:1
FNH:0
FNDA:0,(anonymous_0)
DA:8,42
DA:9,0
DA:17,42
DA:22,42
LF:4
LH:3
BRF:0
BRH:0
end_of_record
TN:
SF:../ui/src/components/Icons/ArrowRight.jsx
FN:7,(anonymous_0)
FNF:1
FNH:0
FNDA:0,(anonymous_0)
DA:7,42
DA:8,0
DA:18,42
DA:23,42
LF:4
LH:3
BRF:0
BRH:0
end_of_record
TN:
SF:../ui/src/components/Icons/Checkmark.jsx
FN:6,(anonymous_0)
FNF:1
FNH:0
FNDA:0,(anonymous_0)
DA:6,42
DA:8,0
LF:2
LH:1
BRF:0
BRH:0
end_of_record
TN:
SF:../ui/src/components/Icons/Cross.jsx
FN:6,(anonymous_0)
FNF:1
FNH:0
FNDA:0,(anonymous_0)
DA:6,42
DA:8,0
LF:2
LH:1
BRF:0
BRH:0
end_of_record
TN:
SF:../ui/src/components/Icons/External.jsx
FN:8,(anonymous_0)
FNF:1
FNH:1
FNDA:2892,(anonymous_0)
DA:8,42
DA:9,2892
DA:24,42
DA:28,42
LF:4
LH:4
BRF:0
BRH:0
end_of_record
TN:
SF:../ui/src/components/Icons/GitHubIcon.jsx
FN:7,(anonymous_0)
FNF:1
FNH:0
FNDA:0,(anonymous_0)
DA:7,42
DA:8,0
DA:26,42
LF:3
LH:2
BRF:0
BRH:0
end_of_record
TN:
SF:../ui/src/components/Icons/GitLabIcon.jsx
FN:7,(anonymous_0)
FNF:1
FNH:0
FNDA:0,(anonymous_0)
DA:7,42
DA:8,0
DA:26,42
LF:3
LH:2
BRF:0
BRH:0
end_of_record
TN:
SF:../ui/src/components/Icons/Pin.jsx
FN:6,(anonymous_0)
FNF:1
FNH:1
FNDA:2850,(anonymous_0)
DA:6,42
DA:7,2850
LF:2
LH:2
BRF:0
BRH:0
end_of_record
TN:
SF:../ui/src/components/Icons/StarIcon.jsx
FN:8,(anonymous_0)
FNF:1
FNH:0
FNDA:0,(anonymous_0)
DA:8,42
DA:9,0
DA:19,42
DA:25,42
LF:4
LH:3
BRF:0
BRH:0
end_of_record
TN:
SF:../ui/src/components/Icons/Time.jsx
FN:6,(anonymous_0)
FNF:1
FNH:1
FNDA:2850,(anonymous_0)
DA:6,42
DA:7,2850
LF:2
LH:2
BRF:0
BRH:0
end_of_record
TN:
SF:../ui/src/components/Icons/Circles/CheckmarkCircle.jsx
FN:8,(anonymous_0)
FNF:1
FNH:0
FNDA:0,(anonymous_0)
DA:8,42
DA:9,0
LF:2
LH:1
BRF:0
BRH:0
end_of_record
TN:
SF:../ui/src/components/Icons/Circles/CrossCircle.jsx
FN:8,(anonymous_0)
FNF:1
FNH:0
FNDA:0,(anonymous_0)
DA:8,42
DA:9,0
LF:2
LH:1
BRF:0
BRH:0
end_of_record
TN:
SF:../ui/src/components/Icons/Circles/index.styles.js
FN:13,(anonymous_0)
FN:14,(anonymous_1)
FN:15,(anonymous_2)
FN:22,(anonymous_3)
FN:27,(anonymous_4)
FNF:5
FNH:0
FNDA:0,(anonymous_0)
FNDA:0,(anonymous_1)
FNDA:0,(anonymous_2)
FNDA:0,(anonymous_3)
FNDA:0,(anonymous_4)
DA:9,42
DA:13,0
DA:14,0
DA:15,0
DA:21,42
DA:22,0
DA:26,42
DA:27,0
LF:8
LH:3
BRF:0
BRH:0
end_of_record
TN:
SF:../ui/src/components/ImplementedByList/ImplementedByList.jsx
FN:10,(anonymous_0)
FN:13,(anonymous_1)
FNF:2
FNH:0
FNDA:0,(anonymous_0)
FNDA:0,(anonymous_1)
DA:10,42
DA:11,0
DA:14,0
DA:22,42
LF:4
LH:2
BRF:0
BRH:0
end_of_record
TN:
SF:../ui/src/components/ImplementedByListContainer/ImplementedByListContainer.jsx
FN:10,(anonymous_0)
FN:20,(anonymous_1)
FN:25,(anonymous_2)
FN:36,(anonymous_3)
FN:47,(anonymous_4)
FN:50,(anonymous_5)
FN:58,(anonymous_6)
FNF:7
FNH:0
FNDA:0,(anonymous_0)
FNDA:0,(anonymous_1)
FNDA:0,(anonymous_2)
FNDA:0,(anonymous_3)
FNDA:0,(anonymous_4)
FNDA:0,(anonymous_5)
FNDA:0,(anonymous_6)
DA:11,0
DA:13,0
DA:21,0
DA:22,0
DA:26,0
DA:27,0
DA:29,0
DA:30,0
DA:33,0
DA:37,0
DA:38,0
DA:39,0
DA:41,0
DA:48,0
DA:49,0
DA:50,0
DA:51,0
DA:53,0
DA:54,0
DA:59,0
DA:61,0
DA:80,42
LF:22
LH:1
BRDA:29,0,0,0
BRDA:29,0,1,0
BRDA:29,1,0,0
BRDA:29,1,1,0
BRDA:38,2,0,0
BRDA:38,2,1,0
BRDA:63,3,0,0
BRDA:63,3,1,0
BRDA:63,4,0,0
BRDA:63,4,1,0
BRDA:67,5,0,0
BRDA:67,5,1,0
BRDA:67,6,0,0
BRDA:67,6,1,0
BRF:14
BRH:0
end_of_record
TN:
SF:../ui/src/components/LinkToAPIContainer/LinkToAPIContainer.jsx
FN:10,(anonymous_0)
FN:20,(anonymous_1)
FN:25,(anonymous_2)
FN:36,(anonymous_3)
FN:47,(anonymous_4)
FN:58,(anonymous_5)
FNF:6
FNH:0
FNDA:0,(anonymous_0)
FNDA:0,(anonymous_1)
FNDA:0,(anonymous_2)
FNDA:0,(anonymous_3)
FNDA:0,(anonymous_4)
FNDA:0,(anonymous_5)
DA:11,0
DA:13,0
DA:21,0
DA:22,0
DA:26,0
DA:27,0
DA:29,0
DA:30,0
DA:33,0
DA:37,0
DA:38,0
DA:39,0
DA:41,0
DA:48,0
DA:49,0
DA:50,0
DA:51,0
DA:53,0
DA:54,0
DA:59,0
DA:61,0
DA:80,42
LF:22
LH:1
BRDA:29,0,0,0
BRDA:29,0,1,0
BRDA:29,1,0,0
BRDA:29,1,1,0
BRDA:38,2,0,0
BRDA:38,2,1,0
BRDA:63,3,0,0
BRDA:63,3,1,0
BRDA:63,4,0,0
BRDA:63,4,1,0
BRF:10
BRH:0
end_of_record
TN:
SF:../ui/src/components/Overview/Overview.jsx
FN:16,(anonymous_0)
FNF:1
FNH:1
FNDA:99,(anonymous_0)
DA:16,42
DA:22,99
DA:35,42
LF:3
LH:3
BRDA:23,0,0,57
BRDA:23,0,1,42
BRDA:25,1,0,57
BRDA:25,1,1,0
BRF:4
BRH:3
end_of_record
TN:
SF:../ui/src/components/Overview/Overview.styles.js
FN:14,(anonymous_0)
FN:15,(anonymous_1)
FN:31,(anonymous_2)
FNF:3
FNH:3
FNDA:99,(anonymous_0)
FNDA:99,(anonymous_1)
FNDA:99,(anonymous_2)
DA:10,42
DA:14,99
DA:15,99
DA:22,42
DA:28,42
DA:31,99
LF:6
LH:6
BRF:0
BRH:0
end_of_record
TN:
SF:../ui/src/components/PageContentCard/PageContentCard.js
FN:11,(anonymous_0)
FN:21,(anonymous_1)
FN:27,(anonymous_2)
FN:33,(anonymous_3)
FNF:4
FNH:3
FNDA:4,(anonymous_0)
FNDA:4,(anonymous_1)
FNDA:4,(anonymous_2)
FNDA:0,(anonymous_3)
DA:9,42
DA:12,4
DA:21,4
DA:25,42
DA:27,4
DA:31,42
DA:33,0
DA:37,42
DA:38,42
LF:9
LH:8
BRF:0
BRH:0
end_of_record
TN:
SF:../ui/src/components/Pagination/Pagination.jsx
FN:18,(anonymous_0)
FN:19,(anonymous_1)
FN:21,(anonymous_2)
FN:33,(anonymous_3)
FN:37,(anonymous_4)
FN:45,(anonymous_5)
FN:50,(anonymous_6)
FN:53,(anonymous_7)
FN:63,(anonymous_8)
FN:74,(anonymous_9)
FN:84,(anonymous_10)
FN:89,(anonymous_11)
FN:101,(anonymous_12)
FN:123,(anonymous_13)
FN:128,(anonymous_14)
FN:129,(anonymous_15)
FN:137,(anonymous_16)
FN:152,(anonymous_17)
FNF:18
FNH:14
FNDA:57,(anonymous_0)
FNDA:285,(anonymous_1)
FNDA:285,(anonymous_2)
FNDA:285,(anonymous_3)
FNDA:4,(anonymous_4)
FNDA:0,(anonymous_5)
FNDA:0,(anonymous_6)
FNDA:57,(anonymous_7)
FNDA:4,(anonymous_8)
FNDA:0,(anonymous_9)
FNDA:236,(anonymous_10)
FNDA:4,(anonymous_11)
FNDA:0,(anonymous_12)
FNDA:57,(anonymous_13)
FNDA:57,(anonymous_14)
FNDA:342,(anonymous_15)
FNDA:342,(anonymous_16)
FNDA:4,(anonymous_17)
DA:16,42
DA:18,42
DA:19,285
DA:20,57
DA:21,57
DA:22,285
DA:27,179
DA:29,106
DA:32,57
DA:33,285
DA:37,42
DA:38,4
DA:45,42
DA:48,0
DA:50,42
DA:51,0
DA:53,42
DA:60,57
DA:61,57
DA:63,57
DA:64,4
DA:65,4
DA:68,57
DA:75,0
DA:85,236
DA:89,4
DA:102,0
DA:123,42
DA:124,57
DA:126,57
DA:128,57
DA:129,57
DA:130,342
DA:132,171
DA:137,342
DA:139,57
DA:140,0
DA:141,0
DA:144,57
DA:147,57
DA:152,4
DA:162,42
DA:170,42
LF:43
LH:37
BRDA:22,0,0,179
BRDA:22,0,1,106
BRDA:23,1,0,285
BRDA:23,1,1,228
BRDA:23,1,2,171
BRDA:33,2,0,285
BRDA:33,2,1,106
BRDA:68,3,0,57
BRDA:68,3,1,0
BRDA:85,4,0,57
BRDA:85,4,1,179
BRDA:130,5,0,171
BRDA:130,5,1,171
BRDA:139,6,0,0
BRDA:139,6,1,57
BRF:15
BRH:13
end_of_record
TN:
SF:../ui/src/components/Pagination/Pagination.styles.js
FN:10,(anonymous_0)
FN:23,(anonymous_1)
FN:29,(anonymous_2)
FN:31,(anonymous_3)
FN:32,(anonymous_4)
FN:34,(anonymous_5)
FN:35,(anonymous_6)
FN:50,(anonymous_7)
FN:51,(anonymous_8)
FN:58,(anonymous_9)
FN:62,(anonymous_10)
FN:71,(anonymous_11)
FN:74,(anonymous_12)
FN:81,(anonymous_13)
FN:92,(anonymous_14)
FN:93,(anonymous_15)
FN:106,(anonymous_16)
FN:107,(anonymous_17)
FN:108,(anonymous_18)
FNF:19
FNH:18
FNDA:57,(anonymous_0)
FNDA:57,(anonymous_1)
FNDA:293,(anonymous_2)
FNDA:293,(anonymous_3)
FNDA:293,(anonymous_4)
FNDA:293,(anonymous_5)
FNDA:293,(anonymous_6)
FNDA:114,(anonymous_7)
FNDA:114,(anonymous_8)
FNDA:114,(anonymous_9)
FNDA:114,(anonymous_10)
FNDA:57,(anonymous_11)
FNDA:57,(anonymous_12)
FNDA:0,(anonymous_13)
FNDA:57,(anonymous_14)
FNDA:57,(anonymous_15)
FNDA:57,(anonymous_16)
FNDA:57,(anonymous_17)
FNDA:57,(anonymous_18)
DA:9,42
DA:10,57
DA:20,42
DA:23,57
DA:26,42
DA:29,293
DA:31,293
DA:33,293
DA:34,293
DA:35,293
DA:48,42
DA:50,114
DA:51,114
DA:58,114
DA:62,114
DA:66,42
DA:71,57
DA:74,57
DA:80,42
DA:81,0
DA:87,42
DA:92,57
DA:93,57
DA:100,42
DA:106,57
DA:107,57
DA:108,57
LF:27
LH:26
BRDA:31,0,0,57
BRDA:31,0,1,236
BRDA:33,1,0,57
BRDA:33,1,1,236
BRDA:35,2,0,57
BRDA:35,2,1,236
BRF:6
BRH:6
end_of_record
TN:
SF:../ui/src/components/PillBadge/PillBadge.js
FN:10,(anonymous_0)
FN:11,(anonymous_1)
FN:12,(anonymous_2)
FN:13,(anonymous_3)
FNF:4
FNH:0
FNDA:0,(anonymous_0)
FNDA:0,(anonymous_1)
FNDA:0,(anonymous_2)
FNDA:0,(anonymous_3)
DA:10,0
DA:11,0
DA:12,0
DA:13,0
LF:4
LH:0
BRF:0
BRH:0
end_of_record
TN:
SF:../ui/src/components/SubmitAPIForm/PercentageInput.jsx
FN:25,(anonymous_0)
FN:27,(anonymous_1)
FN:30,(anonymous_2)
FNF:3
FNH:0
FNDA:0,(anonymous_0)
FNDA:0,(anonymous_1)
FNDA:0,(anonymous_2)
DA:10,42
DA:15,42
DA:20,42
DA:25,0
DA:27,0
DA:30,42
DA:31,0
DA:39,42
DA:45,42
LF:9
LH:6
BRF:0
BRH:0
end_of_record
TN:
SF:../ui/src/components/SubmitAPIForm/SubmitAPIForm.jsx
FN:33,(anonymous_0)
FN:95,(anonymous_1)
FN:109,(anonymous_2)
FN:138,(anonymous_3)
FN:260,(anonymous_4)
FN:261,(anonymous_5)
FNF:6
FNH:0
FNDA:0,(anonymous_0)
FNDA:0,(anonymous_1)
FNDA:0,(anonymous_2)
FNDA:0,(anonymous_3)
FNDA:0,(anonymous_4)
FNDA:0,(anonymous_5)
DA:33,42
DA:43,0
DA:96,0
DA:110,0
DA:112,0
DA:139,0
DA:260,0
DA:262,0
DA:395,42
DA:411,42
LF:10
LH:3
BRDA:37,0,0,0
BRDA:55,1,0,0
BRDA:55,1,1,0
BRDA:55,1,2,0
BRDA:69,2,0,0
BRDA:69,2,1,0
BRDA:69,2,2,0
BRDA:82,3,0,0
BRDA:82,3,1,0
BRDA:82,3,2,0
BRDA:101,4,0,0
BRDA:101,4,1,0
BRDA:101,4,2,0
BRDA:125,5,0,0
BRDA:125,5,1,0
BRDA:125,5,2,0
BRDA:169,6,0,0
BRDA:169,6,1,0
BRDA:169,6,2,0
BRDA:169,6,3,0
BRDA:169,6,4,0
BRDA:188,7,0,0
BRDA:188,7,1,0
BRDA:188,7,2,0
BRDA:188,7,3,0
BRDA:188,7,4,0
BRDA:207,8,0,0
BRDA:207,8,1,0
BRDA:207,8,2,0
BRDA:207,8,3,0
BRDA:207,8,4,0
BRDA:246,9,0,0
BRDA:246,9,1,0
BRDA:251,10,0,0
BRDA:251,10,1,0
BRDA:272,11,0,0
BRDA:272,11,1,0
BRDA:277,12,0,0
BRDA:277,12,1,0
BRDA:277,12,2,0
BRDA:301,13,0,0
BRDA:301,13,1,0
BRDA:304,14,0,0
BRDA:304,14,1,0
BRDA:304,14,2,0
BRDA:304,14,3,0
BRDA:304,14,4,0
BRDA:327,15,0,0
BRDA:327,15,1,0
BRDA:330,16,0,0
BRDA:330,16,1,0
BRDA:330,16,2,0
BRDA:330,16,3,0
BRDA:330,16,4,0
BRDA:353,17,0,0
BRDA:353,17,1,0
BRDA:353,17,2,0
BRDA:353,17,3,0
BRDA:353,17,4,0
BRDA:374,18,0,0
BRDA:374,18,1,0
BRDA:374,18,2,0
BRDA:374,18,3,0
BRDA:374,18,4,0
BRDA:387,19,0,0
BRDA:387,19,1,0
BRDA:387,19,2,0
BRF:67
BRH:0
end_of_record
TN:
SF:../ui/src/components/SubmitAPIForm/SubmitAPIForm.styles.js
FN:44,(anonymous_0)
FN:45,(anonymous_1)
FN:46,(anonymous_2)
FN:47,(anonymous_3)
FN:51,(anonymous_4)
FN:55,(anonymous_5)
FN:60,(anonymous_6)
FNF:7
FNH:0
FNDA:0,(anonymous_0)
FNDA:0,(anonymous_1)
FNDA:0,(anonymous_2)
FNDA:0,(anonymous_3)
FNDA:0,(anonymous_4)
FNDA:0,(anonymous_5)
FNDA:0,(anonymous_6)
DA:6,42
DA:16,42
DA:26,42
DA:30,42
DA:42,42
DA:44,0
DA:45,0
DA:46,0
DA:47,0
DA:50,42
DA:51,0
DA:55,0
DA:60,0
LF:13
LH:6
BRF:0
BRH:0
end_of_record
TN:
SF:../ui/src/components/SubmitCodeForm/SubmitCodeForm.jsx
FN:28,(anonymous_0)
FN:34,fetchApiList
FN:47,loadApis
FN:50,(anonymous_3)
FN:60,(anonymous_4)
FN:67,(anonymous_5)
FN:116,(anonymous_6)
FN:158,(anonymous_7)
FNF:8
FNH:0
FNDA:0,(anonymous_0)
FNDA:0,fetchApiList
FNDA:0,loadApis
FNDA:0,(anonymous_3)
FNDA:0,(anonymous_4)
FNDA:0,(anonymous_5)
FNDA:0,(anonymous_6)
FNDA:0,(anonymous_7)
DA:23,42
DA:28,42
DA:29,0
DA:30,0
DA:31,0
DA:32,0
DA:35,0
DA:38,0
DA:39,0
DA:41,0
DA:48,0
DA:49,0
DA:50,0
DA:51,0
DA:53,0
DA:54,0
DA:59,0
DA:61,0
DA:67,0
DA:68,0
DA:69,0
DA:71,0
DA:76,0
DA:77,0
DA:80,0
DA:82,0
DA:83,0
DA:85,0
DA:91,0
DA:94,0
DA:95,0
DA:109,0
DA:117,0
DA:158,0
DA:183,42
LF:35
LH:3
BRDA:38,0,0,0
BRDA:38,0,1,0
BRDA:82,1,0,0
BRDA:82,1,1,0
BRDA:94,2,0,0
BRDA:94,2,1,0
BRDA:164,3,0,0
BRDA:164,3,1,0
BRDA:164,3,2,0
BRDA:169,4,0,0
BRDA:169,4,1,0
BRF:11
BRH:0
end_of_record
TN:
SF:../ui/src/components/SubmitCodeForm/SubmitCodeForm.styles.js
FN:18,(anonymous_0)
FN:19,(anonymous_1)
FN:20,(anonymous_2)
FN:21,(anonymous_3)
FN:24,(anonymous_4)
FNF:5
FNH:0
FNDA:0,(anonymous_0)
FNDA:0,(anonymous_1)
FNDA:0,(anonymous_2)
FNDA:0,(anonymous_3)
FNDA:0,(anonymous_4)
DA:8,42
DA:16,42
DA:18,0
DA:19,0
DA:20,0
DA:21,0
DA:23,42
DA:24,0
LF:8
LH:3
BRF:0
BRH:0
end_of_record
TN:
SF:../ui/src/components/SubmitCodeForm/validationSchema.js
FN:6,(anonymous_0)
FN:7,(anonymous_1)
FN:18,(anonymous_2)
FN:19,(anonymous_3)
FNF:4
FNH:2
FNDA:42,(anonymous_0)
FNDA:0,(anonymous_1)
FNDA:42,(anonymous_2)
FNDA:0,(anonymous_3)
DA:6,42
DA:7,42
DA:8,0
DA:10,0
DA:18,42
DA:19,42
DA:20,0
DA:22,0
DA:28,42
LF:9
LH:5
BRDA:11,0,0,0
BRDA:11,0,1,0
BRDA:11,0,2,0
BRDA:11,0,3,0
BRDA:11,0,4,0
BRDA:23,1,0,0
BRDA:23,1,1,0
BRDA:23,1,2,0
BRF:8
BRH:0
end_of_record
TN:
SF:../ui/src/components/SubmitEventForm/SubmitEventForm.jsx
FN:21,(anonymous_0)
FN:26,(anonymous_1)
FN:66,(anonymous_2)
FNF:3
FNH:2
FNDA:8,(anonymous_0)
FNDA:0,(anonymous_1)
FNDA:4,(anonymous_2)
DA:13,42
DA:21,42
DA:22,8
DA:23,4
DA:24,4
DA:26,4
DA:27,0
DA:28,0
DA:30,0
DA:37,0
DA:38,0
DA:41,0
DA:43,0
DA:48,0
DA:51,4
DA:52,0
DA:59,4
DA:67,4
LF:18
LH:9
BRDA:51,0,0,0
BRDA:51,0,1,4
BRDA:90,1,0,4
BRDA:90,1,1,0
BRF:4
BRH:2
end_of_record
TN:
SF:../ui/src/components/SubmitEventForm/SubmitEventForm.styles.js
FNF:0
FNH:0
DA:8,42
LF:1
LH:1
BRF:0
BRH:0
end_of_record
TN:
SF:../ui/src/components/SubmitEventForm/validationSchema.js
FNF:0
FNH:0
DA:6,42
LF:1
LH:1
BRF:0
BRH:0
end_of_record
TN:
SF:../ui/src/components/design-system-candidates/Field/const.js
FNF:0
FNH:0
DA:4,42
LF:1
LH:1
BRF:0
BRH:0
end_of_record
TN:
SF:../ui/src/components/design-system-candidates/Field/index.js
FN:10,(anonymous_0)
FN:27,(anonymous_1)
FN:40,(anonymous_2)
FN:41,(anonymous_3)
FN:43,(anonymous_4)
FN:44,(anonymous_5)
FN:45,(anonymous_6)
FN:47,(anonymous_7)
FN:49,(anonymous_8)
FN:57,(anonymous_9)
FN:58,(anonymous_10)
FN:62,(anonymous_11)
FN:66,(anonymous_12)
FN:67,(anonymous_13)
FNF:14
FNH:0
FNDA:0,(anonymous_0)
FNDA:0,(anonymous_1)
FNDA:0,(anonymous_2)
FNDA:0,(anonymous_3)
FNDA:0,(anonymous_4)
FNDA:0,(anonymous_5)
FNDA:0,(anonymous_6)
FNDA:0,(anonymous_7)
FNDA:0,(anonymous_8)
FNDA:0,(anonymous_9)
FNDA:0,(anonymous_10)
FNDA:0,(anonymous_11)
FNDA:0,(anonymous_12)
FNDA:0,(anonymous_13)
DA:10,42
DA:11,0
DA:13,0
DA:15,0
DA:17,0
DA:19,0
DA:21,0
DA:27,42
DA:28,0
DA:29,0
DA:32,42
DA:37,42
DA:40,0
DA:41,0
DA:43,0
DA:44,0
DA:45,0
DA:47,0
DA:50,0
DA:57,0
DA:58,0
DA:62,0
DA:66,0
DA:67,0
LF:24
LH:4
BRDA:11,0,0,0
BRDA:11,0,1,0
BRDA:11,0,2,0
BRDA:11,0,3,0
BRDA:11,0,4,0
BRDA:50,1,0,0
BRDA:50,1,1,0
BRF:7
BRH:0
end_of_record
TN:
SF:../ui/src/components/design-system-candidates/Grid/index.js
FN:11,(anonymous_0)
FN:12,(anonymous_1)
FN:18,(anonymous_2)
FN:23,(anonymous_3)
FNF:4
FNH:2
FNDA:276,(anonymous_0)
FNDA:276,(anonymous_1)
FNDA:0,(anonymous_2)
FNDA:0,(anonymous_3)
DA:9,42
DA:11,276
DA:12,276
DA:16,42
DA:18,0
DA:21,42
DA:23,0
LF:7
LH:5
BRF:0
BRH:0
end_of_record
TN:
SF:../ui/src/components/design-system-candidates/PrimaryNavigation/index.js
FN:20,(anonymous_0)
FN:31,(anonymous_1)
FN:40,(anonymous_2)
FN:51,(anonymous_3)
FN:57,(anonymous_4)
FNF:5
FNH:4
FNDA:42,(anonymous_0)
FNDA:0,(anonymous_1)
FNDA:54,(anonymous_2)
FNDA:84,(anonymous_3)
FNDA:170,(anonymous_4)
DA:12,42
DA:15,42
DA:24,42
DA:25,42
DA:27,42
DA:28,42
DA:32,0
DA:33,0
DA:40,42
DA:41,54
DA:45,30
DA:47,24
DA:51,42
DA:52,84
DA:55,42
DA:58,170
DA:59,170
DA:76,42
LF:18
LH:16
BRDA:41,0,0,30
BRDA:41,0,1,24
BRDA:42,1,0,54
BRDA:42,1,1,30
BRDA:45,2,0,30
BRDA:45,2,1,26
BRDA:47,3,0,24
BRDA:47,3,1,18
BRDA:59,4,0,62
BRDA:59,4,1,108
BRDA:67,5,0,8
BRDA:67,5,1,54
BRF:12
BRH:12
end_of_record
TN:
SF:../ui/src/components/design-system-candidates/PrimaryNavigation/primaryNavigationTypes.js
FNF:0
FNH:0
LF:0
LH:0
BRF:0
BRH:0
end_of_record
TN:
SF:../ui/src/components/design-system-candidates/PrimaryNavigation/DesktopNavigation/index.js
FN:10,(anonymous_0)
FN:15,(anonymous_1)
FNF:2
FNH:2
FNDA:108,(anonymous_0)
FNDA:540,(anonymous_1)
DA:10,42
DA:11,108
DA:16,540
DA:28,42
LF:4
LH:4
BRF:0
BRH:0
end_of_record
TN:
SF:../ui/src/components/design-system-candidates/PrimaryNavigation/DesktopNavigation/index.styles.js
FN:11,(anonymous_0)
FN:21,(anonymous_1)
FN:38,(anonymous_2)
FN:40,(anonymous_3)
FN:41,(anonymous_4)
FN:46,(anonymous_5)
FN:47,(anonymous_6)
FNF:7
FNH:7
FNDA:108,(anonymous_0)
FNDA:108,(anonymous_1)
FNDA:540,(anonymous_2)
FNDA:540,(anonymous_3)
FNDA:540,(anonymous_4)
FNDA:540,(anonymous_5)
FNDA:540,(anonymous_6)
DA:10,42
DA:11,108
DA:14,42
DA:20,42
DA:21,108
DA:24,42
DA:31,42
DA:39,540
DA:40,540
DA:41,540
DA:46,540
DA:48,540
LF:12
LH:12
BRF:0
BRH:0
end_of_record
TN:
SF:../ui/src/components/design-system-candidates/PrimaryNavigation/MobileNavigation/index.js
FN:17,(anonymous_0)
FN:31,(anonymous_1)
FNF:2
FNH:2
FNDA:54,(anonymous_0)
FNDA:108,(anonymous_1)
DA:15,42
DA:17,42
DA:18,54
DA:19,54
DA:21,54
DA:22,54
DA:24,54
DA:25,54
DA:26,54
DA:28,0
DA:31,108
DA:33,54
DA:63,42
LF:13
LH:12
BRDA:24,0,0,54
BRDA:24,0,1,0
BRDA:35,1,0,54
BRDA:35,1,1,0
BRF:4
BRH:2
end_of_record
TN:
SF:../ui/src/components/design-system-candidates/PrimaryNavigation/MobileNavigation/components/Backdrop.js
FN:17,(anonymous_0)
FN:27,(anonymous_1)
FN:30,(anonymous_2)
FN:32,(anonymous_3)
FNF:4
FNH:4
FNDA:54,(anonymous_0)
FNDA:54,(anonymous_1)
FNDA:46,(anonymous_2)
FNDA:45,(anonymous_3)
DA:8,42
DA:10,42
DA:17,54
DA:27,42
DA:28,54
DA:30,54
DA:31,46
DA:32,46
DA:33,45
DA:36,0
DA:40,54
DA:48,42
LF:12
LH:11
BRDA:31,0,0,46
BRDA:31,0,1,0
BRDA:43,1,0,54
BRDA:43,1,1,0
BRF:4
BRH:2
end_of_record
TN:
SF:../ui/src/components/design-system-candidates/PrimaryNavigation/MobileNavigation/components/IconChevron.js
FN:6,(anonymous_0)
FNF:1
FNH:1
FNDA:108,(anonymous_0)
DA:6,42
DA:7,108
LF:2
LH:2
BRF:0
BRH:0
end_of_record
TN:
SF:../ui/src/components/design-system-candidates/PrimaryNavigation/MobileNavigation/components/IconMore.js
FN:6,(anonymous_0)
FNF:1
FNH:1
FNDA:54,(anonymous_0)
DA:6,42
DA:7,54
LF:2
LH:2
BRF:0
BRH:0
end_of_record
TN:
SF:../ui/src/components/design-system-candidates/PrimaryNavigation/MobileNavigation/components/MobileMoreButton.js
FN:10,(anonymous_0)
FNF:1
FNH:1
FNDA:54,(anonymous_0)
DA:10,42
DA:11,54
DA:21,42
LF:3
LH:3
BRF:0
BRH:0
end_of_record
TN:
SF:../ui/src/components/design-system-candidates/PrimaryNavigation/MobileNavigation/components/MobileNavItem/index.js
FN:9,(anonymous_0)
FNF:1
FNH:1
FNDA:216,(anonymous_0)
DA:9,42
DA:10,216
DA:16,42
LF:3
LH:3
BRDA:12,0,0,216
BRDA:12,0,1,0
BRF:2
BRH:1
end_of_record
TN:
SF:../ui/src/components/design-system-candidates/PrimaryNavigation/MobileNavigation/components/MobileNavItem/index.styles.js
FN:15,(anonymous_0)
FN:18,(anonymous_1)
FN:20,(anonymous_2)
FN:21,(anonymous_3)
FN:26,(anonymous_4)
FN:31,(anonymous_5)
FN:32,(anonymous_6)
FN:35,(anonymous_7)
FN:42,(anonymous_8)
FNF:9
FNH:9
FNDA:216,(anonymous_0)
FNDA:216,(anonymous_1)
FNDA:216,(anonymous_2)
FNDA:216,(anonymous_3)
FNDA:216,(anonymous_4)
FNDA:216,(anonymous_5)
FNDA:216,(anonymous_6)
FNDA:216,(anonymous_7)
FNDA:216,(anonymous_8)
DA:7,42
DA:15,216
DA:18,216
DA:20,216
DA:21,216
DA:26,216
DA:31,216
DA:32,216
DA:35,216
DA:40,42
DA:43,216
LF:11
LH:11
BRF:0
BRH:0
end_of_record
TN:
SF:../ui/src/components/design-system-candidates/PrimaryNavigation/MobileNavigation/components/MobileNavMenu/index.js
FN:12,(anonymous_0)
FN:14,(anonymous_1)
FNF:2
FNH:2
FNDA:54,(anonymous_0)
FNDA:162,(anonymous_1)
DA:12,42
DA:13,54
DA:15,162
DA:28,42
LF:4
LH:4
BRDA:17,0,0,54
BRDA:17,0,1,0
BRDA:20,1,0,54
BRDA:20,1,1,0
BRF:4
BRH:2
end_of_record
TN:
SF:../ui/src/components/design-system-candidates/PrimaryNavigation/MobileNavigation/components/MobileNavMenu/index.styles.js
FN:18,(anonymous_0)
FN:19,(anonymous_1)
FN:20,(anonymous_2)
FNF:3
FNH:3
FNDA:54,(anonymous_0)
FNDA:54,(anonymous_1)
FNDA:54,(anonymous_2)
DA:6,42
DA:8,42
DA:18,54
DA:19,54
DA:20,54
LF:5
LH:5
BRF:0
BRH:0
end_of_record
TN:
SF:../ui/src/components/design-system-candidates/PrimaryNavigation/MobileNavigation/components/MobileSubNav/index.js
FN:18,(anonymous_0)
FN:20,(anonymous_1)
FN:20,(anonymous_2)
FN:22,(anonymous_3)
FN:33,(anonymous_4)
FNF:5
FNH:3
FNDA:54,(anonymous_0)
FNDA:0,(anonymous_1)
FNDA:0,(anonymous_2)
FNDA:53,(anonymous_3)
FNDA:108,(anonymous_4)
DA:18,42
DA:19,54
DA:20,54
DA:22,54
DA:23,53
DA:26,54
DA:34,108
DA:46,42
LF:8
LH:8
BRDA:23,0,0,53
BRDA:23,0,1,0
BRF:2
BRH:1
end_of_record
TN:
SF:../ui/src/components/design-system-candidates/PrimaryNavigation/MobileNavigation/components/MobileSubNav/index.styles.js
FN:16,(anonymous_0)
FN:44,(anonymous_1)
FN:58,(anonymous_2)
FN:71,(anonymous_3)
FN:79,(anonymous_4)
FN:83,(anonymous_5)
FN:93,(anonymous_6)
FNF:7
FNH:7
FNDA:54,(anonymous_0)
FNDA:54,(anonymous_1)
FNDA:54,(anonymous_2)
FNDA:108,(anonymous_3)
FNDA:108,(anonymous_4)
FNDA:108,(anonymous_5)
FNDA:108,(anonymous_6)
DA:10,42
DA:16,54
DA:31,42
DA:36,42
DA:44,54
DA:58,42
DA:59,54
DA:64,42
DA:70,42
DA:71,108
DA:74,42
DA:79,108
DA:83,108
DA:93,108
LF:14
LH:14
BRF:0
BRH:0
end_of_record
TN:
SF:../ui/src/components/design-system-candidates/Search/index.js
FN:10,(anonymous_0)
FN:14,(anonymous_1)
FN:30,(anonymous_2)
FNF:3
FNH:0
FNDA:0,(anonymous_0)
FNDA:0,(anonymous_1)
FNDA:0,(anonymous_2)
DA:10,42
DA:11,0
DA:14,0
DA:23,42
DA:29,42
LF:5
LH:3
BRF:0
BRH:0
end_of_record
TN:
SF:../ui/src/components/design-system-candidates/Search/index.styles.js
FN:11,(anonymous_0)
FN:23,(anonymous_1)
FN:24,(anonymous_2)
FN:25,(anonymous_3)
FN:26,(anonymous_4)
FN:31,(anonymous_5)
FN:33,(anonymous_6)
FN:34,(anonymous_7)
FN:35,(anonymous_8)
FN:36,(anonymous_9)
FN:37,(anonymous_10)
FN:38,(anonymous_11)
FN:40,(anonymous_12)
FN:43,(anonymous_13)
FN:44,(anonymous_14)
FN:45,(anonymous_15)
FN:46,(anonymous_16)
FN:47,(anonymous_17)
FN:51,(anonymous_18)
FNF:19
FNH:0
FNDA:0,(anonymous_0)
FNDA:0,(anonymous_1)
FNDA:0,(anonymous_2)
FNDA:0,(anonymous_3)
FNDA:0,(anonymous_4)
FNDA:0,(anonymous_5)
FNDA:0,(anonymous_6)
FNDA:0,(anonymous_7)
FNDA:0,(anonymous_8)
FNDA:0,(anonymous_9)
FNDA:0,(anonymous_10)
FNDA:0,(anonymous_11)
FNDA:0,(anonymous_12)
FNDA:0,(anonymous_13)
FNDA:0,(anonymous_14)
FNDA:0,(anonymous_15)
FNDA:0,(anonymous_16)
FNDA:0,(anonymous_17)
FNDA:0,(anonymous_18)
DA:7,42
DA:11,42
DA:12,0
DA:21,42
DA:23,0
DA:24,0
DA:25,0
DA:26,0
DA:29,42
DA:31,0
DA:33,0
DA:34,0
DA:35,0
DA:36,0
DA:37,0
DA:38,0
DA:40,0
DA:43,0
DA:44,0
DA:45,0
DA:46,0
DA:47,0
DA:51,0
LF:23
LH:4
BRF:0
BRH:0
end_of_record
TN:
SF:../ui/src/domain/api-details-repository.js
FN:7,(anonymous_0)
FNF:1
FNH:0
FNDA:0,(anonymous_0)
DA:8,0
DA:10,0
DA:11,0
DA:16,0
DA:18,0
LF:5
LH:0
BRDA:10,0,0,0
BRDA:10,0,1,0
BRDA:10,1,0,0
BRDA:10,1,1,0
BRF:4
BRH:0
end_of_record
TN:
SF:../ui/src/domain/code-repository.js
FN:7,(anonymous_0)
FN:17,(anonymous_1)
FNF:2
FNH:0
FNDA:0,(anonymous_0)
FNDA:0,(anonymous_1)
DA:8,0
DA:10,0
DA:11,0
DA:14,0
DA:18,0
DA:27,0
DA:29,0
DA:30,0
DA:38,0
LF:9
LH:0
BRDA:10,0,0,0
BRDA:10,0,1,0
BRDA:29,1,0,0
BRDA:29,1,1,0
BRDA:31,2,0,0
BRDA:31,2,1,0
BRF:6
BRH:0
end_of_record
TN:
SF:../ui/src/domain/event-repository.js
FN:7,(anonymous_0)
FN:17,(anonymous_1)
FNF:2
FNH:0
FNDA:0,(anonymous_0)
FNDA:0,(anonymous_1)
DA:8,0
DA:10,0
DA:11,0
DA:14,0
DA:18,0
DA:27,0
DA:28,0
DA:33,0
DA:34,0
DA:37,0
LF:10
LH:0
BRDA:10,0,0,0
BRDA:10,0,1,0
BRDA:27,1,0,0
BRDA:27,1,1,0
BRDA:33,2,0,0
BRDA:33,2,1,0
BRF:6
BRH:0
end_of_record
TN:
SF:../ui/src/models/api.js
FN:7,(anonymous_0)
FN:8,(anonymous_1)
FN:17,(anonymous_2)
FN:27,(anonymous_3)
FN:41,(anonymous_4)
FN:42,(anonymous_5)
FN:51,(anonymous_6)
FN:60,(anonymous_7)
FN:61,(anonymous_8)
FNF:9
FNH:0
FNDA:0,(anonymous_0)
FNDA:0,(anonymous_1)
FNDA:0,(anonymous_2)
FNDA:0,(anonymous_3)
FNDA:0,(anonymous_4)
FNDA:0,(anonymous_5)
FNDA:0,(anonymous_6)
FNDA:0,(anonymous_7)
FNDA:0,(anonymous_8)
DA:7,42
DA:8,0
DA:9,0
DA:17,42
DA:18,0
DA:27,42
DA:28,0
DA:41,42
DA:42,0
DA:51,42
DA:52,0
DA:53,0
DA:54,0
DA:58,0
DA:60,0
DA:61,0
DA:67,0
LF:17
LH:5
BRDA:18,0,0,0
BRDA:18,0,1,0
BRDA:31,1,0,0
BRDA:31,1,1,0
BRDA:35,2,0,0
BRDA:35,2,1,0
BRDA:47,3,0,0
BRDA:47,3,1,0
BRDA:54,4,0,0
BRDA:54,4,1,0
BRDA:59,5,0,0
BRDA:59,5,1,0
BRDA:62,6,0,0
BRDA:62,6,1,0
BRDA:74,7,0,0
BRDA:74,7,1,0
BRDA:79,8,0,0
BRDA:79,8,1,0
BRF:18
BRH:0
end_of_record
TN:
SF:../ui/src/models/code.js
FN:5,(anonymous_0)
FNF:1
FNH:0
FNDA:0,(anonymous_0)
DA:5,42
LF:1
LH:1
BRDA:14,0,0,0
BRDA:14,0,1,0
BRF:2
BRH:0
end_of_record
TN:
SF:../ui/src/models/enums.js
FN:7,(anonymous_0)
FN:18,(anonymous_1)
FN:22,(anonymous_2)
FN:34,(anonymous_3)
FN:54,(anonymous_4)
FN:66,(anonymous_5)
FN:76,(anonymous_6)
FNF:7
FNH:1
FNDA:0,(anonymous_0)
FNDA:0,(anonymous_1)
FNDA:714,(anonymous_2)
FNDA:0,(anonymous_3)
FNDA:0,(anonymous_4)
FNDA:0,(anonymous_5)
FNDA:0,(anonymous_6)
DA:8,0
DA:9,0
DA:10,0
DA:14,0
DA:19,0
DA:23,714
DA:24,714
DA:27,714
DA:28,126
DA:31,714
DA:35,0
DA:36,0
DA:39,0
DA:44,42
DA:45,42
DA:46,42
DA:47,42
DA:48,42
DA:49,42
DA:50,42
DA:51,42
DA:52,42
DA:55,0
DA:60,42
DA:61,42
DA:62,42
DA:63,42
DA:64,42
DA:67,0
DA:72,42
DA:73,42
DA:74,42
DA:77,0
LF:33
LH:22
BRDA:9,0,0,0
BRDA:9,0,1,0
BRDA:27,1,0,126
BRDA:27,1,1,588
BRDA:35,2,0,0
BRDA:35,2,1,0
BRF:6
BRH:2
end_of_record
TN:
SF:../ui/src/models/event.js
FN:4,(anonymous_0)
FNF:1
FNH:1
FNDA:2450,(anonymous_0)
DA:4,2450
LF:1
LH:1
BRF:0
BRH:0
end_of_record
TN:
SF:../ui/src/models/propTypes.js
FNF:0
FNH:0
DA:6,42
LF:1
LH:1
BRF:0
BRH:0
end_of_record
TN:
SF:../ui/src/pages/APIDetail/APIDetail.jsx
FN:21,(anonymous_0)
FN:26,(anonymous_1)
FN:34,(anonymous_2)
FN:44,(anonymous_3)
FNF:4
FNH:0
FNDA:0,(anonymous_0)
FNDA:0,(anonymous_1)
FNDA:0,(anonymous_2)
FNDA:0,(anonymous_3)
DA:11,42
DA:15,0
DA:22,0
DA:23,0
DA:27,0
DA:28,0
DA:30,0
DA:31,0
DA:35,0
DA:36,0
DA:37,0
DA:39,0
DA:40,0
DA:45,0
DA:47,0
DA:61,42
DA:66,42
LF:17
LH:3
BRDA:30,0,0,0
BRDA:30,0,1,0
BRDA:49,1,0,0
BRDA:49,1,1,0
BRDA:49,2,0,0
BRDA:49,2,1,0
BRDA:53,3,0,0
BRDA:53,3,1,0
BRF:8
BRH:0
end_of_record
TN:
SF:../ui/src/pages/APIOverview/APIOverview.jsx
FN:34,(anonymous_0)
FN:38,(anonymous_1)
FN:47,(anonymous_2)
FN:51,(anonymous_3)
FN:60,(anonymous_4)
FN:68,(anonymous_5)
FN:75,(anonymous_6)
FN:82,(anonymous_7)
FN:93,(anonymous_8)
FN:116,(anonymous_9)
FN:123,(anonymous_10)
FN:132,(anonymous_11)
FN:147,(anonymous_12)
FN:163,(anonymous_13)
FN:164,(anonymous_14)
FNF:15
FNH:0
FNDA:0,(anonymous_0)
FNDA:0,(anonymous_1)
FNDA:0,(anonymous_2)
FNDA:0,(anonymous_3)
FNDA:0,(anonymous_4)
FNDA:0,(anonymous_5)
FNDA:0,(anonymous_6)
FNDA:0,(anonymous_7)
FNDA:0,(anonymous_8)
FNDA:0,(anonymous_9)
FNDA:0,(anonymous_10)
FNDA:0,(anonymous_11)
FNDA:0,(anonymous_12)
FNDA:0,(anonymous_13)
FNDA:0,(anonymous_14)
DA:28,0
DA:35,0
DA:39,0
DA:43,0
DA:48,0
DA:49,0
DA:50,0
DA:51,0
DA:53,0
DA:55,0
DA:56,0
DA:61,0
DA:63,0
DA:64,0
DA:65,0
DA:69,0
DA:71,0
DA:72,0
DA:76,0
DA:78,0
DA:79,0
DA:83,0
DA:86,0
DA:87,0
DA:89,0
DA:93,0
DA:94,0
DA:97,0
DA:99,0
DA:100,0
DA:104,0
DA:112,0
DA:113,0
DA:116,0
DA:117,0
DA:118,0
DA:119,0
DA:120,0
DA:123,0
DA:124,0
DA:126,0
DA:127,0
DA:128,0
DA:129,0
DA:132,0
DA:133,0
DA:134,0
DA:137,0
DA:148,0
DA:149,0
DA:150,0
DA:152,0
DA:153,0
DA:163,0
DA:164,0
DA:226,42
LF:56
LH:1
BRDA:39,0,0,0
BRDA:39,0,1,0
BRDA:40,1,0,0
BRDA:40,1,1,0
BRDA:86,2,0,0
BRDA:86,2,1,0
BRDA:97,3,0,0
BRDA:97,3,1,0
BRDA:107,4,0,0
BRDA:107,4,1,0
BRDA:108,5,0,0
BRDA:108,5,1,0
BRDA:118,6,0,0
BRDA:118,6,1,0
BRDA:126,7,0,0
BRDA:126,7,1,0
BRDA:134,8,0,0
BRDA:134,8,1,0
BRDA:138,9,0,0
BRDA:138,9,1,0
BRDA:141,10,0,0
BRDA:141,10,1,0
BRDA:142,11,0,0
BRDA:142,11,1,0
BRDA:152,12,0,0
BRDA:152,12,1,0
BRDA:152,13,0,0
BRDA:152,13,1,0
BRDA:152,13,2,0
BRDA:185,14,0,0
BRDA:185,14,1,0
BRDA:185,15,0,0
BRDA:185,15,1,0
BRDA:199,16,0,0
BRDA:199,16,1,0
BRDA:201,17,0,0
BRDA:201,17,1,0
BRDA:205,18,0,0
BRDA:205,18,1,0
BRDA:205,19,0,0
BRDA:205,19,1,0
BRDA:205,19,2,0
BRF:42
BRH:0
end_of_record
TN:
SF:../ui/src/pages/APIOverview/APIOverview.styles.js
FN:15,(anonymous_0)
FN:17,(anonymous_1)
FN:28,(anonymous_2)
FN:29,(anonymous_3)
FN:34,(anonymous_4)
FN:37,(anonymous_5)
FN:50,(anonymous_6)
FN:51,(anonymous_7)
FN:65,(anonymous_8)
FN:66,(anonymous_9)
FN:71,(anonymous_10)
FNF:11
FNH:0
FNDA:0,(anonymous_0)
FNDA:0,(anonymous_1)
FNDA:0,(anonymous_2)
FNDA:0,(anonymous_3)
FNDA:0,(anonymous_4)
FNDA:0,(anonymous_5)
FNDA:0,(anonymous_6)
FNDA:0,(anonymous_7)
FNDA:0,(anonymous_8)
FNDA:0,(anonymous_9)
FNDA:0,(anonymous_10)
DA:13,42
DA:15,0
DA:17,0
DA:21,42
DA:27,42
DA:28,0
DA:29,0
DA:32,42
DA:34,0
DA:37,0
DA:41,42
DA:49,42
DA:50,0
DA:51,0
DA:54,42
DA:63,42
DA:65,0
DA:66,0
DA:69,42
DA:71,0
LF:20
LH:9
BRF:0
BRH:0
end_of_record
TN:
SF:../ui/src/pages/About/About.jsx
FN:10,(anonymous_0)
FNF:1
FNH:0
FNDA:0,(anonymous_0)
DA:10,42
DA:11,0
LF:2
LH:1
BRF:0
BRH:0
end_of_record
TN:
SF:../ui/src/pages/About/About.styles.js
FN:10,(anonymous_0)
FN:11,(anonymous_1)
FN:12,(anonymous_2)
FN:13,(anonymous_3)
FN:17,(anonymous_4)
FN:20,(anonymous_5)
FNF:6
FNH:0
FNDA:0,(anonymous_0)
FNDA:0,(anonymous_1)
FNDA:0,(anonymous_2)
FNDA:0,(anonymous_3)
FNDA:0,(anonymous_4)
FNDA:0,(anonymous_5)
DA:9,42
DA:10,0
DA:11,0
DA:12,0
DA:13,0
DA:16,42
DA:17,0
DA:20,0
LF:8
LH:2
BRF:0
BRH:0
end_of_record
TN:
SF:../ui/src/pages/CodeOverview/CodeOverview.jsx
FN:35,(anonymous_0)
FN:39,(anonymous_1)
FN:48,(anonymous_2)
FN:52,(anonymous_3)
FN:61,(anonymous_4)
FN:69,(anonymous_5)
FN:76,(anonymous_6)
FN:83,(anonymous_7)
FN:89,(anonymous_8)
FN:96,(anonymous_9)
FN:108,(anonymous_10)
FN:115,(anonymous_11)
FN:124,(anonymous_12)
FN:138,(anonymous_13)
FN:154,(anonymous_14)
FN:155,(anonymous_15)
FN:177,(anonymous_16)
FN:178,(anonymous_17)
FNF:18
FNH:0
FNDA:0,(anonymous_0)
FNDA:0,(anonymous_1)
FNDA:0,(anonymous_2)
FNDA:0,(anonymous_3)
FNDA:0,(anonymous_4)
FNDA:0,(anonymous_5)
FNDA:0,(anonymous_6)
FNDA:0,(anonymous_7)
FNDA:0,(anonymous_8)
FNDA:0,(anonymous_9)
FNDA:0,(anonymous_10)
FNDA:0,(anonymous_11)
FNDA:0,(anonymous_12)
FNDA:0,(anonymous_13)
FNDA:0,(anonymous_14)
FNDA:0,(anonymous_15)
FNDA:0,(anonymous_16)
FNDA:0,(anonymous_17)
DA:29,0
DA:36,0
DA:40,0
DA:44,0
DA:49,0
DA:50,0
DA:51,0
DA:52,0
DA:54,0
DA:56,0
DA:57,0
DA:62,0
DA:64,0
DA:65,0
DA:66,0
DA:70,0
DA:72,0
DA:73,0
DA:77,0
DA:79,0
DA:80,0
DA:84,0
DA:86,0
DA:87,0
DA:88,0
DA:89,0
DA:90,0
DA:93,0
DA:97,0
DA:101,0
DA:102,0
DA:104,0
DA:108,0
DA:109,0
DA:110,0
DA:111,0
DA:112,0
DA:115,0
DA:116,0
DA:118,0
DA:119,0
DA:120,0
DA:121,0
DA:124,0
DA:125,0
DA:126,0
DA:129,0
DA:139,0
DA:140,0
DA:141,0
DA:143,0
DA:145,0
DA:154,0
DA:155,0
DA:177,0
DA:178,0
DA:229,42
LF:57
LH:1
BRDA:40,0,0,0
BRDA:40,0,1,0
BRDA:41,1,0,0
BRDA:41,1,1,0
BRDA:88,2,0,0
BRDA:88,2,1,0
BRDA:101,3,0,0
BRDA:101,3,1,0
BRDA:110,4,0,0
BRDA:110,4,1,0
BRDA:118,5,0,0
BRDA:118,5,1,0
BRDA:126,6,0,0
BRDA:126,6,1,0
BRDA:130,7,0,0
BRDA:130,7,1,0
BRDA:131,8,0,0
BRDA:131,8,1,0
BRDA:132,9,0,0
BRDA:132,9,1,0
BRDA:133,10,0,0
BRDA:133,10,1,0
BRDA:143,11,0,0
BRDA:143,11,1,0
BRDA:143,12,0,0
BRDA:143,12,1,0
BRDA:143,12,2,0
BRDA:168,13,0,0
BRDA:168,13,1,0
BRDA:202,14,0,0
BRDA:202,14,1,0
BRDA:204,15,0,0
BRDA:204,15,1,0
BRDA:208,16,0,0
BRDA:208,16,1,0
BRDA:208,17,0,0
BRDA:208,17,1,0
BRDA:208,17,2,0
BRF:38
BRH:0
end_of_record
TN:
SF:../ui/src/pages/CodeOverview/CodeOverview.styles.js
FN:13,(anonymous_0)
FN:15,(anonymous_1)
FN:26,(anonymous_2)
FN:27,(anonymous_3)
FN:40,(anonymous_4)
FN:43,(anonymous_5)
FN:56,(anonymous_6)
FN:57,(anonymous_7)
FN:71,(anonymous_8)
FNF:9
FNH:0
FNDA:0,(anonymous_0)
FNDA:0,(anonymous_1)
FNDA:0,(anonymous_2)
FNDA:0,(anonymous_3)
FNDA:0,(anonymous_4)
FNDA:0,(anonymous_5)
FNDA:0,(anonymous_6)
FNDA:0,(anonymous_7)
FNDA:0,(anonymous_8)
DA:11,42
DA:13,0
DA:15,0
DA:19,42
DA:25,42
DA:26,0
DA:27,0
DA:30,42
DA:38,42
DA:40,0
DA:43,0
DA:47,42
DA:55,42
DA:56,0
DA:57,0
DA:60,42
DA:69,42
DA:71,0
DA:78,42
DA:90,42
LF:20
LH:11
BRF:0
BRH:0
end_of_record
TN:
SF:../ui/src/pages/EventOverview/EventOverview.jsx
FN:31,(anonymous_0)
FN:35,(anonymous_1)
FN:44,(anonymous_2)
FN:48,(anonymous_3)
FN:57,(anonymous_4)
FN:68,(anonymous_5)
FN:75,(anonymous_6)
FN:84,(anonymous_7)
FN:96,(anonymous_8)
FNF:9
FNH:9
FNDA:42,(anonymous_0)
FNDA:57,(anonymous_1)
FNDA:50,(anonymous_2)
FNDA:2450,(anonymous_3)
FNDA:50,(anonymous_4)
FNDA:4,(anonymous_5)
FNDA:4,(anonymous_6)
FNDA:149,(anonymous_7)
FNDA:99,(anonymous_8)
DA:25,42
DA:32,42
DA:36,57
DA:40,8
DA:45,50
DA:46,50
DA:47,49
DA:48,2450
DA:50,49
DA:52,0
DA:53,0
DA:58,50
DA:61,50
DA:62,50
DA:64,0
DA:68,42
DA:69,4
DA:70,4
DA:71,4
DA:72,4
DA:75,42
DA:76,4
DA:78,4
DA:79,4
DA:80,4
DA:81,4
DA:84,42
DA:85,149
DA:86,149
DA:89,149
DA:97,99
DA:98,99
DA:99,99
DA:101,99
DA:103,99
DA:151,42
LF:36
LH:33
BRDA:36,0,0,8
BRDA:36,0,1,49
BRDA:37,1,0,57
BRDA:37,1,1,57
BRDA:61,2,0,50
BRDA:61,2,1,0
BRDA:70,3,0,4
BRDA:70,3,1,0
BRDA:78,4,0,4
BRDA:78,4,1,0
BRDA:86,5,0,149
BRDA:86,5,1,0
BRDA:90,6,0,149
BRDA:90,6,1,126
BRDA:91,7,0,149
BRDA:91,7,1,138
BRDA:101,8,0,57
BRDA:101,8,1,42
BRDA:101,9,0,99
BRDA:101,9,1,57
BRDA:101,9,2,57
BRDA:125,10,0,42
BRDA:125,10,1,57
BRDA:127,11,0,0
BRDA:127,11,1,57
BRDA:131,12,0,0
BRDA:131,12,1,57
BRDA:131,13,0,57
BRDA:131,13,1,57
BRDA:131,13,2,57
BRF:30
BRH:24
end_of_record
TN:
SF:../ui/src/pages/EventOverview/EventOverview.styles.js
FN:12,(anonymous_0)
FN:14,(anonymous_1)
FN:24,(anonymous_2)
FN:25,(anonymous_3)
FN:37,(anonymous_4)
FN:38,(anonymous_5)
FN:43,(anonymous_6)
FNF:7
FNH:7
FNDA:99,(anonymous_0)
FNDA:99,(anonymous_1)
FNDA:99,(anonymous_2)
FNDA:99,(anonymous_3)
FNDA:99,(anonymous_4)
FNDA:99,(anonymous_5)
FNDA:99,(anonymous_6)
DA:10,42
DA:12,99
DA:14,99
DA:17,42
DA:23,42
DA:24,99
DA:25,99
DA:28,42
DA:36,42
DA:37,99
DA:38,99
DA:41,42
DA:43,99
LF:13
LH:13
BRF:0
BRH:0
end_of_record
TN:
SF:../ui/src/pages/Home/Home.jsx
FN:18,(anonymous_0)
FN:20,(anonymous_1)
FNF:2
FNH:0
FNDA:0,(anonymous_0)
FNDA:0,(anonymous_1)
DA:18,42
DA:20,42
DA:21,0
LF:3
LH:2
BRF:0
BRH:0
end_of_record
TN:
SF:../ui/src/pages/Home/Home.styles.js
FN:14,(anonymous_0)
FN:17,(anonymous_1)
FN:21,(anonymous_2)
FN:26,(anonymous_3)
FN:33,(anonymous_4)
FN:41,(anonymous_5)
FN:45,(anonymous_6)
FN:51,(anonymous_7)
FN:52,(anonymous_8)
FN:53,(anonymous_9)
FN:57,(anonymous_10)
FN:65,(anonymous_11)
FNF:12
FNH:0
FNDA:0,(anonymous_0)
FNDA:0,(anonymous_1)
FNDA:0,(anonymous_2)
FNDA:0,(anonymous_3)
FNDA:0,(anonymous_4)
FNDA:0,(anonymous_5)
FNDA:0,(anonymous_6)
FNDA:0,(anonymous_7)
FNDA:0,(anonymous_8)
FNDA:0,(anonymous_9)
FNDA:0,(anonymous_10)
FNDA:0,(anonymous_11)
DA:12,42
DA:14,0
DA:17,0
DA:21,0
DA:26,0
DA:31,42
DA:33,0
DA:36,42
DA:40,42
DA:41,0
DA:44,42
DA:45,0
DA:48,42
DA:51,0
DA:52,0
DA:53,0
DA:57,0
DA:64,42
DA:65,0
LF:19
LH:7
BRF:0
BRH:0
end_of_record
TN:
SF:../ui/src/pages/SubmitAPI/SubmitAPI.jsx
FN:14,(anonymous_0)
FN:32,(anonymous_1)
FNF:2
FNH:0
FNDA:0,(anonymous_0)
FNDA:0,(anonymous_1)
DA:14,42
DA:15,0
DA:32,0
DA:44,42
DA:50,42
LF:5
LH:3
BRF:0
BRH:0
end_of_record
TN:
SF:../ui/src/pages/SubmitAPI/SubmitAPI.styles.jsx
FN:7,(anonymous_0)
FN:9,(anonymous_1)
FN:20,(anonymous_2)
FN:21,(anonymous_3)
FN:22,(anonymous_4)
FN:23,(anonymous_5)
FN:27,(anonymous_6)
FN:28,(anonymous_7)
FN:29,(anonymous_8)
FNF:9
FNH:0
FNDA:0,(anonymous_0)
FNDA:0,(anonymous_1)
FNDA:0,(anonymous_2)
FNDA:0,(anonymous_3)
FNDA:0,(anonymous_4)
FNDA:0,(anonymous_5)
FNDA:0,(anonymous_6)
FNDA:0,(anonymous_7)
FNDA:0,(anonymous_8)
DA:6,42
DA:7,0
DA:9,0
DA:12,42
DA:20,0
DA:21,0
DA:22,0
DA:23,0
DA:27,0
DA:28,0
DA:29,0
LF:11
LH:2
BRF:0
BRH:0
end_of_record
TN:
SF:../ui/src/pages/SubmitAPIForm/SubmitAPIForm.jsx
FN:51,(anonymous_0)
FN:62,(anonymous_1)
FN:124,(anonymous_2)
FN:147,(anonymous_3)
FN:151,(anonymous_4)
FN:160,(anonymous_5)
FN:185,(anonymous_6)
FN:201,(anonymous_7)
FN:211,(anonymous_8)
FN:216,(anonymous_9)
FN:229,(anonymous_10)
FN:233,(anonymous_11)
FN:242,(anonymous_12)
FN:263,(anonymous_13)
FNF:14
FNH:0
FNDA:0,(anonymous_0)
FNDA:0,(anonymous_1)
FNDA:0,(anonymous_2)
FNDA:0,(anonymous_3)
FNDA:0,(anonymous_4)
FNDA:0,(anonymous_5)
FNDA:0,(anonymous_6)
FNDA:0,(anonymous_7)
FNDA:0,(anonymous_8)
FNDA:0,(anonymous_9)
FNDA:0,(anonymous_10)
FNDA:0,(anonymous_11)
FNDA:0,(anonymous_12)
FNDA:0,(anonymous_13)
DA:15,42
DA:51,42
DA:55,0
DA:62,42
DA:63,0
DA:66,0
DA:67,0
DA:68,0
DA:69,0
DA:70,0
DA:72,0
DA:77,0
DA:86,0
DA:87,0
DA:95,0
DA:96,0
DA:104,0
DA:105,0
DA:111,0
DA:112,0
DA:120,0
DA:125,0
DA:127,0
DA:128,0
DA:129,0
DA:132,0
DA:143,0
DA:144,0
DA:148,0
DA:152,0
DA:157,0
DA:163,0
DA:164,0
DA:166,0
DA:167,0
DA:168,0
DA:169,0
DA:174,0
DA:176,0
DA:177,0
DA:181,0
DA:186,0
DA:194,0
DA:195,0
DA:197,0
DA:201,0
DA:202,0
DA:204,0
DA:205,0
DA:208,0
DA:211,0
DA:212,0
DA:213,0
DA:217,0
DA:220,0
DA:221,0
DA:223,0
DA:230,0
DA:231,0
DA:232,0
DA:233,0
DA:235,0
DA:237,0
DA:238,0
DA:248,0
DA:250,0
DA:264,0
LF:67
LH:3
BRDA:55,0,0,0
BRDA:55,0,1,0
BRDA:86,1,0,0
BRDA:86,1,1,0
BRDA:95,2,0,0
BRDA:95,2,1,0
BRDA:104,3,0,0
BRDA:104,3,1,0
BRDA:111,4,0,0
BRDA:111,4,1,0
BRDA:148,5,0,0
BRDA:148,5,1,0
BRDA:157,6,0,0
BRDA:157,6,1,0
BRDA:194,7,0,0
BRDA:194,7,1,0
BRDA:204,8,0,0
BRDA:204,8,1,0
BRDA:220,9,0,0
BRDA:220,9,1,0
BRDA:252,10,0,0
BRDA:252,10,1,0
BRDA:258,11,0,0
BRDA:258,11,1,0
BRF:24
BRH:0
end_of_record
TN:
SF:../ui/src/pages/SubmitAPIForm/validationSchema.js
FN:36,(anonymous_0)
FNF:1
FNH:0
FNDA:0,(anonymous_0)
DA:16,42
DA:26,42
DA:37,0
DA:95,42
LF:4
LH:3
BRDA:37,0,0,0
BRDA:37,0,1,0
BRF:2
BRH:0
end_of_record
TN:
SF:../ui/src/pages/SubmitAPIForm/yup-translations.js
FN:14,(anonymous_0)
FNF:1
FNH:0
FNDA:0,(anonymous_0)
DA:9,42
DA:14,0
DA:17,42
DA:29,42
DA:40,42
DA:45,42
DA:47,42
DA:52,42
LF:8
LH:7
BRF:0
BRH:0
end_of_record
TN:
SF:../ui/src/pages/SubmitAPIMergeRequest/SubmitAPIMergeRequest.jsx
FN:53,(anonymous_0)
FNF:1
FNH:0
FNDA:0,(anonymous_0)
DA:9,42
DA:10,42
DA:11,42
DA:53,42
DA:54,0
LF:5
LH:4
BRF:0
BRH:0
end_of_record
TN:
SF:../ui/src/pages/SubmitCode/SubmitCode.jsx
FN:9,(anonymous_0)
FNF:1
FNH:0
FNDA:0,(anonymous_0)
DA:9,42
DA:10,0
LF:2
LH:1
BRF:0
BRH:0
end_of_record
TN:
SF:../ui/src/pages/SubmitCode/SubmitCode.styles.jsx
FN:8,(anonymous_0)
FN:10,(anonymous_1)
FNF:2
FNH:0
FNDA:0,(anonymous_0)
FNDA:0,(anonymous_1)
DA:7,42
DA:8,0
DA:10,0
DA:13,42
LF:4
LH:2
BRF:0
BRH:0
end_of_record
TN:
SF:../ui/src/pages/SubmitEvent/SubmitEvent.jsx
FN:9,(anonymous_0)
FNF:1
FNH:1
FNDA:8,(anonymous_0)
DA:9,42
DA:10,8
LF:2
LH:2
BRF:0
BRH:0
end_of_record
TN:
SF:../ui/src/pages/SubmitEvent/SubmitEvent.styles.jsx
FN:8,(anonymous_0)
FN:10,(anonymous_1)
FNF:2
FNH:2
FNDA:4,(anonymous_0)
FNDA:4,(anonymous_1)
DA:7,42
DA:8,4
DA:10,4
DA:13,42
LF:4
LH:4
BRF:0
BRH:0
end_of_record
TN:
SF:../ui/src/theme/index.js
FN:55,(anonymous_0)
FNF:1
FNH:1
FNDA:126,(anonymous_0)
DA:6,42
DA:11,42
DA:18,42
DA:20,42
DA:30,42
DA:36,42
DA:37,42
DA:38,42
DA:39,42
DA:40,42
DA:42,42
DA:43,42
DA:46,42
DA:47,42
DA:50,42
DA:53,42
DA:55,126
LF:17
LH:17
BRF:0
BRH:0
end_of_record
TN:
SF:../ui/src/theme/mediaQueries.js
FN:20,(anonymous_0)
FN:28,(anonymous_1)
FN:43,(anonymous_2)
FN:61,(anonymous_3)
FN:80,(anonymous_4)
FN:81,(anonymous_5)
FN:82,(anonymous_6)
FNF:7
FNH:7
FNDA:1428,(anonymous_0)
FNDA:1134,(anonymous_1)
FNDA:882,(anonymous_2)
FNDA:3444,(anonymous_3)
FNDA:1134,(anonymous_4)
FNDA:882,(anonymous_5)
FNDA:1428,(anonymous_6)
DA:8,42
DA:9,42
DA:20,1428
DA:28,42
DA:29,1134
DA:32,1134
DA:34,1134
DA:43,42
DA:44,882
DA:47,882
DA:49,882
DA:61,3444
DA:67,42
DA:69,42
DA:70,168
DA:73,168
DA:74,168
DA:75,0
DA:80,1134
DA:81,882
DA:82,1428
LF:21
LH:20
BRDA:32,0,0,0
BRDA:32,0,1,1134
BRDA:47,1,0,0
BRDA:47,1,1,882
BRDA:74,2,0,0
BRDA:74,2,1,168
BRF:6
BRH:3
end_of_record
TN:
SF:../ui/src/utils/objectKeysToCamelCase.js
FN:6,objectKeysToCamelCase
FN:8,(anonymous_1)
FN:14,(anonymous_2)
FNF:3
FNH:0
FNDA:0,objectKeysToCamelCase
FNDA:0,(anonymous_1)
FNDA:0,(anonymous_2)
DA:7,0
DA:8,0
DA:9,0
DA:11,0
DA:12,0
DA:14,0
DA:15,0
DA:16,0
DA:19,0
DA:22,0
LF:10
LH:0
BRDA:7,0,0,0
BRDA:7,0,1,0
BRDA:11,1,0,0
BRDA:11,1,1,0
BRDA:11,2,0,0
BRDA:11,2,1,0
BRF:6
BRH:0
end_of_record
TN:
SF:../ui/src/utils/objectKeysToSnakeCase.js
FN:6,objectKeysToSnakeCase
FN:8,(anonymous_1)
FN:14,(anonymous_2)
FNF:3
FNH:0
FNDA:0,objectKeysToSnakeCase
FNDA:0,(anonymous_1)
FNDA:0,(anonymous_2)
DA:7,0
DA:8,0
DA:9,0
DA:11,0
DA:12,0
DA:14,0
DA:15,0
DA:16,0
DA:19,0
DA:22,0
LF:10
LH:0
BRDA:7,0,0,0
BRDA:7,0,1,0
BRDA:11,1,0,0
BRDA:11,1,1,0
BRDA:11,2,0,0
BRDA:11,2,1,0
BRF:6
BRH:0
end_of_record
TN:
SF:../ui/src/utils/prettyDateTimes.js
FN:30,(anonymous_0)
FNF:1
FNH:1
FNDA:5700,(anonymous_0)
DA:5,42
DA:15,42
DA:30,42
DA:31,5700
DA:32,2052
DA:35,3648
LF:6
LH:6
BRDA:31,0,0,2052
BRDA:31,0,1,3648
BRF:2
BRH:2
end_of_record
TN:
SF:../ui/src/utils/timeAgo.js
FN:11,(anonymous_0)
FN:23,(anonymous_1)
FNF:2
FNH:0
FNDA:0,(anonymous_0)
FNDA:0,(anonymous_1)
DA:8,42
DA:12,0
DA:13,0
DA:14,0
DA:17,0
DA:23,42
DA:24,0
LF:7
LH:2
BRDA:12,0,0,0
BRDA:12,0,1,0
BRF:2
BRH:0
end_of_record
TN:
SF:../ui/src/utils/uriHelpers.js
FN:4,generateQueryParams
FN:7,(anonymous_1)
FN:12,(anonymous_2)
FNF:3
FNH:2
FNDA:50,generateQueryParams
FNDA:100,(anonymous_1)
FNDA:0,(anonymous_2)
DA:5,50
DA:7,50
DA:8,100
DA:10,100
DA:11,0
DA:12,0
DA:14,100
DA:18,50
LF:8
LH:6
BRDA:8,0,0,0
BRDA:8,0,1,100
BRDA:10,1,0,0
BRDA:10,1,1,100
BRF:4
BRH:2
end_of_record
TN:
SF:../ui/src/utils/hooks/index.js
FNF:0
FNH:0
LF:0
LH:0
BRF:0
BRH:0
end_of_record
TN:
SF:../ui/src/utils/hooks/useToggleState.js
FN:6,(anonymous_0)
FN:8,(anonymous_1)
FNF:2
FNH:1
FNDA:54,(anonymous_0)
FNDA:0,(anonymous_1)
DA:7,54
DA:8,54
DA:9,0
DA:11,54
LF:4
LH:3
BRDA:9,0,0,0
BRDA:9,0,1,0
BRF:2
BRH:0
end_of_record
